S0
S1
S2
S3
S4
S5
S6
S7
S8
S9
S0
S0
S0
S1
S0
S2
S0
S3
S0
S4
S0
S5
S0
S6
S0
S7
S0
S8
S0
S9
S1
S0
S1
S1
S1
S2

0
1
2
0
0
0
1
0
2
1
0
1
1
1
2
2
0
2
1
2
2
0
0
0
0
0
1
0
0
2
0
1
0
0
1
1

a
b
c
d
e
f
g
h
i
j
k
l
m
n
o
p
q
r
s
t
u
v
w
x
y
z
a
a
a
b
a
c
a
d
a
e

A
B
C
D
A
A
A
B
A
C
A
D
B
A
B
B
B
C
B
D
C
A
C
B
C
C
C
D
D
A
D
B
D
C
D
D

A
B
A
A
A
B
B
A
B
B
A
A
A
A
A
B
A
B
A
A
B
B
B
A
A
B
A
B
B
B
A
B
B
B
A
A

b

e

a

g

d

a

h

k

d

n

f

h

k

e

f

c

d

p

b

c

a

Juarez
Juarez
Juarez
Paulino
Juarez

