Case #1:
0.5000000000
0.5000000000
0.5000000000
Case #2:
0.6458333333
0.3680555556
0.6041666667
0.3958333333
Case #3:
0.5553505291
0.6470694444
0.4548487103
0.5149107143
0.3935039683
0.4497678571
0.5128869048
0.6669791667
0.3037400794
0.5769477513
Case #4:
0.6250000000
0.5972222222
0.5694444444
0.5416666667
0.5138888889
0.4861111111
0.4583333333
0.4305555556
0.4027777778
0.3750000000
Case #5:
0.4750000000
0.3750000000
0.5250000000
0.5750000000
0.5750000000
0.4750000000
Case #6:
0.5456283069
0.4210487528
0.6452834467
0.4041666667
0.5545370370
0.4951865079
0.4501428571
0.4823752834
0.4866298186
Case #7:
0.5000000000
0.5000000000
0.5000000000
0.5000000000
0.5000000000
0.5000000000
0.5000000000
0.5000000000
0.5000000000
Case #8:
0.3125000000
0.3291666667
0.4766666667
0.5041666667
0.4541666667
0.7041666667
0.3125000000
0.6875000000
0.6875000000
0.5266666667
Case #9:
0.4444444444
0.7222222222
0.1250000000
0.6388888889
0.4444444444
Case #10:
0.3395833333
0.5065104167
0.4440104167
0.6270833333
0.4930555556
0.5770833333
Case #11:
0.5392617985
0.5032614087
0.4706632653
0.5492913832
0.4474651765
0.4944081278
0.6690476190
0.4543745276
0.4322916667
0.5191043084
Case #12:
0.3472222222
0.7500000000
0.6863425926
0.0520833333
0.9722222222
0.4502314815
0.3645833333
0.6909722222
0.2500000000
0.6319444444
Case #13:
0.5176851852
0.5588789683
0.5848115079
0.4536359127
0.3586160714
0.4538442460
0.4536623677
0.4789980159
0.6462896825
Case #14:
0.4861111111
0.5694444444
0.5138888889
0.4027777778
0.5416666667
0.6250000000
0.3750000000
0.4583333333
0.5972222222
0.4305555556
Case #15:
0.0000000000
0.1875000000
0.2500000000
0.5000000000
0.7500000000
0.8125000000
1.0000000000
Case #16:
0.3849454365
0.5657277494
0.5327008929
0.4963314909
0.4346960034
0.4573008787
0.4438839286
0.6247197421
0.5356010251
Case #17:
0.5486111111
0.4791666667
0.3541666667
0.6041666667
Case #18:
0.4583333333
0.3125000000
0.2708333333
0.4791666667
0.7187500000
0.6805555556
Case #19:
0.6180555556
0.6388888889
0.4872685185
0.3020833333
0.6614583333
0.5208333333
0.3697916667
0.4184027778
0.5000000000
0.5208333333
Case #20:
0.4861111111
0.2395833333
0.5138888889
0.5416666667
0.4756944444
0.6562500000
0.3472222222
0.6736111111
