A: 68 B: -428
A: 465 B: -463
A: 211 B: -116
A: -182 B: -101
A: 493 B: 435
A: -291 B: -406
A: 419 B: -254
A: -460 B: 68
A: 65 B: -69
A: 101 B: 276
A: -338 B: 214
A: -139 B: 443
A: -199 B: -98
A: 236 B: -373
A: 381 B: 339
A: 259 B: -326
A: -370 B: -461
A: -190 B: -116
A: -484 B: -149
A: 447 B: -251
A: 310 B: 16
A: 131 B: -25
A: 204 B: -173
A: -434 B: 474
A: -232 B: 219
A: 305 B: 233
A: 48 B: -44
A: -426 B: -72
A: -264 B: 173
A: 395 B: 132
A: 62 B: -96
A: 232 B: -271
A: 209 B: -500
A: -17 B: 189
A: 170 B: -224
A: 288 B: 76
A: 243 B: 93
A: -145 B: -87
A: 99 B: -451
A: -329 B: -294
A: 407 B: 392
A: -486 B: -205
A: 70 B: -285
A: 442 B: -477
A: -275 B: -267
A: -192 B: -402
A: 73 B: 319
A: 365 B: -203
A: 242 B: 23
A: 104 B: 352
A: 281 B: 59
A: -455 B: 452
A: -162 B: -156
A: -240 B: 209
A: 290 B: -285
A: 141 B: -118
A: 441 B: -489
A: -192 B: 324
A: -378 B: -114
A: 360 B: -224
A: 58 B: 493
A: -458 B: -491
A: -365 B: 399
A: -116 B: -171
A: -8 B: 389
A: 497 B: 163
A: -481 B: -21
A: -347 B: -175
A: -354 B: 11
A: -404 B: 389
A: -191 B: 485
A: 214 B: 453
A: 295 B: -328
A: -428 B: -70
A: -291 B: -53
A: -38 B: -267
A: 291 B: -149
A: 105 B: -359
A: 239 B: -69
A: 20 B: 374
