Word: banana
Word: caravan
caravan
pajamas
caravan
pajamas
caravan
pajamas
Word: pajamas
caravan
pajamas
caravan
pajamas
caravan
pajamas
Word: banana
Word: caravan
caravan
pajamas
caravan
pajamas
caravan
pajamas
caravan
pajamas
caravan
pajamas
caravan
pajamas
Word: pajamas
caravan
pajamas
caravan
pajamas
caravan
pajamas
caravan
pajamas
caravan
pajamas
caravan
pajamas
Case #1: pajamas caravan
Word: potato
potato
tomato
garlic
pepper
potato
tomato
garlic
pepper
potato
tomato
garlic
pepper
potato
tomato
garlic
pepper
potato
tomato
garlic
pepper
potato
tomato
garlic
pepper
potato
tomato
garlic
pepper
Word: tomato
potato
tomato
garlic
pepper
potato
tomato
garlic
pepper
potato
tomato
garlic
pepper
potato
tomato
garlic
pepper
potato
tomato
garlic
pepper
potato
tomato
garlic
pepper
potato
tomato
garlic
pepper
Word: garlic
potato
tomato
garlic
pepper
potato
tomato
garlic
pepper
potato
tomato
garlic
pepper
potato
tomato
garlic
pepper
potato
tomato
garlic
pepper
potato
tomato
garlic
pepper
potato
tomato
garlic
pepper
garlic
pepper
garlic
pepper
Word: pepper
potato
tomato
garlic
pepper
potato
tomato
garlic
pepper
potato
tomato
garlic
pepper
potato
tomato
garlic
pepper
potato
tomato
garlic
pepper
potato
tomato
garlic
pepper
potato
tomato
garlic
pepper
garlic
pepper
garlic
pepper
Case #2: garlic
