Case #1: 4 3
o 1 1
+ 1 2
x 2 2
Case #2: 2 0
Case #3: 6 2
x 1 2
o 2 3
Case #4: 264 167
o 1 1
x 2 2
+ 2 100
x 3 3
+ 3 100
x 4 4
+ 4 100
x 5 5
+ 5 100
x 6 6
+ 6 100
x 7 7
+ 7 100
x 8 8
+ 8 100
x 9 9
+ 9 100
x 10 10
x 11 11
+ 11 100
x 12 12
+ 12 100
x 13 13
+ 13 100
x 14 14
+ 14 100
x 15 15
+ 15 100
x 16 16
+ 16 100
x 17 17
+ 17 100
x 18 18
+ 18 100
x 19 19
+ 19 100
x 20 20
+ 20 100
x 21 21
+ 21 100
x 22 22
+ 22 100
x 23 23
+ 23 100
x 24 24
+ 24 100
x 25 25
x 26 26
x 27 27
+ 27 100
x 28 28
+ 28 100
x 29 29
+ 29 100
x 30 30
+ 30 100
x 31 31
x 32 32
+ 32 100
x 33 33
+ 33 100
x 34 34
x 35 35
+ 35 100
x 36 36
+ 36 100
x 37 37
+ 37 100
x 38 38
x 39 39
x 40 40
x 41 41
+ 41 100
x 42 42
x 43 43
x 44 44
x 45 45
+ 45 100
x 46 46
+ 46 100
x 47 47
+ 47 100
x 48 48
+ 48 100
x 49 49
+ 49 100
x 50 50
+ 50 100
x 51 51
+ 51 100
x 52 52
+ 52 100
x 53 53
x 54 54
+ 54 100
x 55 55
x 56 56
+ 56 100
x 57 57
x 58 58
+ 58 100
x 59 59
x 60 60
x 61 61
+ 61 100
x 62 62
x 63 63
+ 63 100
x 64 64
+ 64 100
x 65 65
+ 65 100
x 66 66
x 67 67
x 68 68
x 69 69
x 70 70
x 71 71
x 72 72
x 73 73
x 74 74
+ 74 100
x 75 75
x 76 76
x 77 77
x 78 78
x 79 79
x 80 80
x 81 81
x 82 82
+ 82 100
x 83 83
+ 83 100
x 84 84
x 85 85
x 86 86
x 87 87
x 88 88
x 89 89
x 90 90
x 91 91
x 92 92
x 93 93
x 94 94
x 95 95
x 96 96
x 97 97
x 98 98
x 99 99
+ 100 10
+ 100 25
+ 100 26
+ 100 31
+ 100 34
+ 100 39
+ 100 40
+ 100 42
+ 100 43
+ 100 55
+ 100 59
+ 100 60
+ 100 68
+ 100 76
+ 100 78
+ 100 79
+ 100 87
x 100 100
Case #5: 272 172
+ 1 4
x 1 5
+ 1 6
+ 1 8
+ 1 13
+ 1 15
+ 1 18
+ 1 25
+ 1 29
+ 1 31
+ 1 33
+ 1 39
+ 1 40
+ 1 43
+ 1 48
+ 1 49
+ 1 53
+ 1 54
+ 1 55
+ 1 59
+ 1 60
+ 1 61
+ 1 62
+ 1 64
+ 1 66
+ 1 69
+ 1 70
+ 1 72
+ 1 73
+ 1 79
+ 1 80
+ 1 81
+ 1 82
+ 1 83
+ 1 84
+ 1 85
+ 1 86
+ 1 87
+ 1 88
+ 1 89
+ 1 91
+ 1 93
+ 1 95
+ 1 97
+ 1 98
+ 1 99
x 5 8
+ 5 100
+ 7 100
+ 9 100
x 10 11
+ 11 100
x 18 12
x 22 13
+ 23 100
x 24 15
+ 24 100
+ 25 100
+ 26 100
x 27 16
+ 27 100
x 29 17
x 30 18
x 31 19
+ 33 100
x 34 24
+ 34 100
x 35 29
+ 36 100
x 37 34
+ 38 100
x 41 36
x 42 43
+ 43 100
+ 44 100
+ 45 100
x 46 46
x 47 47
x 48 52
+ 49 100
+ 50 100
+ 51 100
x 52 54
+ 54 100
x 55 55
+ 55 100
+ 56 100
x 57 56
x 59 59
+ 60 100
x 61 60
x 62 62
x 63 63
+ 65 100
+ 66 100
x 69 64
+ 69 100
+ 71 100
x 72 66
x 74 68
+ 77 100
x 78 73
x 79 76
x 80 79
+ 80 100
+ 82 100
x 83 80
x 84 82
+ 84 100
x 85 87
x 86 88
x 87 89
x 88 90
x 89 92
x 90 94
x 91 95
+ 91 100
x 92 98
x 97 99
x 98 100
+ 100 2
+ 100 3
+ 100 4
+ 100 6
+ 100 8
+ 100 10
+ 100 12
+ 100 13
+ 100 14
+ 100 15
+ 100 16
+ 100 17
+ 100 18
+ 100 19
+ 100 20
+ 100 21
+ 100 22
+ 100 28
+ 100 29
+ 100 30
+ 100 31
+ 100 32
+ 100 35
+ 100 37
+ 100 39
+ 100 40
+ 100 41
+ 100 42
+ 100 46
+ 100 47
+ 100 48
+ 100 52
+ 100 57
o 100 58
+ 100 59
+ 100 61
+ 100 62
+ 100 63
+ 100 64
+ 100 70
+ 100 72
+ 100 73
+ 100 74
+ 100 76
+ 100 78
+ 100 83
+ 100 85
+ 100 89
+ 100 90
+ 100 92
+ 100 93
+ 100 96
Case #6: 263 186
o 1 1
+ 1 16
+ 1 17
+ 1 20
+ 1 37
+ 1 43
+ 1 47
+ 1 64
+ 1 73
+ 1 76
+ 1 77
+ 1 79
+ 1 88
+ 1 91
+ 1 92
+ 1 94
+ 1 97
+ 1 99
x 2 2
x 3 3
+ 3 100
x 4 4
x 5 5
+ 5 100
x 6 6
+ 6 100
x 7 7
x 8 8
+ 8 100
x 9 9
x 10 10
x 11 11
+ 11 100
x 12 12
x 14 13
+ 14 100
x 15 14
+ 15 100
x 16 15
+ 16 100
x 17 16
x 18 17
+ 18 100
x 19 18
+ 19 100
x 20 19
+ 20 100
x 21 20
+ 21 100
x 23 21
+ 23 100
x 24 22
x 25 23
x 26 24
+ 26 100
x 27 25
+ 27 100
x 28 26
x 29 27
+ 29 100
x 30 28
+ 30 100
x 31 29
+ 31 100
x 32 30
+ 32 100
x 33 32
x 34 33
+ 34 100
x 35 34
+ 35 100
x 36 35
+ 36 100
x 37 36
x 38 37
x 39 38
+ 39 100
x 40 39
+ 40 100
x 41 40
+ 41 100
x 42 41
x 43 42
+ 43 100
x 44 43
+ 44 100
x 45 44
+ 45 100
x 46 45
+ 46 100
x 47 46
+ 47 100
x 48 47
+ 48 100
x 49 48
+ 49 100
x 50 49
+ 50 100
x 51 50
x 52 51
+ 52 100
x 53 52
x 55 53
+ 55 100
x 56 55
+ 56 100
x 57 56
x 58 57
x 59 58
+ 59 100
x 60 59
+ 60 100
x 61 60
+ 61 100
x 62 61
+ 62 100
x 63 62
x 64 63
x 65 64
x 66 65
+ 66 100
x 67 66
x 68 67
x 69 68
x 70 69
x 71 70
+ 71 100
x 72 71
+ 72 100
x 73 73
x 74 74
x 75 75
+ 75 100
x 76 76
+ 76 100
x 77 77
x 78 78
x 79 79
+ 79 100
x 81 80
x 82 81
x 83 82
x 84 83
x 85 84
x 86 85
+ 86 100
x 87 86
x 88 87
x 89 89
x 90 90
x 91 91
x 92 92
x 93 93
x 94 94
x 95 95
x 96 96
x 97 97
x 98 98
x 99 99
+ 100 2
+ 100 4
+ 100 7
+ 100 9
+ 100 10
+ 100 12
+ 100 13
+ 100 17
+ 100 24
+ 100 25
+ 100 28
+ 100 33
+ 100 37
+ 100 38
+ 100 42
+ 100 51
+ 100 53
+ 100 54
+ 100 65
+ 100 69
+ 100 70
+ 100 74
+ 100 77
+ 100 80
+ 100 83
+ 100 89
x 100 100
Case #7: 258 164
o 1 1
x 2 2
+ 2 100
x 3 3
+ 3 100
x 4 4
+ 4 100
x 5 5
x 6 6
+ 6 100
x 7 7
+ 7 100
x 8 8
+ 8 100
x 9 9
+ 9 100
x 10 10
+ 10 100
x 11 11
+ 11 100
x 12 12
+ 12 100
x 13 13
+ 13 100
x 14 14
+ 14 100
x 15 15
+ 15 100
x 16 16
+ 16 100
x 17 17
+ 17 100
x 18 18
+ 18 100
x 19 19
+ 19 100
x 20 20
+ 20 100
x 21 21
+ 21 100
x 22 22
+ 22 100
x 23 23
+ 23 100
x 24 24
+ 24 100
x 25 25
+ 25 100
x 26 26
+ 26 100
x 27 27
+ 27 100
x 28 28
+ 28 100
x 29 29
x 30 30
+ 30 100
x 31 31
+ 31 100
x 32 32
+ 32 100
x 33 33
+ 33 100
x 34 34
x 35 35
+ 35 100
x 36 36
x 37 37
x 38 38
x 39 39
+ 39 100
x 40 40
+ 40 100
x 41 41
x 42 42
+ 42 100
x 43 43
+ 43 100
x 44 44
+ 44 100
x 45 45
+ 45 100
x 46 46
+ 46 100
x 47 47
x 48 48
+ 48 100
x 49 49
+ 49 100
x 50 50
+ 50 100
x 51 51
+ 51 100
x 52 52
+ 52 100
x 53 53
x 54 54
+ 54 100
x 55 55
+ 55 100
x 56 56
x 57 57
+ 57 100
x 58 58
+ 58 100
x 59 59
+ 59 100
x 60 60
+ 60 100
x 61 61
+ 61 100
x 62 62
x 63 63
+ 63 100
x 64 64
x 65 65
+ 65 100
x 66 66
x 67 67
x 68 68
x 69 69
+ 69 100
x 70 70
+ 70 100
x 71 71
+ 71 100
x 72 72
x 73 73
+ 73 100
x 74 74
x 75 75
x 76 76
x 77 77
x 78 78
x 79 79
x 80 80
x 81 81
x 82 82
x 83 83
x 84 84
x 85 85
x 86 86
x 87 87
x 88 88
x 89 89
x 90 90
x 91 91
x 92 92
x 93 93
x 94 94
x 95 95
x 96 96
x 97 97
x 98 98
x 99 99
+ 100 5
+ 100 29
+ 100 37
+ 100 56
+ 100 62
+ 100 75
+ 100 76
+ 100 80
x 100 100
Case #8: 245 134
x 1 1
+ 1 2
+ 1 3
+ 1 8
+ 1 10
+ 1 14
+ 1 15
+ 1 19
+ 1 20
+ 1 23
+ 1 27
+ 1 28
+ 1 29
+ 1 30
+ 1 31
+ 1 33
+ 1 36
+ 1 39
+ 1 42
+ 1 44
+ 1 48
+ 1 50
+ 1 56
+ 1 58
+ 1 59
+ 1 60
+ 1 61
+ 1 62
+ 1 63
+ 1 64
+ 1 69
+ 1 70
+ 1 71
+ 1 72
+ 1 76
+ 1 79
+ 1 80
+ 1 83
+ 1 84
+ 1 86
+ 1 87
+ 1 90
+ 1 92
+ 1 93
+ 1 94
x 2 2
o 3 3
x 5 4
x 6 6
x 7 7
+ 7 95
x 8 8
+ 8 95
x 9 10
x 10 12
x 14 13
+ 14 95
x 15 15
+ 15 95
x 18 18
+ 21 1
x 21 19
x 22 21
+ 22 95
x 23 22
x 24 23
x 28 24
+ 28 95
x 29 25
x 30 26
x 32 30
x 34 31
x 35 36
+ 38 1
x 41 38
+ 42 95
x 43 39
x 47 40
x 49 47
+ 50 95
x 51 51
x 52 54
x 60 58
x 63 59
x 65 62
+ 66 1
x 67 63
x 69 66
x 70 70
x 71 71
x 74 73
x 75 75
+ 77 1
x 77 76
x 78 77
x 81 78
x 83 79
+ 83 95
x 86 86
x 88 87
x 91 90
+ 91 95
x 92 91
+ 95 2
+ 95 9
+ 95 10
+ 95 12
+ 95 18
+ 95 24
+ 95 25
+ 95 26
+ 95 34
+ 95 35
+ 95 37
+ 95 40
+ 95 41
+ 95 46
+ 95 48
+ 95 53
+ 95 54
+ 95 56
+ 95 57
+ 95 59
+ 95 62
+ 95 63
+ 95 68
+ 95 69
+ 95 71
+ 95 73
+ 95 74
+ 95 79
+ 95 90
+ 95 92
o 95 93
Case #9: 170 0
Case #10: 259 161
o 1 1
x 2 2
+ 2 100
x 3 3
+ 3 100
x 4 4
+ 4 100
x 5 5
+ 5 100
x 6 6
+ 6 100
x 7 7
+ 7 100
x 8 8
+ 8 100
x 9 9
+ 9 100
x 10 10
+ 10 100
x 11 11
+ 11 100
x 12 12
+ 12 100
x 13 13
+ 13 100
x 14 14
+ 14 100
x 15 15
+ 15 100
x 16 16
+ 16 100
x 17 17
x 18 18
+ 18 100
x 19 19
+ 19 100
x 20 20
+ 20 100
x 21 21
+ 21 100
x 22 22
+ 22 100
x 23 23
+ 23 100
x 24 24
+ 24 100
x 25 25
+ 25 100
x 26 26
x 27 27
+ 27 100
x 28 28
+ 28 100
x 29 29
+ 29 100
x 30 30
+ 30 100
x 31 31
+ 31 100
x 32 32
x 33 33
+ 33 100
x 34 34
+ 34 100
x 35 35
x 36 36
+ 36 100
x 37 37
x 38 38
+ 38 100
x 39 39
+ 39 100
x 40 40
+ 40 100
x 41 41
+ 41 100
x 42 42
+ 42 100
x 43 43
+ 43 100
x 44 44
+ 44 100
x 45 45
+ 45 100
x 46 46
x 47 47
x 48 48
x 49 49
+ 49 100
x 50 50
+ 50 100
x 51 51
x 52 52
x 53 53
x 54 54
x 55 55
+ 55 100
x 56 56
+ 56 100
x 57 57
x 58 58
x 59 59
x 60 60
x 61 61
+ 61 100
x 62 62
+ 62 100
x 63 63
+ 63 100
x 64 64
+ 64 100
x 65 65
x 66 66
x 67 67
x 68 68
x 69 69
+ 69 100
x 70 70
x 71 71
+ 71 100
x 72 72
x 73 73
x 74 74
+ 74 100
x 75 75
x 76 76
x 77 77
x 78 78
x 79 79
x 80 80
x 81 81
x 82 82
+ 82 100
x 83 83
+ 83 100
x 84 84
x 85 85
x 86 86
x 87 87
x 88 88
x 89 89
x 90 90
x 91 91
x 92 92
x 93 93
x 94 94
x 95 95
x 96 96
x 97 97
x 98 98
x 99 99
+ 100 32
+ 100 37
+ 100 52
+ 100 53
+ 100 54
+ 100 59
+ 100 65
+ 100 70
+ 100 75
x 100 100
Case #11: 232 123
+ 1 1
+ 1 2
+ 1 3
+ 1 4
+ 1 8
+ 1 15
+ 1 16
+ 1 19
+ 1 21
+ 1 27
+ 1 30
+ 1 33
+ 1 34
+ 1 35
+ 1 36
+ 1 37
+ 1 42
+ 1 45
+ 1 55
+ 1 61
+ 1 67
+ 1 72
+ 1 73
+ 1 76
+ 1 77
+ 1 78
+ 1 79
+ 1 87
+ 1 88
+ 1 89
x 4 1
x 5 2
+ 5 90
x 6 3
+ 6 90
x 7 6
x 8 8
x 9 10
+ 9 90
x 10 12
+ 10 90
+ 11 1
x 11 13
x 12 14
x 14 15
x 15 19
x 16 20
+ 17 90
+ 18 1
x 18 21
x 22 23
x 23 25
x 26 26
+ 26 90
x 27 30
+ 27 90
x 28 33
+ 28 90
x 29 35
+ 29 90
x 31 36
+ 32 90
x 33 39
x 34 40
+ 34 90
x 35 43
+ 38 90
x 39 45
x 41 46
+ 43 1
x 43 47
x 47 49
+ 48 1
x 48 50
x 49 54
+ 50 90
+ 51 1
+ 52 1
x 53 55
+ 54 1
x 58 56
x 60 57
+ 60 90
x 62 58
x 63 59
x 66 61
x 68 62
x 70 63
x 72 67
x 74 69
x 77 70
x 80 76
x 81 81
x 82 82
x 83 83
x 85 84
x 87 86
x 88 87
+ 90 2
+ 90 3
+ 90 15
+ 90 16
+ 90 18
+ 90 20
+ 90 30
+ 90 51
+ 90 52
+ 90 53
+ 90 54
+ 90 57
+ 90 58
+ 90 62
+ 90 65
+ 90 68
+ 90 70
+ 90 72
+ 90 76
+ 90 77
+ 90 79
+ 90 82
+ 90 84
+ 90 87
o 90 89
Case #12: 158 83
x 1 1
+ 1 4
+ 1 6
+ 1 8
+ 1 14
+ 1 15
+ 1 16
+ 1 19
+ 1 26
+ 1 27
+ 1 35
+ 1 41
+ 1 50
+ 1 51
+ 1 53
+ 1 56
+ 1 58
+ 1 59
+ 1 60
+ 1 63
+ 2 63
x 3 2
x 4 5
x 6 6
+ 7 63
+ 9 63
x 10 8
+ 10 63
x 11 11
x 13 13
x 14 15
x 16 17
+ 16 63
+ 17 63
x 18 18
x 22 20
x 23 22
x 24 24
x 25 25
x 27 26
x 28 27
x 29 28
x 30 31
x 31 32
x 32 33
x 33 35
+ 37 1
x 37 38
x 38 39
+ 39 1
x 40 42
+ 41 63
x 43 44
x 44 45
+ 45 1
x 45 46
x 46 47
x 47 48
x 50 49
x 52 50
x 53 51
+ 53 63
x 54 54
x 55 55
x 56 56
x 57 58
x 59 59
+ 59 63
x 60 62
x 61 63
+ 63 4
+ 63 5
+ 63 23
+ 63 26
+ 63 30
+ 63 37
+ 63 38
+ 63 42
+ 63 44
+ 63 46
+ 63 56
+ 63 61
+ 63 62
Case #13: 276 176
o 1 1
+ 1 3
+ 1 4
+ 1 6
+ 1 10
+ 1 17
+ 1 18
+ 1 20
+ 1 22
+ 1 23
+ 1 25
+ 1 32
+ 1 33
+ 1 36
+ 1 38
+ 1 40
+ 1 41
+ 1 42
+ 1 43
+ 1 44
+ 1 45
+ 1 49
+ 1 50
+ 1 51
+ 1 53
+ 1 55
+ 1 57
+ 1 58
+ 1 59
+ 1 60
+ 1 62
+ 1 63
+ 1 64
+ 1 65
+ 1 68
+ 1 70
+ 1 71
+ 1 73
+ 1 74
+ 1 75
+ 1 78
+ 1 79
+ 1 80
+ 1 82
+ 1 83
+ 1 84
+ 1 85
+ 1 86
+ 1 87
+ 1 88
+ 1 90
+ 1 91
+ 1 93
+ 1 94
+ 1 95
+ 1 100
+ 2 100
+ 3 100
+ 4 100
+ 5 100
x 8 2
+ 9 100
x 10 6
+ 12 100
x 13 9
x 14 14
x 16 16
x 20 20
+ 20 100
x 21 22
x 24 29
+ 24 100
+ 25 100
x 26 30
x 27 34
x 29 39
+ 29 100
x 31 42
+ 32 100
+ 34 100
+ 35 100
x 39 45
+ 40 100
x 42 49
x 47 50
+ 47 100
x 48 54
x 49 56
+ 49 100
+ 53 100
+ 55 100
x 60 57
x 62 58
+ 62 100
x 64 61
+ 64 100
x 65 62
x 67 65
x 69 67
+ 70 100
x 71 70
x 72 75
+ 72 100
+ 73 100
x 74 79
+ 75 100
x 76 82
+ 77 100
x 84 86
x 86 87
x 88 88
+ 88 100
x 92 89
+ 92 100
x 95 95
+ 100 6
+ 100 7
+ 100 8
+ 100 10
+ 100 11
+ 100 13
+ 100 14
+ 100 15
+ 100 16
+ 100 17
+ 100 18
+ 100 19
+ 100 21
+ 100 22
+ 100 23
+ 100 26
+ 100 27
+ 100 28
+ 100 30
+ 100 31
+ 100 33
+ 100 36
+ 100 38
+ 100 39
+ 100 41
+ 100 42
+ 100 44
+ 100 45
+ 100 46
+ 100 48
+ 100 50
+ 100 51
+ 100 52
+ 100 54
+ 100 57
+ 100 58
+ 100 59
+ 100 60
+ 100 61
+ 100 63
+ 100 66
+ 100 67
+ 100 68
+ 100 69
+ 100 71
+ 100 74
+ 100 76
+ 100 79
+ 100 80
+ 100 81
+ 100 83
+ 100 84
+ 100 85
+ 100 86
+ 100 87
+ 100 89
+ 100 90
+ 100 91
+ 100 96
+ 100 97
+ 100 98
Case #14: 298 0
Case #15: 26 0
Case #16: 262 173
o 1 1
+ 1 16
+ 1 36
+ 1 38
+ 1 44
+ 1 54
+ 1 56
+ 1 68
+ 1 71
+ 1 82
x 2 2
+ 2 100
+ 3 100
x 4 3
+ 4 100
x 5 5
+ 5 100
x 6 6
+ 6 100
+ 7 100
x 8 7
+ 8 100
x 9 8
+ 9 100
x 10 9
+ 10 100
x 11 10
+ 11 100
x 12 11
+ 12 100
x 13 12
+ 13 100
x 14 13
+ 14 100
x 15 14
+ 15 100
x 16 15
x 17 16
+ 17 100
+ 18 100
x 19 17
+ 20 100
x 21 18
+ 21 100
x 22 19
+ 22 100
x 23 20
+ 23 100
x 24 21
+ 24 100
x 25 22
+ 25 100
+ 26 100
x 27 23
x 28 24
+ 28 100
x 29 25
+ 29 100
x 31 26
+ 31 100
x 32 27
+ 32 100
x 33 28
x 34 29
+ 34 100
x 35 30
+ 35 100
x 36 31
+ 36 100
x 37 32
+ 37 100
x 38 33
+ 38 100
x 39 34
+ 39 100
x 40 35
x 41 36
+ 41 100
x 42 38
+ 42 100
x 43 39
x 44 40
+ 44 100
x 45 41
x 46 42
+ 46 100
x 47 43
x 48 44
+ 48 100
x 49 45
x 50 46
+ 50 100
x 51 47
+ 51 100
x 52 48
x 53 49
+ 53 100
x 54 50
x 55 51
x 56 52
+ 56 100
x 57 53
x 58 54
+ 58 100
x 59 55
+ 59 100
x 60 56
x 61 57
+ 61 100
x 62 58
x 63 60
x 64 61
+ 64 100
x 65 62
x 66 63
+ 66 100
x 67 64
+ 67 100
x 68 65
x 69 68
x 70 69
x 71 70
+ 71 100
x 72 72
+ 72 100
x 73 73
x 74 74
+ 74 100
x 75 75
x 76 76
x 77 77
x 78 78
x 79 79
+ 79 100
x 80 80
x 82 81
+ 82 100
x 83 82
x 84 83
x 85 84
x 86 85
x 87 86
x 88 88
x 89 89
+ 89 100
x 90 90
x 91 91
x 92 92
x 93 93
x 94 94
+ 94 100
x 95 95
x 96 96
x 97 97
x 98 98
x 99 99
+ 100 16
+ 100 19
+ 100 27
+ 100 30
+ 100 33
+ 100 40
+ 100 45
+ 100 47
+ 100 57
+ 100 60
+ 100 65
+ 100 75
+ 100 83
+ 100 84
+ 100 91
+ 100 93
x 100 100
Case #17: 98 51
o 1 1
+ 1 2
+ 1 3
+ 1 5
+ 1 13
+ 1 18
+ 1 22
+ 1 23
+ 1 25
+ 1 26
+ 1 27
+ 1 28
+ 1 31
+ 1 34
+ 1 35
+ 1 37
+ 1 38
x 2 3
x 3 4
x 4 5
+ 4 39
x 5 6
x 6 10
x 7 11
x 11 12
x 14 13
x 16 16
x 17 18
x 19 20
+ 20 39
x 21 22
+ 21 39
x 25 23
x 28 26
x 29 30
x 34 32
x 35 36
x 37 37
x 38 38
+ 39 3
+ 39 5
+ 39 9
+ 39 12
+ 39 23
+ 39 25
+ 39 27
+ 39 32
+ 39 36
+ 39 37
+ 39 38
x 39 39
Case #18: 278 208
+ 1 2
+ 1 3
+ 1 6
+ 1 7
+ 1 8
+ 1 9
+ 1 11
+ 1 12
+ 1 14
+ 1 15
+ 1 17
+ 1 19
+ 1 23
+ 1 25
+ 1 26
+ 1 27
+ 1 28
+ 1 29
+ 1 31
+ 1 32
+ 1 33
+ 1 35
+ 1 40
+ 1 41
+ 1 42
+ 1 43
+ 1 44
+ 1 45
+ 1 47
+ 1 48
+ 1 49
+ 1 50
+ 1 51
+ 1 53
+ 1 55
+ 1 56
+ 1 57
+ 1 58
+ 1 61
+ 1 62
+ 1 63
+ 1 64
+ 1 65
+ 1 66
+ 1 67
o 1 69
+ 1 70
+ 1 72
+ 1 73
+ 1 74
+ 1 75
+ 1 76
+ 1 79
+ 1 80
+ 1 82
+ 1 84
+ 1 86
+ 1 87
+ 1 88
+ 1 90
+ 1 92
+ 1 95
+ 1 96
+ 1 97
+ 1 98
+ 1 99
x 3 1
o 4 2
x 6 3
o 7 4
+ 7 100
x 8 10
+ 8 100
x 10 13
+ 10 100
x 11 19
+ 12 100
x 14 20
x 17 21
x 20 22
+ 20 100
x 21 23
x 22 25
x 23 26
+ 23 100
+ 24 100
x 25 27
x 28 28
x 29 29
x 30 30
x 31 32
x 32 35
x 33 36
x 34 37
x 35 38
x 36 39
x 37 40
x 38 41
+ 41 100
o 42 100
x 43 44
x 44 46
x 45 48
x 47 50
+ 47 100
x 49 52
+ 49 100
x 50 54
x 54 55
x 55 56
+ 55 100
x 58 58
x 60 60
x 61 62
x 62 63
+ 62 100
x 63 64
+ 63 100
x 65 65
x 66 68
x 67 70
+ 67 100
x 68 71
x 69 75
x 70 76
x 71 77
+ 71 100
x 74 80
x 75 81
+ 77 100
x 78 82
+ 79 100
x 80 85
x 81 86
x 82 88
x 85 89
x 86 90
x 87 92
+ 88 100
x 89 93
x 91 94
+ 91 100
x 93 96
+ 96 100
x 99 98
+ 100 2
+ 100 3
+ 100 4
+ 100 5
+ 100 6
+ 100 9
o 100 11
+ 100 13
+ 100 14
+ 100 15
+ 100 16
+ 100 17
+ 100 18
+ 100 19
+ 100 21
+ 100 22
+ 100 25
+ 100 26
+ 100 27
+ 100 28
+ 100 29
+ 100 30
+ 100 31
+ 100 32
+ 100 33
+ 100 34
+ 100 35
+ 100 36
+ 100 37
+ 100 38
+ 100 39
+ 100 40
+ 100 43
+ 100 46
+ 100 48
+ 100 50
+ 100 51
+ 100 52
+ 100 53
+ 100 54
+ 100 56
+ 100 58
+ 100 59
+ 100 61
+ 100 64
+ 100 65
+ 100 66
+ 100 68
+ 100 69
+ 100 70
+ 100 72
+ 100 73
+ 100 76
+ 100 81
+ 100 82
+ 100 84
+ 100 85
+ 100 86
+ 100 89
+ 100 92
+ 100 93
+ 100 94
+ 100 99
Case #19: 264 194
o 1 1
+ 1 20
+ 1 21
+ 1 22
+ 1 29
+ 1 43
+ 1 55
+ 1 63
+ 1 68
+ 1 72
+ 1 80
+ 1 83
+ 1 86
+ 1 87
+ 1 88
+ 1 90
+ 1 91
+ 1 93
+ 1 96
x 2 2
+ 2 100
x 3 3
+ 3 100
x 4 4
+ 4 100
x 5 5
x 6 6
+ 6 100
x 7 7
+ 7 100
x 8 8
x 9 9
+ 9 100
x 10 10
x 11 11
x 12 12
+ 12 100
x 13 13
x 14 14
x 15 15
x 16 16
+ 16 100
x 17 17
+ 17 100
x 18 18
x 19 19
+ 19 100
x 20 20
+ 20 100
x 21 21
x 22 22
+ 22 100
x 23 23
+ 23 100
x 24 24
+ 24 100
x 25 25
+ 25 100
x 26 26
x 27 27
x 28 28
x 29 29
x 30 30
+ 30 100
x 31 31
+ 31 100
x 32 32
+ 32 100
x 33 33
x 34 34
+ 34 100
x 35 35
x 36 36
+ 36 100
x 37 37
+ 37 100
x 38 38
x 39 39
+ 39 100
x 40 40
+ 40 100
x 41 41
+ 41 100
x 42 42
+ 42 100
x 43 43
+ 43 100
x 44 44
x 45 45
+ 45 100
x 46 46
x 47 47
+ 47 100
x 48 48
x 49 49
x 50 50
+ 50 100
x 51 51
x 52 52
+ 52 100
x 53 53
+ 53 100
x 54 54
x 55 55
+ 55 100
x 56 56
+ 56 100
x 57 57
x 58 58
x 59 59
+ 59 100
x 60 60
+ 60 100
x 61 61
x 62 62
x 63 63
x 64 64
+ 64 100
x 65 65
+ 65 100
x 66 66
+ 66 100
x 67 67
x 68 68
x 69 69
x 70 70
x 71 71
+ 71 100
x 72 72
x 73 73
+ 73 100
x 74 74
x 75 75
x 76 76
+ 76 100
x 77 77
x 78 78
x 79 79
x 80 80
x 81 81
x 82 82
x 83 83
x 84 84
+ 84 100
x 85 85
+ 85 100
x 86 86
x 87 87
x 88 88
x 89 89
x 90 90
x 91 91
x 92 92
x 93 93
x 94 94
x 95 95
x 96 96
x 97 97
x 98 98
x 99 99
+ 100 5
+ 100 8
+ 100 10
+ 100 11
+ 100 13
+ 100 14
+ 100 15
+ 100 18
+ 100 21
+ 100 26
+ 100 27
+ 100 28
+ 100 29
+ 100 33
+ 100 35
+ 100 38
+ 100 44
+ 100 46
+ 100 51
+ 100 54
+ 100 58
+ 100 61
+ 100 67
+ 100 69
+ 100 70
+ 100 74
+ 100 77
+ 100 80
+ 100 81
+ 100 83
+ 100 88
+ 100 91
+ 100 92
x 100 100
Case #20: 272 222
o 1 2
+ 1 7
+ 1 11
+ 1 13
+ 1 15
+ 1 18
+ 1 20
+ 1 21
+ 1 23
+ 1 24
+ 1 25
+ 1 33
+ 1 36
+ 1 37
+ 1 39
+ 1 40
+ 1 42
+ 1 43
+ 1 45
+ 1 49
+ 1 50
+ 1 51
+ 1 52
+ 1 54
+ 1 56
+ 1 58
+ 1 60
+ 1 62
+ 1 63
+ 1 64
+ 1 65
+ 1 67
+ 1 68
+ 1 71
+ 1 76
+ 1 77
+ 1 78
+ 1 81
+ 1 82
+ 1 84
+ 1 88
+ 1 89
+ 1 92
+ 1 93
+ 1 94
+ 1 95
+ 1 96
+ 1 100
x 2 3
+ 2 100
x 3 4
+ 3 100
x 4 5
+ 4 100
x 5 6
x 6 7
x 8 8
x 10 9
+ 10 100
x 11 10
+ 11 100
x 12 11
x 13 12
+ 14 100
x 15 13
+ 15 100
+ 16 100
x 17 14
x 18 15
x 19 16
x 20 17
x 21 18
+ 21 100
x 22 19
+ 22 100
x 23 20
x 24 21
x 25 22
x 26 23
+ 26 100
+ 27 100
x 28 24
+ 28 100
x 29 25
+ 29 100
x 30 26
x 31 27
x 32 28
+ 32 100
x 33 29
x 34 30
x 35 31
+ 35 100
x 36 32
x 37 33
x 38 34
x 39 35
x 40 36
x 41 37
x 42 38
+ 42 100
x 43 39
x 44 41
x 45 42
x 46 43
+ 46 100
x 47 44
x 48 45
x 49 46
x 50 47
x 51 48
x 52 49
x 53 50
+ 53 100
x 54 51
+ 54 100
x 55 52
x 56 53
x 57 54
+ 57 100
x 58 55
x 59 56
x 60 57
x 61 58
x 62 60
x 63 61
+ 63 100
x 64 62
x 65 63
x 66 64
+ 66 100
x 67 65
x 68 66
x 69 67
+ 69 100
x 70 69
x 71 70
+ 71 100
x 72 71
x 73 72
+ 73 100
x 74 73
+ 74 100
x 75 74
+ 75 100
x 76 75
x 77 76
x 78 77
x 79 78
x 80 79
x 81 80
x 82 82
x 83 83
x 84 84
x 85 85
x 86 87
x 87 88
+ 87 100
x 88 89
x 89 90
x 90 91
x 91 92
+ 91 100
+ 92 100
x 93 93
x 94 94
x 95 95
x 96 96
+ 96 100
x 97 97
x 98 98
x 99 100
+ 100 5
+ 100 6
+ 100 7
+ 100 8
+ 100 9
+ 100 12
+ 100 13
+ 100 17
+ 100 18
+ 100 19
+ 100 20
+ 100 23
+ 100 24
+ 100 25
+ 100 30
+ 100 31
+ 100 33
+ 100 34
+ 100 36
+ 100 38
+ 100 39
+ 100 41
+ 100 43
+ 100 44
+ 100 45
+ 100 47
+ 100 48
+ 100 50
+ 100 51
+ 100 55
+ 100 56
+ 100 58
+ 100 59
+ 100 60
+ 100 61
+ 100 62
+ 100 64
+ 100 65
+ 100 67
+ 100 70
+ 100 72
+ 100 76
+ 100 77
+ 100 79
+ 100 80
+ 100 82
+ 100 83
+ 100 86
+ 100 90
+ 100 95
Case #21: 151 0
Case #22: 228 122
+ 1 1
+ 1 7
+ 1 9
+ 1 13
+ 1 14
+ 1 18
+ 1 21
+ 1 23
+ 1 24
+ 1 28
+ 1 29
+ 1 36
+ 1 37
+ 1 41
+ 1 43
+ 1 47
+ 1 48
+ 1 49
+ 1 50
+ 1 56
+ 1 63
+ 1 66
+ 1 67
+ 1 68
+ 1 69
+ 1 78
+ 1 79
+ 1 83
+ 1 87
+ 1 88
+ 1 89
x 4 4
+ 4 89
x 5 9
+ 5 89
x 7 10
x 8 11
+ 8 89
x 9 12
+ 9 89
x 10 13
+ 10 89
+ 13 89
+ 14 89
x 15 18
+ 16 89
x 17 19
+ 17 89
x 18 22
+ 18 89
+ 19 89
+ 20 89
x 21 24
x 24 25
x 25 26
x 26 30
x 27 32
+ 30 1
x 31 34
x 33 36
x 34 38
+ 35 1
x 35 41
+ 37 89
x 39 42
+ 39 89
x 40 43
x 44 45
x 45 47
x 47 49
x 49 53
+ 51 89
x 52 54
x 53 56
x 54 57
x 55 59
x 56 62
x 60 64
x 62 65
x 64 66
x 65 68
+ 65 89
x 66 69
x 67 70
x 68 72
x 69 73
x 70 76
x 73 79
x 75 81
x 77 83
x 83 84
x 84 85
x 85 86
x 87 87
x 88 89
+ 89 7
+ 89 11
+ 89 12
+ 89 21
+ 89 22
+ 89 23
+ 89 28
+ 89 33
+ 89 45
+ 89 46
+ 89 47
+ 89 48
+ 89 52
+ 89 57
+ 89 62
+ 89 63
+ 89 69
+ 89 73
+ 89 74
o 89 77
+ 89 78
+ 89 81
+ 89 82
+ 89 83
+ 89 84
+ 89 86
+ 89 87
Case #23: 251 128
+ 1 2
+ 1 3
+ 1 4
+ 1 5
+ 1 9
+ 1 10
+ 1 14
+ 1 19
+ 1 21
+ 1 25
+ 1 27
+ 1 32
+ 1 36
+ 1 39
+ 1 44
+ 1 45
+ 1 46
+ 1 48
+ 1 51
+ 1 52
+ 1 54
+ 1 56
+ 1 59
+ 1 65
+ 1 67
+ 1 69
+ 1 71
+ 1 74
+ 1 77
+ 1 78
+ 1 87
+ 1 88
+ 1 91
+ 1 95
+ 1 98
x 2 3
+ 2 98
x 10 6
x 11 7
x 12 8
x 13 10
x 14 11
x 15 13
x 16 15
x 17 16
x 18 17
+ 22 1
x 22 20
x 23 22
+ 23 98
x 24 24
x 26 25
+ 26 98
x 27 26
x 34 29
+ 35 1
x 35 33
+ 36 98
x 37 35
x 38 36
x 39 38
x 40 42
x 41 43
x 43 45
x 44 47
x 49 48
x 51 51
x 52 52
x 54 56
+ 55 1
x 55 58
+ 56 98
+ 57 1
+ 58 98
x 60 59
x 61 60
x 62 63
x 63 65
x 68 70
+ 68 98
x 69 71
x 70 73
x 71 76
x 77 79
x 78 83
+ 79 98
+ 80 1
+ 81 98
x 82 85
x 84 86
+ 85 1
+ 89 1
x 89 87
x 91 91
x 94 94
x 95 95
x 96 96
+ 98 4
+ 98 12
+ 98 18
+ 98 28
+ 98 29
+ 98 30
+ 98 34
+ 98 38
+ 98 39
+ 98 40
+ 98 41
+ 98 45
+ 98 48
+ 98 49
+ 98 54
+ 98 66
+ 98 70
+ 98 71
+ 98 72
+ 98 73
+ 98 74
+ 98 75
+ 98 76
+ 98 82
+ 98 84
+ 98 85
+ 98 90
+ 98 92
+ 98 95
+ 98 97
x 98 98
Case #24: 229 128
+ 1 1
+ 1 2
+ 1 3
+ 1 4
+ 1 6
+ 1 8
+ 1 16
+ 1 18
+ 1 21
+ 1 23
+ 1 24
+ 1 25
+ 1 27
+ 1 31
+ 1 33
+ 1 34
+ 1 39
+ 1 40
+ 1 46
+ 1 49
+ 1 51
+ 1 53
+ 1 55
+ 1 59
+ 1 60
+ 1 64
+ 1 66
+ 1 70
+ 1 72
+ 1 75
+ 1 78
+ 1 79
+ 1 80
+ 1 81
+ 1 84
+ 1 86
+ 1 88
x 2 1
x 3 4
x 4 5
+ 4 88
x 5 7
+ 6 88
x 7 8
x 9 9
x 10 11
x 13 12
x 15 15
+ 15 88
x 17 16
x 18 19
x 19 20
x 20 21
+ 20 88
x 22 22
x 26 23
+ 28 88
x 29 24
x 31 25
+ 31 88
x 33 26
+ 33 88
x 36 28
+ 42 88
x 43 29
+ 44 1
+ 44 88
x 45 30
x 46 31
+ 46 88
x 47 33
x 49 36
x 50 39
x 51 41
x 53 43
x 54 45
x 56 47
x 57 49
x 59 51
+ 62 1
x 62 56
x 63 57
x 65 60
x 69 65
x 70 68
x 72 72
x 73 73
x 76 74
x 78 75
+ 80 88
x 83 80
x 85 81
x 87 85
+ 88 3
+ 88 8
+ 88 9
+ 88 11
+ 88 14
+ 88 17
+ 88 23
+ 88 29
+ 88 30
+ 88 32
+ 88 37
+ 88 38
+ 88 41
+ 88 47
+ 88 48
+ 88 50
+ 88 52
+ 88 56
+ 88 58
+ 88 60
+ 88 63
+ 88 64
+ 88 65
+ 88 68
+ 88 69
+ 88 72
+ 88 77
+ 88 78
+ 88 79
+ 88 81
+ 88 83
+ 88 84
+ 88 85
+ 88 86
x 88 88
Case #25: 81 45
+ 1 1
+ 1 3
+ 1 4
+ 1 5
+ 1 6
+ 1 7
+ 1 8
+ 1 9
+ 1 10
+ 1 13
+ 1 14
+ 1 17
+ 1 18
+ 1 20
+ 1 23
+ 1 26
+ 1 29
+ 1 31
x 4 4
+ 4 31
x 7 6
+ 8 31
x 9 8
x 11 9
x 13 11
x 14 14
x 15 15
+ 16 1
x 17 17
+ 17 31
x 18 19
x 22 22
x 23 23
x 24 25
x 25 26
x 27 28
x 28 30
+ 31 3
+ 31 11
+ 31 20
+ 31 22
+ 31 24
+ 31 25
+ 31 27
+ 31 30
Case #26: 148 0
Case #27: 255 136
+ 1 1
+ 1 3
+ 1 4
+ 1 12
+ 1 17
+ 1 19
+ 1 22
+ 1 24
+ 1 28
+ 1 29
+ 1 35
+ 1 38
+ 1 39
+ 1 57
+ 1 59
+ 1 61
+ 1 67
+ 1 69
+ 1 71
+ 1 74
+ 1 75
+ 1 77
+ 1 84
+ 1 85
+ 1 86
+ 1 87
+ 1 90
+ 1 92
+ 1 93
+ 1 94
+ 1 95
+ 1 96
+ 1 97
o 1 98
+ 1 99
x 2 2
x 7 7
x 10 8
x 11 9
+ 11 99
x 13 10
x 16 11
+ 17 99
x 18 12
x 20 13
+ 24 99
x 26 14
x 28 16
+ 28 99
x 30 17
+ 30 99
+ 31 1
x 31 23
+ 32 99
x 33 24
x 34 28
+ 34 99
x 35 29
+ 36 99
x 39 30
x 40 31
+ 40 99
+ 41 1
x 44 32
x 45 37
x 46 38
x 48 41
x 50 43
+ 53 99
x 56 44
x 57 46
x 58 47
+ 58 99
x 59 48
x 61 49
x 62 53
x 65 55
x 67 57
+ 68 99
x 69 64
x 70 65
x 71 66
x 72 67
+ 73 99
x 74 69
x 75 71
x 76 74
x 77 76
x 78 77
x 79 81
x 80 86
+ 80 99
x 81 87
x 83 88
x 87 90
x 91 91
x 93 93
x 96 94
x 97 95
x 98 97
+ 99 3
+ 99 6
+ 99 8
+ 99 10
+ 99 13
+ 99 14
+ 99 15
+ 99 25
+ 99 26
+ 99 31
+ 99 33
+ 99 43
+ 99 50
+ 99 56
+ 99 61
+ 99 62
+ 99 63
+ 99 65
+ 99 66
+ 99 70
+ 99 72
+ 99 75
+ 99 78
+ 99 82
+ 99 83
+ 99 85
+ 99 87
+ 99 88
+ 99 89
+ 99 90
+ 99 91
+ 99 93
+ 99 95
+ 99 96
+ 99 97
x 99 99
Case #28: 298 100
o 1 1
x 2 2
x 3 3
x 4 4
x 5 5
x 6 6
x 7 7
x 8 8
x 9 9
x 10 10
x 11 11
x 12 12
x 13 13
x 14 14
x 15 15
x 16 16
x 17 17
x 18 18
x 19 19
x 20 20
x 21 21
x 22 22
x 23 23
x 24 24
x 25 25
x 26 26
x 27 27
x 28 28
x 29 29
x 30 30
x 31 31
x 32 32
x 33 33
x 34 34
x 35 35
x 36 36
x 37 37
x 38 38
x 39 39
x 40 40
x 41 41
x 42 42
x 43 43
x 44 44
x 45 45
x 46 46
x 47 47
x 48 48
x 49 49
x 50 50
x 51 51
x 52 52
x 53 53
x 54 54
x 55 55
x 56 56
x 57 57
x 58 58
x 59 59
x 60 60
x 61 61
x 62 62
x 63 63
x 64 64
x 65 65
x 66 66
x 67 67
x 68 68
x 69 69
x 70 70
x 71 71
x 72 72
x 73 73
x 74 74
x 75 75
x 76 76
x 77 77
x 78 78
x 79 79
x 80 80
x 81 81
x 82 82
x 83 83
x 84 84
x 85 85
x 86 86
x 87 87
x 88 88
x 89 89
x 90 90
x 91 91
x 92 92
x 93 93
x 94 94
x 95 95
x 96 96
x 97 97
x 98 98
x 99 99
x 100 100
Case #29: 272 172
o 1 1
+ 1 2
+ 1 6
+ 1 8
+ 1 9
+ 1 11
+ 1 12
+ 1 19
+ 1 21
+ 1 22
+ 1 23
+ 1 25
+ 1 29
+ 1 31
+ 1 33
+ 1 35
+ 1 37
+ 1 41
+ 1 42
+ 1 44
+ 1 47
+ 1 49
+ 1 51
+ 1 52
+ 1 53
+ 1 54
+ 1 58
+ 1 59
+ 1 61
+ 1 62
+ 1 63
+ 1 65
+ 1 67
+ 1 70
+ 1 72
+ 1 73
+ 1 75
+ 1 77
+ 1 81
+ 1 82
+ 1 88
+ 1 89
+ 1 96
+ 1 98
+ 1 100
+ 2 100
x 3 8
+ 4 100
x 5 9
x 7 13
+ 7 100
+ 8 100
x 10 15
+ 10 100
x 11 16
+ 11 100
x 12 17
+ 14 100
x 15 18
+ 15 100
x 16 19
+ 16 100
x 17 21
+ 17 100
+ 18 100
x 19 22
x 20 23
+ 21 100
+ 22 100
x 23 25
x 25 28
+ 25 100
x 26 31
x 27 33
+ 27 100
x 28 34
x 29 35
x 30 36
+ 30 100
+ 32 100
+ 33 100
x 34 39
x 35 41
+ 35 100
+ 37 100
+ 41 100
+ 44 100
+ 45 100
+ 46 100
x 48 42
x 50 46
+ 51 100
x 52 48
+ 53 100
x 54 49
+ 55 100
+ 56 100
x 58 50
x 61 54
+ 61 100
+ 62 100
x 63 56
+ 65 100
x 66 57
x 70 59
x 74 62
x 75 65
+ 75 100
x 76 71
x 78 73
x 81 75
+ 81 100
x 82 77
x 84 78
x 85 79
+ 85 100
x 86 80
x 88 81
+ 88 100
x 89 82
x 90 84
x 92 85
+ 94 100
x 95 86
x 96 89
x 97 91
+ 97 100
x 98 92
+ 100 3
+ 100 5
+ 100 6
+ 100 9
+ 100 12
+ 100 13
+ 100 19
+ 100 20
+ 100 24
+ 100 26
+ 100 28
+ 100 29
+ 100 31
+ 100 34
+ 100 36
+ 100 38
+ 100 40
+ 100 43
+ 100 48
+ 100 49
+ 100 50
+ 100 52
+ 100 54
+ 100 57
+ 100 58
+ 100 59
+ 100 60
+ 100 63
+ 100 66
+ 100 67
+ 100 68
+ 100 71
+ 100 72
+ 100 74
+ 100 76
+ 100 77
+ 100 79
+ 100 80
+ 100 82
+ 100 84
+ 100 89
+ 100 95
+ 100 98
x 100 100
Case #30: 153 78
+ 1 1
+ 1 2
+ 1 3
+ 1 5
+ 1 6
+ 1 8
+ 1 10
+ 1 12
+ 1 16
+ 1 18
+ 1 24
+ 1 28
+ 1 30
+ 1 33
+ 1 34
+ 1 35
+ 1 37
+ 1 38
+ 1 39
+ 1 43
+ 1 44
+ 1 46
+ 1 47
+ 1 48
+ 1 49
+ 1 50
+ 1 53
+ 1 54
x 2 2
+ 2 60
x 4 4
+ 5 60
x 6 6
+ 6 60
x 7 7
x 8 9
x 9 11
x 10 12
+ 10 60
x 13 16
x 15 19
x 16 20
+ 16 60
x 17 23
x 19 24
x 20 29
+ 21 60
x 26 34
x 33 38
x 36 39
x 39 44
x 41 48
+ 42 60
x 50 50
+ 52 1
x 52 51
x 53 52
x 55 53
+ 57 1
x 58 56
x 59 59
+ 60 8
+ 60 12
+ 60 13
+ 60 15
+ 60 22
+ 60 23
+ 60 29
+ 60 31
+ 60 33
+ 60 37
+ 60 41
+ 60 50
+ 60 51
+ 60 55
+ 60 56
+ 60 57
x 60 60
Case #31: 55 0
Case #32: 247 130
+ 1 6
+ 1 9
+ 1 11
+ 1 13
+ 1 14
+ 1 18
+ 1 19
+ 1 22
+ 1 24
+ 1 28
+ 1 32
+ 1 34
+ 1 40
+ 1 42
+ 1 51
+ 1 53
+ 1 55
+ 1 59
+ 1 64
+ 1 65
+ 1 66
+ 1 67
+ 1 68
+ 1 69
+ 1 70
+ 1 73
+ 1 74
+ 1 75
+ 1 81
+ 1 84
+ 1 85
+ 1 86
+ 1 88
+ 1 90
+ 1 91
+ 1 92
+ 1 93
+ 1 96
x 2 1
x 3 2
x 4 3
x 5 4
x 7 5
+ 8 96
x 10 6
x 12 7
x 13 9
x 14 10
x 16 11
+ 17 96
+ 18 96
x 19 12
x 21 13
x 22 15
x 23 19
x 25 22
+ 26 96
+ 27 1
x 27 23
x 31 27
x 33 29
x 34 31
x 35 32
+ 36 96
x 37 38
x 38 41
x 40 43
+ 43 1
x 43 47
+ 44 1
x 45 48
+ 45 96
x 46 51
+ 48 1
x 49 55
x 51 56
x 54 57
x 56 60
x 63 63
x 66 64
x 71 66
x 72 67
x 76 68
x 77 72
x 78 73
x 80 77
x 82 80
x 84 81
x 85 82
x 88 83
x 90 84
+ 90 96
x 91 87
x 92 93
x 93 94
+ 96 4
+ 96 9
+ 96 12
+ 96 23
+ 96 24
+ 96 27
+ 96 30
+ 96 31
+ 96 34
+ 96 40
+ 96 41
+ 96 44
+ 96 47
+ 96 48
+ 96 52
+ 96 57
+ 96 58
+ 96 61
+ 96 62
+ 96 63
+ 96 66
+ 96 69
+ 96 71
+ 96 76
+ 96 77
+ 96 78
+ 96 81
+ 96 82
+ 96 83
+ 96 84
+ 96 85
+ 96 88
+ 96 91
+ 96 92
x 96 95
Case #33: 98 0
Case #34: 298 251
+ 1 1
+ 1 2
+ 1 3
+ 1 4
+ 1 5
+ 1 6
+ 1 7
+ 1 8
+ 1 9
+ 1 10
+ 1 11
+ 1 12
+ 1 13
+ 1 14
+ 1 15
+ 1 16
+ 1 17
+ 1 18
+ 1 19
+ 1 20
+ 1 21
+ 1 22
+ 1 23
+ 1 24
+ 1 25
+ 1 26
+ 1 27
+ 1 28
+ 1 29
+ 1 30
+ 1 31
+ 1 32
+ 1 33
+ 1 34
+ 1 35
+ 1 36
+ 1 37
+ 1 38
+ 1 39
+ 1 40
+ 1 41
+ 1 42
+ 1 43
+ 1 44
+ 1 45
+ 1 46
+ 1 47
+ 1 48
+ 1 49
+ 1 50
+ 1 51
+ 1 52
+ 1 53
+ 1 54
+ 1 55
+ 1 56
+ 1 57
+ 1 58
+ 1 59
+ 1 60
+ 1 61
+ 1 62
+ 1 63
+ 1 64
+ 1 65
+ 1 66
+ 1 67
+ 1 68
+ 1 69
+ 1 70
+ 1 71
+ 1 72
+ 1 73
+ 1 74
+ 1 75
+ 1 76
+ 1 77
+ 1 78
+ 1 79
+ 1 80
+ 1 81
+ 1 82
+ 1 83
+ 1 84
o 1 85
+ 1 86
+ 1 87
+ 1 88
+ 1 89
+ 1 90
+ 1 91
+ 1 92
+ 1 93
+ 1 94
+ 1 95
+ 1 96
+ 1 97
+ 1 98
+ 1 99
+ 1 100
x 3 4
x 5 7
x 7 8
x 8 12
x 10 15
x 13 17
x 16 26
x 17 28
x 20 29
x 21 31
x 23 32
x 25 33
x 26 35
x 27 36
x 30 38
x 31 39
x 34 40
x 35 41
x 36 42
x 39 43
x 40 45
x 41 47
x 42 48
x 43 49
x 44 50
x 45 52
x 46 53
x 47 55
x 53 56
x 55 60
x 56 61
x 57 62
x 60 64
x 65 66
x 66 67
x 68 68
x 69 69
x 71 71
x 72 73
x 73 74
x 76 75
x 77 77
x 78 79
x 80 82
x 81 86
x 84 87
x 85 88
x 86 90
x 90 94
x 94 95
x 95 97
x 96 98
x 99 100
+ 100 2
+ 100 3
+ 100 4
+ 100 5
+ 100 6
+ 100 7
+ 100 8
+ 100 9
+ 100 10
+ 100 11
+ 100 12
+ 100 13
+ 100 14
+ 100 15
+ 100 16
+ 100 17
+ 100 18
+ 100 19
+ 100 20
+ 100 21
+ 100 22
+ 100 23
+ 100 24
+ 100 25
+ 100 26
+ 100 27
+ 100 28
+ 100 29
+ 100 30
+ 100 31
+ 100 32
+ 100 33
+ 100 34
+ 100 35
+ 100 36
+ 100 37
+ 100 38
+ 100 39
+ 100 40
+ 100 41
+ 100 42
+ 100 43
+ 100 44
+ 100 45
+ 100 46
+ 100 47
+ 100 48
+ 100 49
+ 100 50
+ 100 51
+ 100 52
+ 100 53
+ 100 54
+ 100 55
+ 100 56
+ 100 57
+ 100 58
+ 100 59
+ 100 60
+ 100 61
+ 100 62
+ 100 63
+ 100 64
+ 100 65
+ 100 66
+ 100 67
+ 100 68
+ 100 69
+ 100 70
+ 100 71
+ 100 72
+ 100 73
+ 100 74
+ 100 75
+ 100 76
+ 100 77
+ 100 78
+ 100 79
+ 100 80
+ 100 81
+ 100 82
+ 100 83
+ 100 84
+ 100 85
+ 100 86
+ 100 87
+ 100 88
+ 100 89
+ 100 90
+ 100 91
o 100 92
+ 100 93
+ 100 94
+ 100 95
+ 100 96
+ 100 97
+ 100 98
+ 100 99
Case #35: 254 137
+ 1 1
x 1 3
+ 1 6
+ 1 8
+ 1 10
+ 1 11
+ 1 12
+ 1 15
+ 1 19
+ 1 20
+ 1 21
+ 1 23
+ 1 25
+ 1 26
+ 1 27
+ 1 28
+ 1 29
+ 1 32
+ 1 33
+ 1 42
+ 1 59
+ 1 61
+ 1 63
+ 1 64
+ 1 65
+ 1 66
+ 1 69
+ 1 72
+ 1 73
+ 1 74
+ 1 75
+ 1 84
+ 1 85
+ 1 90
+ 1 91
+ 1 95
+ 1 98
+ 1 99
o 3 7
+ 3 99
+ 6 99
x 7 8
x 10 10
x 11 13
+ 11 99
x 12 14
+ 12 99
x 15 16
x 17 17
+ 17 99
x 19 18
+ 19 99
x 20 19
+ 20 99
+ 21 99
x 22 20
x 25 21
x 26 22
x 27 24
x 29 25
x 30 31
+ 30 99
x 34 34
+ 37 1
x 38 36
+ 40 99
x 41 41
x 42 42
x 43 47
x 45 51
x 47 52
x 49 53
x 50 54
x 52 55
+ 52 99
x 53 59
x 54 61
x 55 62
x 58 63
+ 59 99
+ 60 99
x 61 64
x 62 65
+ 62 99
x 63 71
x 64 72
x 65 75
x 66 76
x 70 82
x 71 83
x 72 84
x 73 85
x 74 87
x 75 89
+ 78 99
x 81 90
x 83 91
x 84 93
x 90 94
+ 92 1
x 94 95
x 95 96
x 97 97
x 98 98
+ 99 2
+ 99 5
+ 99 10
+ 99 25
+ 99 27
+ 99 28
+ 99 34
+ 99 39
+ 99 41
+ 99 44
+ 99 51
+ 99 53
+ 99 54
+ 99 57
+ 99 65
+ 99 67
+ 99 69
+ 99 71
+ 99 72
+ 99 76
+ 99 77
+ 99 81
+ 99 82
+ 99 83
+ 99 84
+ 99 85
+ 99 88
+ 99 91
+ 99 93
+ 99 94
+ 99 95
+ 99 96
+ 99 97
Case #36: 216 108
o 1 1
+ 1 3
+ 1 4
+ 1 5
+ 1 6
+ 1 8
+ 1 10
+ 1 14
+ 1 16
+ 1 17
+ 1 18
+ 1 20
+ 1 24
+ 1 25
+ 1 26
+ 1 27
+ 1 34
+ 1 35
+ 1 37
+ 1 40
+ 1 41
+ 1 43
+ 1 45
+ 1 47
+ 1 48
+ 1 51
+ 1 53
+ 1 57
+ 1 58
+ 1 67
+ 1 68
+ 1 69
+ 1 70
+ 1 74
+ 1 76
+ 1 78
+ 1 82
x 2 3
+ 3 85
x 4 4
x 6 5
+ 6 85
x 8 6
x 9 8
+ 9 85
x 10 9
x 11 10
+ 11 85
x 12 14
+ 13 85
+ 14 85
x 19 16
x 22 19
x 23 20
+ 24 85
x 25 21
x 27 23
x 31 24
x 32 25
+ 32 85
x 33 26
x 34 29
+ 34 85
x 35 32
x 36 33
+ 36 85
x 37 34
x 38 38
x 39 41
x 40 42
x 43 43
+ 49 1
x 52 45
x 55 46
+ 55 85
x 56 62
x 60 65
x 62 66
x 63 67
x 64 72
x 65 75
x 66 76
x 67 78
x 68 79
x 71 80
x 73 82
+ 73 85
+ 75 85
x 81 83
x 82 84
+ 85 10
+ 85 21
+ 85 26
+ 85 31
+ 85 33
+ 85 38
+ 85 40
+ 85 46
+ 85 49
+ 85 54
+ 85 60
+ 85 62
+ 85 68
+ 85 80
+ 85 82
+ 85 83
+ 85 84
x 85 85
Case #37: 183 97
+ 1 1
+ 1 4
+ 1 5
+ 1 7
+ 1 15
+ 1 16
+ 1 20
+ 1 22
+ 1 25
+ 1 31
+ 1 32
+ 1 33
+ 1 37
+ 1 39
+ 1 40
+ 1 43
+ 1 44
+ 1 46
+ 1 47
+ 1 55
+ 1 59
+ 1 60
+ 1 62
+ 1 64
+ 1 67
+ 1 69
+ 1 70
+ 1 71
x 4 1
+ 4 71
x 6 2
x 7 6
+ 7 71
+ 9 71
x 10 8
x 12 10
x 13 12
x 14 18
+ 14 71
x 15 22
x 17 23
x 18 24
+ 19 71
+ 20 71
x 21 25
x 24 28
+ 24 71
x 25 29
x 26 31
x 27 33
x 28 36
x 29 37
x 30 38
+ 30 71
x 31 39
x 33 40
x 34 43
+ 34 71
x 37 44
x 38 45
x 39 47
x 40 48
x 41 49
x 43 50
x 44 51
x 45 53
x 48 54
x 51 58
+ 53 71
x 55 64
x 57 65
x 59 67
x 60 68
+ 61 1
+ 63 71
x 64 69
+ 64 71
x 67 70
x 68 71
+ 71 8
+ 71 13
+ 71 26
+ 71 29
+ 71 32
+ 71 33
+ 71 37
+ 71 44
+ 71 45
+ 71 47
+ 71 49
+ 71 51
+ 71 56
+ 71 57
+ 71 58
+ 71 60
+ 71 61
+ 71 62
Case #38: 23 10
+ 1 2
+ 1 10
+ 2 10
x 4 2
x 5 4
+ 5 10
x 6 5
x 8 9
+ 10 4
+ 10 7
Case #39: 211 104
+ 1 3
+ 1 5
+ 1 6
+ 1 7
+ 1 9
+ 1 14
+ 1 20
+ 1 23
+ 1 24
+ 1 25
o 1 27
+ 1 39
+ 1 42
+ 1 43
+ 1 46
+ 1 48
+ 1 55
+ 1 56
+ 1 57
+ 1 58
+ 1 60
+ 1 62
+ 1 63
+ 1 67
+ 1 68
+ 1 74
+ 1 79
+ 1 80
+ 1 82
+ 1 83
+ 1 85
x 2 2
x 3 4
x 5 5
+ 5 85
x 8 6
x 9 8
+ 10 85
+ 13 85
x 15 10
+ 16 85
+ 17 85
x 20 12
+ 20 85
+ 21 85
x 22 13
+ 22 85
x 23 16
x 24 17
x 26 18
+ 27 85
x 29 19
x 32 22
+ 33 1
x 33 23
x 35 24
x 36 26
+ 37 1
x 38 29
x 40 30
+ 47 1
x 47 34
x 50 35
x 51 38
+ 51 85
x 54 39
+ 55 85
x 56 42
x 58 43
x 60 45
x 61 48
x 62 50
x 63 51
x 66 56
x 70 59
x 71 60
x 72 62
x 73 66
x 74 71
x 75 73
x 77 74
+ 78 1
+ 78 85
x 80 76
x 83 79
x 84 80
+ 85 3
+ 85 19
+ 85 23
+ 85 29
+ 85 30
+ 85 43
+ 85 46
+ 85 52
+ 85 56
+ 85 59
+ 85 67
+ 85 68
+ 85 69
+ 85 70
+ 85 71
+ 85 72
+ 85 79
x 85 85
Case #40: 269 222
o 1 1
+ 1 6
+ 1 8
+ 1 9
+ 1 13
+ 1 19
+ 1 20
+ 1 23
+ 1 25
+ 1 33
+ 1 37
+ 1 39
+ 1 40
+ 1 41
+ 1 45
+ 1 55
+ 1 58
+ 1 59
+ 1 65
+ 1 66
+ 1 70
+ 1 71
+ 1 75
+ 1 78
+ 1 79
+ 1 81
+ 1 82
+ 1 84
+ 1 86
+ 1 88
+ 1 89
+ 1 91
+ 1 92
+ 1 93
+ 1 94
+ 1 95
+ 1 96
+ 1 97
+ 1 98
+ 1 99
+ 1 100
x 2 2
x 3 3
x 4 4
x 5 5
x 6 6
x 7 7
x 8 8
x 9 9
x 10 10
x 11 11
+ 11 100
x 12 12
x 13 13
x 14 14
+ 14 100
x 15 15
x 16 16
+ 16 100
x 17 17
x 18 18
x 19 19
x 20 20
x 21 21
+ 21 100
x 22 22
x 23 23
x 24 24
+ 24 100
x 25 25
+ 25 100
x 26 26
x 27 27
+ 27 100
x 28 28
+ 28 100
x 29 29
x 30 30
x 31 31
x 32 32
+ 32 100
x 33 33
+ 33 100
x 34 34
+ 34 100
x 35 35
x 36 36
x 37 37
+ 37 100
x 38 38
+ 38 100
x 39 39
+ 39 100
x 40 40
+ 40 100
x 41 41
+ 41 100
x 42 42
x 43 43
x 44 44
+ 44 100
x 45 45
+ 45 100
x 46 46
x 47 47
+ 47 100
x 48 48
x 49 49
+ 49 100
x 50 50
+ 50 100
x 51 51
x 52 52
x 53 53
+ 53 100
x 54 54
+ 54 100
x 55 55
x 56 56
x 57 57
+ 57 100
x 58 58
+ 58 100
x 59 59
x 60 60
x 61 61
x 62 62
x 63 63
x 64 64
x 65 65
+ 65 100
x 66 66
+ 66 100
x 67 67
+ 67 100
x 68 68
x 69 69
x 70 70
+ 70 100
x 71 71
x 72 72
x 73 73
x 74 74
x 75 75
+ 75 100
x 76 76
x 77 77
+ 77 100
x 78 78
x 79 79
x 80 80
+ 80 100
x 81 81
x 82 82
x 83 83
x 84 84
+ 84 100
x 85 85
+ 85 100
x 86 86
x 87 87
x 88 88
x 89 89
+ 89 100
x 90 90
x 91 91
x 92 92
x 93 93
x 94 94
x 95 95
x 96 96
x 97 97
x 98 98
x 99 99
+ 100 2
+ 100 3
+ 100 4
+ 100 5
+ 100 6
+ 100 7
+ 100 8
+ 100 9
+ 100 10
+ 100 12
+ 100 13
+ 100 15
+ 100 17
+ 100 18
+ 100 19
+ 100 20
+ 100 22
+ 100 23
+ 100 26
+ 100 29
+ 100 30
+ 100 31
+ 100 35
+ 100 36
+ 100 42
+ 100 43
+ 100 46
+ 100 48
+ 100 51
+ 100 52
+ 100 55
+ 100 56
+ 100 60
+ 100 61
+ 100 63
+ 100 64
+ 100 68
+ 100 69
+ 100 72
+ 100 76
+ 100 78
+ 100 79
+ 100 81
+ 100 87
+ 100 88
+ 100 92
+ 100 98
x 100 100
Case #41: 267 182
o 1 21
+ 1 52
+ 1 56
+ 1 61
+ 1 63
+ 1 66
+ 1 67
+ 1 68
+ 1 69
+ 1 71
+ 1 75
+ 1 76
+ 1 91
+ 1 92
+ 1 93
+ 1 94
+ 1 98
+ 2 100
x 4 1
+ 4 100
x 5 2
x 6 3
+ 6 100
x 7 4
o 8 5
x 9 6
x 10 7
x 11 8
+ 11 100
x 12 9
x 13 10
+ 13 100
x 14 11
x 15 13
+ 15 100
x 16 14
+ 16 100
x 17 15
+ 17 100
x 18 16
+ 18 100
x 19 17
+ 19 100
+ 20 100
x 21 18
+ 21 100
x 22 19
+ 22 100
x 23 20
+ 23 100
x 24 23
+ 24 100
x 25 24
x 26 26
x 27 27
+ 27 100
x 28 28
x 29 29
x 30 30
x 31 31
+ 31 100
x 33 32
x 34 33
x 35 34
x 36 35
+ 36 100
x 37 36
+ 37 100
x 38 37
x 39 38
+ 39 100
x 40 39
x 41 40
+ 41 100
x 42 42
+ 42 100
x 43 43
+ 43 100
x 44 44
x 46 45
+ 46 100
x 47 48
+ 47 100
x 48 49
+ 48 100
x 49 50
x 50 51
x 51 52
+ 51 100
x 53 53
x 54 54
+ 54 100
x 55 55
x 56 56
+ 56 100
x 57 57
+ 57 100
x 59 58
x 60 59
x 61 60
x 62 61
+ 62 100
x 63 63
+ 63 100
x 64 64
x 65 65
+ 66 100
x 67 66
+ 67 100
x 68 67
+ 68 100
x 69 68
+ 69 100
x 70 69
+ 70 100
x 72 70
+ 72 100
x 73 71
x 74 72
x 75 74
+ 75 100
x 76 75
+ 76 100
x 78 76
x 79 77
x 80 78
x 81 79
x 82 80
x 83 81
x 84 82
x 85 83
x 86 84
+ 86 100
x 87 85
x 88 86
x 89 87
+ 89 100
x 90 88
x 91 90
x 92 91
x 93 92
x 94 93
x 95 94
x 96 95
x 97 96
x 98 98
x 99 99
+ 100 3
+ 100 5
+ 100 7
+ 100 8
+ 100 9
+ 100 10
+ 100 12
+ 100 14
+ 100 25
+ 100 26
+ 100 28
+ 100 29
+ 100 30
+ 100 32
+ 100 34
+ 100 35
+ 100 38
+ 100 40
+ 100 44
+ 100 49
+ 100 50
+ 100 53
+ 100 55
+ 100 58
+ 100 59
+ 100 61
+ 100 65
+ 100 73
+ 100 74
+ 100 82
+ 100 83
+ 100 85
+ 100 87
+ 100 92
x 100 100
Case #42: 286 184
+ 1 4
+ 1 6
+ 1 11
+ 1 13
+ 1 14
+ 1 17
+ 1 18
+ 1 19
o 1 20
+ 1 21
+ 1 23
+ 1 24
+ 1 25
+ 1 26
+ 1 27
+ 1 28
+ 1 29
+ 1 30
+ 1 31
+ 1 32
+ 1 34
+ 1 35
+ 1 37
+ 1 38
+ 1 39
+ 1 40
+ 1 41
+ 1 42
+ 1 43
+ 1 44
+ 1 45
+ 1 46
+ 1 50
+ 1 51
+ 1 52
+ 1 54
+ 1 55
+ 1 56
+ 1 57
+ 1 58
+ 1 60
+ 1 62
+ 1 63
+ 1 64
+ 1 65
+ 1 66
+ 1 67
+ 1 68
+ 1 70
+ 1 71
+ 1 72
+ 1 74
+ 1 75
+ 1 76
+ 1 77
+ 1 78
+ 1 79
+ 1 80
+ 1 82
+ 1 83
+ 1 84
+ 1 85
+ 1 86
+ 1 88
+ 1 89
+ 1 90
+ 1 91
+ 1 92
+ 1 93
+ 1 95
+ 1 96
+ 1 97
+ 1 98
+ 1 99
+ 1 100
x 2 27
+ 7 100
+ 14 100
+ 20 100
x 24 31
o 27 35
+ 28 100
+ 32 100
x 35 36
x 39 37
x 40 46
+ 40 100
x 41 50
+ 42 100
x 46 52
x 50 53
x 51 56
+ 54 100
x 57 64
x 61 65
+ 65 100
x 68 67
+ 68 100
x 71 78
+ 79 100
x 80 88
o 85 100
+ 89 100
+ 93 100
x 98 91
+ 99 100
+ 100 2
+ 100 3
+ 100 4
+ 100 5
+ 100 6
+ 100 8
+ 100 9
+ 100 10
+ 100 11
+ 100 12
+ 100 13
+ 100 15
+ 100 16
+ 100 17
+ 100 18
+ 100 19
+ 100 21
+ 100 22
+ 100 23
+ 100 24
+ 100 25
+ 100 26
+ 100 27
+ 100 29
+ 100 30
+ 100 31
+ 100 33
+ 100 34
+ 100 35
+ 100 36
+ 100 37
+ 100 38
+ 100 39
+ 100 41
+ 100 43
+ 100 44
+ 100 45
+ 100 46
+ 100 47
+ 100 48
+ 100 49
+ 100 50
+ 100 51
+ 100 52
+ 100 53
+ 100 55
+ 100 56
+ 100 57
+ 100 58
+ 100 59
+ 100 61
+ 100 62
+ 100 63
+ 100 64
+ 100 66
+ 100 67
+ 100 69
+ 100 70
+ 100 71
+ 100 72
+ 100 73
+ 100 74
+ 100 75
+ 100 76
+ 100 77
+ 100 78
+ 100 80
+ 100 81
+ 100 82
+ 100 83
+ 100 84
+ 100 86
+ 100 88
+ 100 90
+ 100 92
o 100 94
+ 100 95
+ 100 96
Case #43: 298 266
+ 1 1
+ 1 2
+ 1 3
+ 1 4
+ 1 5
+ 1 6
+ 1 7
+ 1 8
+ 1 9
+ 1 10
+ 1 11
+ 1 12
+ 1 13
+ 1 14
+ 1 15
+ 1 16
+ 1 17
+ 1 18
+ 1 19
+ 1 20
+ 1 21
+ 1 22
+ 1 23
+ 1 24
+ 1 25
+ 1 26
+ 1 27
+ 1 28
+ 1 29
+ 1 30
+ 1 31
+ 1 32
o 1 33
+ 1 34
+ 1 35
+ 1 36
+ 1 37
+ 1 38
+ 1 39
+ 1 40
+ 1 41
+ 1 42
+ 1 43
+ 1 44
+ 1 45
+ 1 46
+ 1 47
+ 1 48
+ 1 49
+ 1 50
+ 1 51
+ 1 52
+ 1 53
+ 1 54
+ 1 55
+ 1 56
+ 1 57
+ 1 58
+ 1 59
+ 1 60
+ 1 61
+ 1 62
+ 1 63
+ 1 64
+ 1 65
+ 1 66
+ 1 67
+ 1 68
+ 1 69
+ 1 70
+ 1 71
+ 1 72
+ 1 73
+ 1 74
+ 1 75
+ 1 76
+ 1 77
+ 1 78
+ 1 79
+ 1 80
+ 1 81
+ 1 82
+ 1 83
+ 1 84
+ 1 85
+ 1 86
+ 1 87
+ 1 88
+ 1 89
+ 1 90
+ 1 91
+ 1 92
+ 1 93
+ 1 94
+ 1 95
+ 1 96
+ 1 97
+ 1 98
+ 1 99
+ 1 100
x 5 2
x 6 3
x 8 4
x 10 5
x 11 6
x 12 7
x 14 8
x 15 10
x 17 13
x 18 15
x 19 16
x 20 17
x 22 18
x 23 19
x 24 20
x 27 21
x 29 22
x 30 23
x 31 25
x 32 26
x 33 27
x 34 28
x 35 29
x 37 30
x 38 31
x 39 32
x 40 35
x 41 36
x 42 37
x 43 41
x 44 42
x 45 44
x 46 46
x 49 47
x 50 48
x 52 49
x 54 51
x 55 52
x 58 56
x 59 57
x 61 58
x 62 60
x 63 67
x 66 68
x 67 69
x 68 71
x 69 72
x 70 73
x 72 74
x 73 75
x 74 76
x 76 77
x 77 78
x 79 79
x 80 80
x 82 83
x 83 84
x 86 85
x 89 86
x 90 89
x 91 91
x 92 92
x 93 94
x 94 95
x 95 96
x 96 97
x 98 98
x 99 100
+ 100 2
+ 100 3
+ 100 4
+ 100 5
+ 100 6
+ 100 7
+ 100 8
+ 100 9
+ 100 10
+ 100 11
+ 100 12
+ 100 13
+ 100 14
+ 100 15
+ 100 16
+ 100 17
+ 100 18
+ 100 19
+ 100 20
+ 100 21
+ 100 22
+ 100 23
+ 100 24
+ 100 25
+ 100 26
+ 100 27
+ 100 28
+ 100 29
+ 100 30
+ 100 31
+ 100 32
+ 100 33
+ 100 34
+ 100 35
+ 100 36
+ 100 37
+ 100 38
+ 100 39
+ 100 40
+ 100 41
+ 100 42
+ 100 43
+ 100 44
o 100 45
+ 100 46
+ 100 47
+ 100 48
+ 100 49
+ 100 50
+ 100 51
+ 100 52
+ 100 53
+ 100 54
+ 100 55
+ 100 56
+ 100 57
+ 100 58
+ 100 59
+ 100 60
+ 100 61
+ 100 62
+ 100 63
+ 100 64
+ 100 65
+ 100 66
+ 100 67
+ 100 68
+ 100 69
+ 100 70
+ 100 71
+ 100 72
+ 100 73
+ 100 74
+ 100 75
+ 100 76
+ 100 77
+ 100 78
+ 100 79
+ 100 80
+ 100 81
+ 100 82
+ 100 83
+ 100 84
+ 100 85
+ 100 86
+ 100 87
+ 100 88
+ 100 89
+ 100 90
+ 100 91
+ 100 92
+ 100 93
+ 100 94
+ 100 95
+ 100 96
+ 100 97
+ 100 98
+ 100 99
Case #44: 267 218
o 1 1
+ 1 17
+ 1 18
+ 1 21
+ 1 28
+ 1 29
+ 1 33
+ 1 41
+ 1 42
+ 1 44
+ 1 48
+ 1 50
+ 1 52
+ 1 53
+ 1 59
+ 1 60
+ 1 62
+ 1 66
+ 1 67
+ 1 68
+ 1 70
+ 1 71
+ 1 74
+ 1 76
+ 1 77
+ 1 78
+ 1 81
+ 1 83
+ 1 86
+ 1 89
+ 1 90
+ 1 91
+ 1 92
+ 1 93
+ 1 96
+ 1 99
+ 1 100
x 2 2
x 3 3
+ 3 100
x 4 4
+ 4 100
x 5 5
x 6 6
+ 6 100
x 7 7
+ 7 100
x 8 8
x 9 9
x 10 10
x 11 11
x 12 12
x 13 13
+ 13 100
x 14 14
+ 14 100
x 15 15
x 16 16
+ 16 100
x 17 17
+ 17 100
x 18 18
x 19 19
+ 19 100
x 20 20
x 21 21
+ 21 100
x 22 22
x 23 23
x 24 24
x 25 25
x 26 26
+ 26 100
x 27 27
x 28 28
x 29 29
+ 29 100
x 30 30
x 31 31
x 32 32
+ 32 100
x 33 33
x 34 34
x 35 35
x 36 36
+ 36 100
x 37 37
+ 37 100
x 38 38
+ 38 100
x 39 39
x 40 40
+ 40 100
x 41 41
x 42 42
x 43 43
x 44 44
+ 44 100
x 45 45
+ 45 100
x 46 46
+ 46 100
x 47 47
+ 47 100
x 48 48
x 49 49
x 50 50
x 51 51
x 52 52
x 53 53
x 54 54
+ 54 100
x 55 55
+ 55 100
x 56 56
x 57 57
x 58 58
+ 58 100
x 59 59
x 60 60
x 61 61
+ 61 100
x 62 62
+ 62 100
x 63 63
x 64 64
+ 64 100
x 65 65
x 66 66
+ 66 100
x 67 67
+ 67 100
x 68 68
x 69 69
x 70 70
x 71 71
x 72 72
x 73 73
x 74 74
+ 74 100
x 75 75
+ 75 100
x 76 76
x 77 77
+ 77 100
x 78 78
x 79 79
x 80 80
x 81 81
x 82 82
x 83 83
x 84 84
x 85 85
x 86 86
+ 86 100
x 87 87
+ 87 100
x 88 88
x 89 89
x 90 90
x 91 91
+ 91 100
x 92 92
x 93 93
+ 93 100
x 94 94
x 95 95
x 96 96
x 97 97
x 98 98
x 99 99
+ 100 2
+ 100 5
+ 100 8
+ 100 9
+ 100 10
+ 100 11
+ 100 12
+ 100 15
+ 100 18
+ 100 20
+ 100 22
+ 100 24
+ 100 25
+ 100 27
+ 100 28
+ 100 30
+ 100 31
+ 100 33
+ 100 34
+ 100 35
+ 100 41
+ 100 42
+ 100 43
+ 100 49
+ 100 50
+ 100 51
+ 100 52
+ 100 56
+ 100 57
+ 100 59
+ 100 60
+ 100 63
+ 100 65
+ 100 69
+ 100 71
+ 100 72
+ 100 73
+ 100 76
+ 100 78
+ 100 80
+ 100 82
+ 100 84
+ 100 88
+ 100 94
+ 100 95
+ 100 96
x 100 100
Case #45: 280 180
+ 1 2
+ 1 3
+ 1 4
+ 1 6
+ 1 11
+ 1 13
+ 1 14
+ 1 17
+ 1 20
+ 1 22
+ 1 23
+ 1 24
+ 1 25
+ 1 26
+ 1 28
+ 1 29
+ 1 31
+ 1 33
+ 1 34
+ 1 35
+ 1 36
+ 1 37
+ 1 38
+ 1 39
+ 1 40
+ 1 42
+ 1 43
+ 1 45
+ 1 48
+ 1 49
+ 1 50
+ 1 51
+ 1 52
+ 1 53
+ 1 54
+ 1 55
o 1 56
+ 1 58
+ 1 59
+ 1 61
+ 1 62
+ 1 63
+ 1 64
+ 1 66
+ 1 67
+ 1 68
+ 1 70
+ 1 72
+ 1 73
+ 1 74
+ 1 76
+ 1 77
+ 1 78
+ 1 81
+ 1 82
+ 1 84
+ 1 85
+ 1 86
+ 1 88
+ 1 89
+ 1 90
+ 1 91
+ 1 92
+ 1 93
+ 1 95
+ 1 96
+ 1 97
+ 1 98
+ 1 99
+ 1 100
x 4 7
+ 7 100
x 9 8
+ 14 100
x 15 9
x 16 17
x 18 24
+ 18 100
+ 21 100
+ 22 100
+ 26 100
+ 32 100
+ 36 100
x 39 30
+ 41 100
x 42 31
x 43 37
+ 44 100
x 47 39
x 51 47
x 54 48
+ 54 100
x 55 61
+ 55 100
+ 57 100
x 68 63
x 69 65
+ 69 100
+ 71 100
+ 74 100
x 77 76
x 82 78
+ 82 100
+ 85 100
+ 86 100
x 91 82
+ 92 100
x 93 87
x 94 90
x 98 97
x 99 98
+ 100 2
+ 100 3
+ 100 4
+ 100 5
+ 100 6
+ 100 8
+ 100 9
+ 100 10
+ 100 11
+ 100 12
+ 100 13
+ 100 15
+ 100 16
+ 100 17
+ 100 19
+ 100 20
+ 100 23
+ 100 24
+ 100 25
+ 100 27
+ 100 28
+ 100 29
+ 100 30
+ 100 31
+ 100 33
+ 100 34
+ 100 35
+ 100 37
+ 100 38
+ 100 39
+ 100 40
+ 100 42
+ 100 43
+ 100 45
+ 100 46
+ 100 47
+ 100 48
+ 100 49
+ 100 50
+ 100 51
+ 100 52
+ 100 53
+ 100 56
+ 100 59
+ 100 60
+ 100 61
+ 100 62
+ 100 63
+ 100 64
o 100 66
+ 100 67
+ 100 68
+ 100 70
+ 100 72
+ 100 73
+ 100 75
+ 100 77
+ 100 78
+ 100 81
+ 100 83
+ 100 84
+ 100 88
+ 100 89
+ 100 90
+ 100 91
+ 100 95
+ 100 97
+ 100 98
+ 100 99
Case #46: 262 162
+ 1 12
+ 1 15
+ 1 17
+ 1 22
+ 1 40
+ 1 42
+ 1 48
+ 1 56
+ 1 62
+ 1 63
+ 1 64
+ 1 71
+ 1 73
+ 1 79
+ 1 80
+ 1 82
+ 1 83
+ 1 86
+ 1 90
+ 1 92
+ 1 96
+ 1 99
x 3 1
+ 3 100
o 4 2
+ 4 100
x 5 3
x 6 4
+ 6 100
x 7 8
+ 7 100
x 8 9
+ 8 100
x 9 12
+ 10 100
x 11 14
o 12 100
x 13 15
+ 13 100
x 14 17
+ 14 100
o 15 19
x 16 21
+ 16 100
x 17 22
+ 17 100
x 20 23
+ 20 100
x 21 24
x 22 25
x 23 26
+ 23 100
x 24 28
+ 24 100
x 25 29
+ 25 100
x 26 30
+ 26 100
x 27 33
+ 27 100
x 29 34
+ 29 100
x 31 35
+ 31 100
x 32 37
+ 32 100
+ 33 100
x 34 38
x 36 40
+ 36 100
x 37 41
x 39 44
+ 40 100
x 41 45
x 42 46
+ 42 100
x 43 47
+ 43 100
+ 44 100
x 45 50
+ 46 100
x 48 51
+ 48 100
x 49 52
x 50 53
x 52 54
+ 52 100
+ 54 100
x 55 55
x 56 56
+ 56 100
+ 57 100
x 59 57
x 60 58
+ 62 100
x 63 60
+ 63 100
x 64 62
x 65 63
+ 65 100
x 66 64
x 68 65
+ 68 100
x 70 66
+ 70 100
x 71 67
+ 71 100
x 72 68
+ 72 100
x 73 69
x 74 71
+ 74 100
+ 75 100
x 76 72
+ 77 100
x 79 74
x 80 75
x 82 76
x 83 79
+ 83 100
x 84 81
+ 85 100
x 86 82
+ 87 100
x 88 84
x 90 85
x 93 87
x 94 88
x 95 91
x 96 93
x 97 94
x 98 96
x 99 97
+ 100 2
+ 100 5
+ 100 11
+ 100 15
+ 100 18
+ 100 19
+ 100 21
+ 100 22
+ 100 28
+ 100 34
+ 100 35
+ 100 38
+ 100 41
+ 100 45
+ 100 47
+ 100 49
+ 100 51
+ 100 53
+ 100 59
+ 100 61
+ 100 73
+ 100 78
+ 100 79
+ 100 80
+ 100 81
+ 100 82
+ 100 86
+ 100 91
x 100 99
Case #47: 95 47
o 1 1
+ 1 2
+ 1 4
+ 1 8
+ 1 9
+ 1 11
+ 1 13
+ 1 14
+ 1 24
+ 1 28
+ 1 29
+ 1 34
+ 1 36
+ 1 37
+ 1 38
x 2 5
x 4 6
x 5 7
x 6 8
+ 7 38
+ 8 38
x 9 11
+ 9 38
x 10 12
x 13 13
x 17 14
+ 17 38
x 20 15
+ 20 38
x 21 18
x 23 20
x 27 21
x 28 23
x 29 25
x 30 28
x 32 30
x 36 32
x 37 34
+ 38 3
+ 38 12
+ 38 14
+ 38 15
+ 38 26
+ 38 27
+ 38 32
+ 38 35
x 38 38
Case #48: 175 87
o 1 1
+ 1 8
+ 1 9
+ 1 10
+ 1 12
+ 1 14
+ 1 15
+ 1 17
+ 1 18
+ 1 29
+ 1 31
+ 1 35
+ 1 39
+ 1 41
+ 1 42
+ 1 44
+ 1 46
+ 1 49
+ 1 51
+ 1 53
+ 1 54
+ 1 55
+ 1 57
+ 1 59
+ 1 60
+ 1 61
+ 1 67
+ 1 69
x 2 2
x 3 4
x 5 5
x 6 6
x 7 7
x 12 9
+ 12 69
x 16 10
x 17 14
x 18 16
x 19 21
x 20 24
+ 20 69
x 21 25
x 22 26
+ 22 69
+ 23 69
x 24 29
x 26 30
x 27 31
+ 28 1
x 30 32
x 31 35
x 34 37
+ 37 1
x 38 38
x 40 40
x 42 41
x 44 45
x 47 47
x 50 48
+ 50 69
x 52 49
x 55 50
x 56 53
x 59 55
x 60 57
x 61 61
x 62 62
x 64 63
x 65 64
x 68 66
+ 69 3
+ 69 13
+ 69 15
+ 69 16
+ 69 21
+ 69 25
+ 69 29
+ 69 30
+ 69 37
+ 69 41
+ 69 47
+ 69 51
+ 69 52
+ 69 54
+ 69 64
+ 69 65
+ 69 66
Case #49: 298 296
o 1 1
+ 1 2
+ 1 3
+ 1 4
+ 1 5
+ 1 6
+ 1 7
+ 1 8
+ 1 9
+ 1 10
+ 1 11
+ 1 12
+ 1 13
+ 1 14
+ 1 15
+ 1 16
+ 1 17
+ 1 18
+ 1 19
+ 1 20
+ 1 21
+ 1 22
+ 1 23
+ 1 24
+ 1 25
+ 1 26
+ 1 27
+ 1 28
+ 1 29
+ 1 30
+ 1 31
+ 1 32
+ 1 33
+ 1 34
+ 1 35
+ 1 36
+ 1 37
+ 1 38
+ 1 39
+ 1 40
+ 1 41
+ 1 42
+ 1 43
+ 1 44
+ 1 45
+ 1 46
+ 1 47
+ 1 48
+ 1 49
+ 1 50
+ 1 51
+ 1 52
+ 1 53
+ 1 54
+ 1 55
+ 1 56
+ 1 57
+ 1 58
+ 1 59
+ 1 60
+ 1 61
+ 1 62
+ 1 63
+ 1 64
+ 1 65
+ 1 66
+ 1 67
+ 1 68
+ 1 69
+ 1 70
+ 1 71
+ 1 72
+ 1 73
+ 1 74
+ 1 75
+ 1 76
+ 1 77
+ 1 78
+ 1 79
+ 1 80
+ 1 81
+ 1 82
+ 1 83
+ 1 84
+ 1 85
+ 1 86
+ 1 87
+ 1 88
+ 1 89
+ 1 90
+ 1 91
+ 1 92
+ 1 93
+ 1 94
+ 1 95
+ 1 96
+ 1 97
+ 1 98
+ 1 99
+ 1 100
x 2 2
x 3 3
x 4 4
x 5 5
x 6 6
x 7 7
x 8 8
x 9 9
x 10 10
x 11 11
x 12 12
x 13 13
x 14 14
x 15 15
x 16 16
x 17 17
x 18 18
x 19 19
x 20 20
x 21 21
x 22 22
x 23 23
x 24 24
x 25 25
x 26 26
x 27 27
x 28 28
x 29 29
x 30 30
x 31 31
x 32 32
x 33 33
x 34 34
x 35 35
x 36 36
x 37 37
x 38 38
x 39 39
x 40 40
x 41 41
x 42 42
x 43 43
x 44 44
x 45 45
x 46 46
x 47 47
x 48 48
x 49 49
x 50 50
x 51 51
x 52 52
x 53 53
x 54 54
x 55 55
x 56 56
x 57 57
x 58 58
x 59 59
x 60 60
x 61 61
x 62 62
x 63 63
x 64 64
x 65 65
x 66 66
x 67 67
x 68 68
x 69 69
x 70 70
x 71 71
x 72 72
x 73 73
x 74 74
x 75 75
x 76 76
x 77 77
x 78 78
x 79 79
x 80 80
x 81 81
x 82 82
x 83 83
x 84 84
x 85 85
x 86 86
x 87 87
x 88 88
x 89 89
x 90 90
x 91 91
x 92 92
x 93 93
x 94 94
x 95 96
x 96 97
x 97 98
x 98 99
+ 100 2
+ 100 3
+ 100 4
+ 100 5
+ 100 6
+ 100 7
+ 100 8
+ 100 9
+ 100 10
+ 100 11
+ 100 12
+ 100 13
+ 100 14
+ 100 15
+ 100 16
+ 100 17
+ 100 18
+ 100 19
+ 100 20
+ 100 21
+ 100 22
+ 100 23
+ 100 24
+ 100 25
+ 100 26
+ 100 27
+ 100 28
+ 100 29
+ 100 30
+ 100 31
+ 100 32
+ 100 33
+ 100 34
+ 100 35
+ 100 36
+ 100 37
+ 100 38
+ 100 39
+ 100 40
+ 100 41
+ 100 42
+ 100 43
+ 100 44
+ 100 45
+ 100 46
+ 100 47
+ 100 48
+ 100 49
+ 100 50
+ 100 51
+ 100 52
+ 100 53
+ 100 54
+ 100 55
+ 100 56
+ 100 57
+ 100 58
+ 100 59
+ 100 60
+ 100 61
+ 100 62
+ 100 63
+ 100 64
+ 100 65
+ 100 66
+ 100 67
+ 100 68
+ 100 69
+ 100 70
+ 100 71
+ 100 72
+ 100 73
+ 100 74
+ 100 75
+ 100 76
+ 100 77
+ 100 78
+ 100 79
+ 100 80
+ 100 81
+ 100 82
+ 100 83
+ 100 84
+ 100 85
+ 100 86
+ 100 87
+ 100 88
+ 100 89
+ 100 90
+ 100 91
+ 100 92
+ 100 93
+ 100 94
+ 100 95
+ 100 96
+ 100 97
+ 100 98
+ 100 99
x 100 100
Case #50: 92 50
+ 1 1
o 1 2
+ 1 3
+ 1 6
+ 1 7
+ 1 8
+ 1 10
+ 1 11
+ 1 14
+ 1 17
+ 1 18
+ 1 19
+ 1 20
+ 1 23
+ 1 25
+ 1 26
+ 1 29
+ 1 30
+ 1 32
+ 1 35
x 2 3
+ 2 35
+ 5 35
x 6 6
x 7 7
x 8 10
+ 8 35
x 9 11
+ 9 35
+ 13 1
x 13 14
x 14 15
+ 14 35
x 15 18
x 16 21
x 17 23
x 18 24
x 24 28
x 26 29
x 27 30
x 32 31
+ 35 4
+ 35 6
+ 35 7
+ 35 16
+ 35 22
+ 35 28
+ 35 31
+ 35 32
+ 35 34
Case #51: 195 102
+ 1 3
+ 1 6
+ 1 10
+ 1 11
+ 1 14
+ 1 15
+ 1 16
+ 1 17
+ 1 21
+ 1 25
+ 1 28
+ 1 31
+ 1 37
+ 1 38
+ 1 41
+ 1 45
+ 1 50
o 1 51
+ 1 53
+ 1 57
+ 1 58
+ 1 59
+ 1 61
+ 1 63
+ 1 67
+ 1 68
+ 1 69
+ 1 70
+ 1 72
+ 1 73
+ 1 75
x 3 2
+ 4 1
x 5 3
x 6 7
x 8 9
x 9 13
x 10 18
+ 11 75
+ 12 75
x 15 20
x 16 22
+ 16 75
x 17 23
x 20 25
+ 20 75
+ 21 75
+ 22 75
x 24 26
x 25 27
x 27 29
+ 27 75
x 29 30
+ 30 75
x 31 31
x 32 35
+ 33 75
+ 34 1
+ 34 75
+ 37 75
x 38 37
x 40 38
x 41 40
x 42 45
x 46 47
+ 48 1
x 48 48
x 49 50
+ 49 75
x 51 53
+ 52 1
x 52 58
x 54 59
x 56 63
x 57 64
x 58 65
x 59 66
x 60 67
x 61 68
x 65 69
x 66 71
x 68 72
x 73 73
x 74 74
+ 75 5
+ 75 7
+ 75 13
+ 75 15
+ 75 36
+ 75 39
+ 75 47
+ 75 50
+ 75 52
+ 75 54
+ 75 56
+ 75 57
+ 75 60
+ 75 61
+ 75 62
+ 75 67
+ 75 70
+ 75 73
Case #52: 268 213
o 1 1
+ 1 4
+ 1 14
+ 1 24
+ 1 28
+ 1 29
+ 1 30
+ 1 33
+ 1 36
+ 1 38
+ 1 39
+ 1 43
+ 1 48
+ 1 51
+ 1 52
+ 1 53
+ 1 54
+ 1 55
+ 1 59
+ 1 61
+ 1 63
+ 1 66
+ 1 70
+ 1 73
+ 1 77
+ 1 78
+ 1 79
+ 1 81
+ 1 83
+ 1 84
+ 1 86
+ 1 87
+ 1 88
+ 1 90
+ 1 91
+ 1 99
+ 1 100
x 2 2
x 3 4
+ 3 100
x 4 5
+ 4 100
x 5 6
+ 5 100
x 6 7
+ 6 100
x 7 8
+ 7 100
x 8 9
+ 8 100
x 9 10
x 10 11
x 11 12
x 12 13
+ 12 100
x 13 14
x 14 15
x 15 16
x 16 17
x 17 18
x 18 19
x 19 20
+ 19 100
x 20 21
x 21 22
+ 21 100
x 22 23
x 23 24
x 24 25
x 25 27
+ 25 100
x 26 28
+ 26 100
x 27 30
+ 27 100
x 28 31
x 29 32
x 31 33
x 32 34
+ 32 100
x 33 35
+ 33 100
x 34 36
+ 34 100
x 35 37
x 36 38
+ 36 100
x 37 39
+ 37 100
x 38 40
x 39 41
x 40 42
x 41 43
+ 41 100
x 43 44
x 44 45
+ 44 100
x 45 47
+ 45 100
x 46 48
x 47 49
x 48 50
x 49 51
x 50 52
+ 51 100
x 52 54
x 53 55
x 54 56
x 55 57
+ 55 100
x 56 58
+ 56 100
x 57 59
+ 57 100
x 58 60
x 59 61
+ 59 100
x 60 62
+ 60 100
x 61 63
x 62 64
x 63 65
+ 64 100
x 65 66
x 66 67
+ 66 100
x 67 68
+ 67 100
x 68 69
x 69 70
x 70 71
+ 70 100
x 71 72
x 72 73
x 74 74
x 75 75
+ 75 100
x 76 76
+ 76 100
x 77 78
x 78 79
+ 78 100
x 79 80
x 80 81
+ 80 100
x 81 82
+ 81 100
x 82 83
x 83 84
x 84 85
x 85 86
x 86 88
x 87 89
+ 88 100
x 89 90
x 90 91
x 92 92
+ 92 100
x 93 93
x 94 94
x 95 95
x 96 96
x 97 97
x 98 98
x 99 99
+ 99 100
+ 100 2
+ 100 9
+ 100 10
+ 100 11
+ 100 13
+ 100 14
+ 100 15
+ 100 16
+ 100 17
+ 100 18
+ 100 20
+ 100 22
+ 100 23
+ 100 24
+ 100 28
+ 100 29
+ 100 30
+ 100 31
+ 100 38
+ 100 39
+ 100 40
+ 100 42
+ 100 43
+ 100 46
+ 100 47
+ 100 48
+ 100 49
+ 100 50
+ 100 52
+ 100 53
+ 100 54
+ 100 62
+ 100 63
+ 100 65
+ 100 69
+ 100 71
+ 100 72
+ 100 79
+ 100 82
+ 100 83
+ 100 84
+ 100 87
+ 100 90
+ 100 91
+ 100 93
+ 100 97
x 100 100
Case #53: 294 240
o 1 1
+ 1 2
+ 1 3
+ 1 4
+ 1 5
+ 1 6
+ 1 7
+ 1 8
+ 1 10
+ 1 11
+ 1 12
+ 1 13
+ 1 14
+ 1 15
+ 1 16
+ 1 17
+ 1 18
+ 1 19
+ 1 20
+ 1 21
+ 1 22
+ 1 23
+ 1 24
+ 1 25
+ 1 26
+ 1 27
+ 1 28
+ 1 29
+ 1 30
+ 1 32
+ 1 33
+ 1 34
+ 1 35
+ 1 36
+ 1 38
+ 1 39
+ 1 40
+ 1 42
+ 1 43
+ 1 44
+ 1 45
+ 1 46
+ 1 48
+ 1 49
+ 1 50
+ 1 51
+ 1 52
+ 1 53
+ 1 54
+ 1 55
+ 1 57
+ 1 58
+ 1 59
+ 1 60
+ 1 61
+ 1 62
+ 1 63
+ 1 64
+ 1 66
+ 1 67
+ 1 68
+ 1 69
+ 1 70
+ 1 71
+ 1 72
+ 1 73
+ 1 74
+ 1 75
+ 1 76
+ 1 77
+ 1 78
+ 1 79
+ 1 80
+ 1 81
+ 1 82
+ 1 83
+ 1 84
+ 1 85
+ 1 86
+ 1 87
+ 1 88
+ 1 89
+ 1 90
+ 1 91
+ 1 92
+ 1 93
+ 1 94
+ 1 95
+ 1 96
+ 1 97
+ 1 98
+ 1 99
+ 1 100
x 2 4
x 4 5
x 9 6
x 10 11
x 12 14
x 13 15
x 15 16
x 17 17
x 19 18
x 22 22
x 25 23
x 27 25
x 28 29
x 30 31
x 31 32
x 35 36
x 36 37
+ 36 100
x 41 43
x 43 45
x 45 48
+ 45 100
x 46 49
x 47 51
x 50 52
x 53 53
x 54 55
+ 54 100
x 57 56
x 61 57
x 62 59
x 63 61
+ 64 100
x 65 62
x 66 63
x 67 65
x 68 66
x 69 67
x 70 68
x 74 69
x 76 72
x 79 73
x 80 75
x 81 76
x 82 77
x 86 80
x 87 81
x 90 84
x 92 87
x 93 91
x 94 94
x 95 95
x 96 98
x 98 99
x 99 100
+ 100 2
+ 100 3
+ 100 4
+ 100 5
+ 100 6
+ 100 7
+ 100 8
+ 100 9
+ 100 10
+ 100 11
+ 100 12
+ 100 13
+ 100 14
+ 100 15
+ 100 16
+ 100 17
+ 100 18
+ 100 19
+ 100 20
+ 100 21
+ 100 22
+ 100 23
+ 100 24
+ 100 25
+ 100 26
+ 100 27
+ 100 28
+ 100 29
+ 100 30
+ 100 31
+ 100 32
+ 100 33
+ 100 34
+ 100 35
+ 100 37
+ 100 38
+ 100 39
+ 100 40
+ 100 41
+ 100 42
+ 100 43
+ 100 44
+ 100 46
+ 100 47
+ 100 48
+ 100 49
+ 100 50
+ 100 51
+ 100 52
+ 100 53
+ 100 55
+ 100 56
+ 100 57
+ 100 58
+ 100 59
+ 100 60
+ 100 61
+ 100 62
+ 100 63
+ 100 65
+ 100 66
+ 100 67
+ 100 68
+ 100 69
+ 100 70
+ 100 71
+ 100 72
+ 100 73
+ 100 74
+ 100 75
+ 100 76
+ 100 77
o 100 78
+ 100 79
+ 100 80
+ 100 81
+ 100 82
+ 100 83
+ 100 84
+ 100 86
+ 100 87
+ 100 88
+ 100 89
+ 100 90
+ 100 91
+ 100 92
+ 100 93
+ 100 94
+ 100 95
+ 100 96
+ 100 97
+ 100 99
Case #54: 75 42
+ 1 1
+ 1 4
+ 1 7
+ 1 8
+ 1 10
+ 1 14
+ 1 16
+ 1 17
+ 1 18
+ 1 19
+ 1 22
+ 1 26
+ 1 28
+ 1 29
+ 3 29
x 4 2
x 5 3
x 6 4
+ 6 29
x 7 7
x 10 8
+ 11 1
x 11 9
x 12 10
x 13 14
x 14 17
+ 18 29
x 21 23
x 22 24
+ 23 1
x 25 26
x 27 28
+ 29 2
+ 29 10
+ 29 16
+ 29 20
+ 29 22
+ 29 24
+ 29 25
+ 29 26
+ 29 28
x 29 29
Case #55: 7 6
o 1 1
+ 1 2
+ 1 3
x 2 2
+ 3 2
x 3 3
Case #56: 298 269
+ 1 1
+ 1 2
+ 1 3
+ 1 4
+ 1 5
+ 1 6
+ 1 7
+ 1 8
+ 1 9
+ 1 10
+ 1 11
+ 1 12
+ 1 13
+ 1 14
+ 1 15
+ 1 16
+ 1 17
+ 1 18
+ 1 19
+ 1 20
+ 1 21
+ 1 22
+ 1 23
+ 1 24
+ 1 25
+ 1 26
+ 1 27
+ 1 28
+ 1 29
+ 1 30
+ 1 31
+ 1 32
+ 1 33
+ 1 34
+ 1 35
+ 1 36
+ 1 37
+ 1 38
+ 1 39
+ 1 40
+ 1 41
+ 1 42
+ 1 43
+ 1 44
+ 1 45
+ 1 46
+ 1 47
+ 1 48
+ 1 49
+ 1 50
+ 1 51
+ 1 52
+ 1 53
+ 1 54
+ 1 55
+ 1 56
+ 1 57
+ 1 58
+ 1 59
+ 1 60
+ 1 61
+ 1 62
+ 1 63
+ 1 64
+ 1 65
+ 1 66
+ 1 67
+ 1 68
+ 1 69
+ 1 70
+ 1 71
+ 1 72
+ 1 73
+ 1 74
+ 1 75
+ 1 76
+ 1 77
+ 1 78
+ 1 79
+ 1 80
+ 1 81
+ 1 82
+ 1 83
+ 1 84
+ 1 85
+ 1 86
+ 1 87
+ 1 88
+ 1 89
+ 1 90
+ 1 91
+ 1 92
+ 1 93
+ 1 94
+ 1 95
+ 1 96
+ 1 97
+ 1 98
+ 1 99
o 1 100
x 2 2
x 5 3
x 8 7
x 11 8
x 12 10
x 13 11
x 15 13
x 16 14
x 17 15
x 18 16
x 19 18
x 20 19
x 21 20
x 22 21
x 23 22
x 27 23
x 28 25
x 29 26
x 30 27
x 31 29
x 33 30
x 35 31
x 36 33
x 37 34
x 39 36
x 40 37
x 41 38
x 42 39
x 44 42
x 45 44
x 46 45
x 47 46
x 48 47
x 49 49
x 52 50
x 56 51
x 57 52
x 58 53
x 60 54
x 61 56
x 62 58
x 63 59
x 64 60
x 65 61
x 66 64
x 69 66
x 70 67
x 71 68
x 72 69
x 73 70
x 74 71
x 75 73
x 77 74
x 78 75
x 79 76
x 80 78
x 81 80
x 82 81
x 83 82
x 84 84
x 85 87
x 87 88
x 88 89
x 89 90
x 90 91
x 92 92
x 93 93
x 94 94
x 96 95
x 97 96
x 99 98
+ 100 2
+ 100 3
+ 100 4
+ 100 5
+ 100 6
+ 100 7
+ 100 8
+ 100 9
+ 100 10
+ 100 11
+ 100 12
+ 100 13
+ 100 14
+ 100 15
+ 100 16
+ 100 17
+ 100 18
+ 100 19
+ 100 20
+ 100 21
+ 100 22
+ 100 23
+ 100 24
+ 100 25
+ 100 26
+ 100 27
+ 100 28
+ 100 29
+ 100 30
+ 100 31
+ 100 32
+ 100 33
+ 100 34
+ 100 35
+ 100 36
+ 100 37
+ 100 38
+ 100 39
+ 100 40
+ 100 41
+ 100 42
+ 100 43
+ 100 44
+ 100 45
+ 100 46
+ 100 47
+ 100 48
+ 100 49
+ 100 50
+ 100 51
+ 100 52
+ 100 53
+ 100 54
+ 100 55
+ 100 56
+ 100 57
+ 100 58
+ 100 59
+ 100 60
+ 100 61
+ 100 62
+ 100 63
+ 100 64
+ 100 65
+ 100 66
+ 100 67
+ 100 68
+ 100 69
+ 100 70
+ 100 71
+ 100 72
+ 100 73
+ 100 74
+ 100 75
+ 100 76
+ 100 77
+ 100 78
+ 100 79
+ 100 80
+ 100 81
+ 100 82
+ 100 83
+ 100 84
+ 100 85
+ 100 86
+ 100 87
+ 100 88
+ 100 89
+ 100 90
+ 100 91
+ 100 92
+ 100 93
+ 100 94
+ 100 95
+ 100 96
+ 100 97
+ 100 98
o 100 99
Case #57: 293 193
+ 1 2
+ 1 4
+ 1 5
+ 1 6
+ 1 7
+ 1 8
+ 1 10
+ 1 11
+ 1 13
+ 1 14
+ 1 15
+ 1 16
+ 1 17
+ 1 18
+ 1 19
+ 1 20
+ 1 21
+ 1 22
+ 1 23
+ 1 24
+ 1 25
+ 1 27
+ 1 29
+ 1 30
+ 1 31
+ 1 32
+ 1 33
+ 1 34
+ 1 35
+ 1 36
+ 1 37
+ 1 38
+ 1 39
+ 1 40
+ 1 41
+ 1 42
+ 1 43
+ 1 44
+ 1 45
+ 1 46
+ 1 47
+ 1 48
+ 1 49
+ 1 50
+ 1 51
+ 1 52
+ 1 53
+ 1 54
+ 1 55
+ 1 56
+ 1 57
+ 1 58
+ 1 59
+ 1 61
+ 1 62
+ 1 63
+ 1 64
+ 1 65
+ 1 66
+ 1 67
+ 1 68
+ 1 70
+ 1 71
+ 1 72
+ 1 73
+ 1 74
+ 1 75
+ 1 77
+ 1 78
+ 1 79
+ 1 80
+ 1 81
+ 1 82
+ 1 83
+ 1 84
+ 1 85
+ 1 86
+ 1 87
+ 1 88
+ 1 89
+ 1 90
+ 1 91
+ 1 92
+ 1 93
+ 1 94
+ 1 96
+ 1 97
+ 1 98
o 1 99
+ 1 100
+ 6 100
x 20 32
+ 25 100
x 30 34
x 36 40
+ 41 100
x 58 42
x 80 56
x 88 87
+ 89 100
+ 92 100
+ 100 2
+ 100 3
+ 100 4
+ 100 5
+ 100 7
+ 100 8
+ 100 9
+ 100 10
+ 100 11
+ 100 12
+ 100 13
+ 100 14
+ 100 15
+ 100 16
+ 100 17
+ 100 18
+ 100 19
+ 100 20
+ 100 21
+ 100 22
+ 100 23
+ 100 24
+ 100 26
+ 100 27
+ 100 28
+ 100 29
+ 100 30
+ 100 31
+ 100 32
+ 100 33
+ 100 34
+ 100 35
+ 100 36
+ 100 37
+ 100 38
+ 100 39
+ 100 40
+ 100 42
+ 100 43
+ 100 44
+ 100 45
+ 100 46
+ 100 47
+ 100 48
+ 100 49
+ 100 50
+ 100 51
+ 100 52
+ 100 53
+ 100 54
+ 100 55
+ 100 56
+ 100 57
+ 100 58
+ 100 59
+ 100 60
+ 100 61
+ 100 62
+ 100 63
+ 100 64
o 100 65
+ 100 66
+ 100 67
+ 100 68
+ 100 69
+ 100 70
+ 100 71
+ 100 72
+ 100 73
+ 100 74
+ 100 75
+ 100 76
+ 100 77
+ 100 78
+ 100 79
+ 100 80
+ 100 81
+ 100 82
+ 100 83
+ 100 84
+ 100 85
+ 100 86
+ 100 87
+ 100 88
+ 100 90
+ 100 91
+ 100 93
+ 100 94
+ 100 96
+ 100 97
+ 100 98
+ 100 99
Case #58: 295 294
o 1 1
+ 1 2
+ 1 3
+ 1 4
+ 1 5
+ 1 6
+ 1 7
+ 1 8
+ 1 9
+ 1 10
+ 1 11
+ 1 12
+ 1 13
+ 1 14
+ 1 15
+ 1 16
+ 1 17
+ 1 18
+ 1 19
+ 1 20
+ 1 21
+ 1 22
+ 1 23
+ 1 24
+ 1 25
+ 1 26
+ 1 27
+ 1 28
+ 1 29
+ 1 30
+ 1 31
+ 1 32
+ 1 33
+ 1 34
+ 1 35
+ 1 36
+ 1 37
+ 1 38
+ 1 39
+ 1 40
+ 1 41
+ 1 42
+ 1 43
+ 1 44
+ 1 45
+ 1 46
+ 1 47
+ 1 48
+ 1 49
+ 1 50
+ 1 51
+ 1 52
+ 1 53
+ 1 54
+ 1 55
+ 1 56
+ 1 57
+ 1 58
+ 1 59
+ 1 60
+ 1 61
+ 1 62
+ 1 63
+ 1 64
+ 1 65
+ 1 66
+ 1 67
+ 1 68
+ 1 69
+ 1 70
+ 1 71
+ 1 72
+ 1 73
+ 1 74
+ 1 75
+ 1 76
+ 1 77
+ 1 78
+ 1 79
+ 1 80
+ 1 81
+ 1 82
+ 1 83
+ 1 84
+ 1 85
+ 1 86
+ 1 87
+ 1 88
+ 1 89
+ 1 90
+ 1 91
+ 1 92
+ 1 93
+ 1 94
+ 1 95
+ 1 96
+ 1 97
+ 1 98
+ 1 99
x 2 2
x 3 3
x 4 4
x 5 5
x 6 6
x 7 7
x 8 8
x 9 9
x 10 10
x 11 11
x 12 12
x 13 13
x 14 14
x 15 15
x 16 16
x 17 17
x 18 18
x 19 19
x 20 20
x 21 21
x 22 22
x 23 23
x 24 24
x 25 25
x 26 26
x 27 27
x 28 28
x 29 29
x 30 30
x 31 31
x 32 32
x 33 33
x 34 34
x 35 35
x 36 36
x 37 37
x 38 38
x 39 39
x 40 40
x 41 41
x 42 42
x 43 43
x 44 44
x 45 45
x 46 46
x 47 47
x 48 48
x 49 49
x 50 50
x 51 51
x 52 52
x 53 53
x 54 54
x 55 55
x 56 56
x 57 57
x 58 58
x 59 59
x 60 60
x 61 61
x 62 62
x 63 63
x 64 64
x 65 65
x 66 66
x 67 67
x 68 68
x 69 69
x 70 70
x 71 71
x 72 72
x 73 73
x 74 74
x 75 75
x 76 76
x 77 77
x 78 78
x 79 79
x 80 80
x 81 81
x 82 82
x 83 83
x 84 84
x 85 85
x 86 86
x 87 87
x 88 88
x 89 89
x 90 90
x 91 91
x 92 92
x 93 93
x 94 94
x 95 95
x 96 96
x 97 97
x 98 98
+ 99 2
+ 99 3
+ 99 4
+ 99 5
+ 99 6
+ 99 7
+ 99 8
+ 99 9
+ 99 10
+ 99 11
+ 99 12
+ 99 13
+ 99 14
+ 99 15
+ 99 16
+ 99 17
+ 99 18
+ 99 19
+ 99 20
+ 99 21
+ 99 22
+ 99 23
+ 99 24
+ 99 25
+ 99 26
+ 99 27
+ 99 28
+ 99 29
+ 99 30
+ 99 31
+ 99 32
+ 99 33
+ 99 34
+ 99 35
+ 99 36
+ 99 37
+ 99 38
+ 99 39
+ 99 40
+ 99 41
+ 99 42
+ 99 43
+ 99 44
+ 99 45
+ 99 46
+ 99 47
+ 99 48
+ 99 49
+ 99 50
+ 99 51
+ 99 52
+ 99 53
+ 99 54
+ 99 55
+ 99 56
+ 99 57
+ 99 58
+ 99 59
+ 99 60
+ 99 61
+ 99 62
+ 99 63
+ 99 64
+ 99 65
+ 99 66
+ 99 67
+ 99 68
+ 99 69
+ 99 70
+ 99 71
+ 99 72
+ 99 73
+ 99 74
+ 99 75
+ 99 76
+ 99 77
+ 99 78
+ 99 79
+ 99 80
+ 99 81
+ 99 82
+ 99 83
+ 99 84
+ 99 85
+ 99 86
+ 99 87
+ 99 88
+ 99 89
+ 99 90
+ 99 91
+ 99 92
+ 99 93
+ 99 94
+ 99 95
+ 99 96
+ 99 97
+ 99 98
x 99 99
Case #59: 112 64
+ 1 3
+ 1 5
+ 1 8
+ 1 9
+ 1 11
+ 1 13
+ 1 14
+ 1 19
+ 1 22
+ 1 23
+ 1 27
+ 1 29
+ 1 31
+ 1 32
+ 1 35
+ 1 40
+ 1 43
x 3 1
+ 3 43
x 4 2
x 7 4
+ 7 43
x 8 6
+ 8 43
x 10 7
+ 10 43
x 11 8
+ 11 43
x 13 11
x 19 13
+ 19 43
+ 21 1
x 21 14
x 23 15
x 24 16
x 27 19
x 28 21
x 29 25
+ 30 1
x 31 26
x 32 27
x 34 30
x 38 37
+ 38 43
x 39 41
x 41 42
+ 42 43
+ 43 4
+ 43 5
+ 43 6
+ 43 9
+ 43 12
+ 43 13
+ 43 25
+ 43 28
+ 43 29
+ 43 31
+ 43 32
+ 43 34
+ 43 36
+ 43 37
+ 43 39
+ 43 40
+ 43 41
Case #60: 82 48
o 1 1
+ 1 2
+ 1 3
+ 1 5
+ 1 6
+ 1 7
+ 1 9
+ 1 12
+ 1 16
+ 1 17
+ 1 19
+ 1 20
+ 1 21
+ 1 24
+ 1 26
+ 1 28
+ 1 30
+ 1 31
x 3 6
x 4 7
x 5 8
+ 5 31
x 6 9
x 8 10
+ 9 31
x 11 14
x 14 15
x 15 16
+ 17 31
x 18 17
+ 18 31
x 21 19
x 23 20
x 25 24
x 26 25
x 29 27
x 30 30
+ 31 2
+ 31 6
+ 31 12
+ 31 16
+ 31 19
+ 31 22
+ 31 23
+ 31 24
+ 31 25
+ 31 28
+ 31 30
Case #61: 298 247
o 1 1
+ 1 2
+ 1 3
+ 1 4
+ 1 5
+ 1 6
+ 1 7
+ 1 8
+ 1 9
+ 1 10
+ 1 11
+ 1 12
+ 1 13
+ 1 14
+ 1 15
+ 1 16
+ 1 17
+ 1 18
+ 1 19
+ 1 20
+ 1 21
+ 1 22
+ 1 23
+ 1 24
+ 1 25
+ 1 26
+ 1 27
+ 1 28
+ 1 29
+ 1 30
+ 1 31
+ 1 32
+ 1 33
+ 1 34
+ 1 35
+ 1 36
+ 1 37
+ 1 38
+ 1 39
+ 1 40
+ 1 41
+ 1 42
+ 1 43
+ 1 44
+ 1 45
+ 1 46
+ 1 47
+ 1 48
+ 1 49
+ 1 50
+ 1 51
+ 1 52
+ 1 53
+ 1 54
+ 1 55
+ 1 56
+ 1 57
+ 1 58
+ 1 59
+ 1 60
+ 1 61
+ 1 62
+ 1 63
+ 1 64
+ 1 65
+ 1 66
+ 1 67
+ 1 68
+ 1 69
+ 1 70
+ 1 71
+ 1 72
+ 1 73
+ 1 74
+ 1 75
+ 1 76
+ 1 77
+ 1 78
+ 1 79
+ 1 80
+ 1 81
+ 1 82
+ 1 83
+ 1 84
+ 1 85
+ 1 86
+ 1 87
+ 1 88
+ 1 89
+ 1 90
+ 1 91
+ 1 92
+ 1 93
+ 1 94
+ 1 95
+ 1 96
+ 1 97
+ 1 98
+ 1 99
+ 1 100
x 3 5
x 4 6
x 9 7
x 11 8
x 12 10
x 13 11
x 14 14
x 17 19
x 19 21
x 21 22
x 22 25
x 25 26
x 27 32
x 28 33
x 29 34
x 30 35
x 31 37
x 32 38
x 36 39
x 37 40
x 38 41
x 41 43
x 42 44
x 43 46
x 45 49
x 49 54
x 50 57
x 52 59
x 55 61
x 56 62
x 58 64
x 60 65
x 61 67
x 62 69
x 64 73
x 67 74
x 70 75
x 72 78
x 75 79
x 78 80
x 79 83
x 81 84
x 83 85
x 86 86
x 87 91
x 89 94
x 90 95
x 91 98
x 92 99
+ 100 2
+ 100 3
+ 100 4
+ 100 5
+ 100 6
+ 100 7
+ 100 8
+ 100 9
+ 100 10
+ 100 11
+ 100 12
+ 100 13
+ 100 14
+ 100 15
+ 100 16
+ 100 17
+ 100 18
+ 100 19
+ 100 20
+ 100 21
+ 100 22
+ 100 23
+ 100 24
+ 100 25
+ 100 26
+ 100 27
+ 100 28
+ 100 29
+ 100 30
+ 100 31
+ 100 32
+ 100 33
+ 100 34
+ 100 35
+ 100 36
+ 100 37
+ 100 38
+ 100 39
+ 100 40
+ 100 41
+ 100 42
+ 100 43
+ 100 44
o 100 45
+ 100 46
+ 100 47
+ 100 48
+ 100 49
+ 100 50
+ 100 51
+ 100 52
+ 100 53
+ 100 54
+ 100 55
+ 100 56
+ 100 57
+ 100 58
+ 100 59
+ 100 60
+ 100 61
+ 100 62
+ 100 63
+ 100 64
+ 100 65
+ 100 66
+ 100 67
+ 100 68
+ 100 69
+ 100 70
+ 100 71
+ 100 72
+ 100 73
+ 100 74
+ 100 75
+ 100 76
+ 100 77
+ 100 78
+ 100 79
+ 100 80
+ 100 81
+ 100 82
+ 100 83
+ 100 84
+ 100 85
+ 100 86
+ 100 87
+ 100 88
+ 100 89
+ 100 90
+ 100 91
+ 100 92
+ 100 93
+ 100 94
+ 100 95
+ 100 96
+ 100 97
+ 100 98
+ 100 99
Case #62: 298 297
o 1 1
+ 1 2
+ 1 3
+ 1 4
+ 1 5
+ 1 6
+ 1 7
+ 1 8
+ 1 9
+ 1 10
+ 1 11
+ 1 12
+ 1 13
+ 1 14
+ 1 15
+ 1 16
+ 1 17
+ 1 18
+ 1 19
+ 1 20
+ 1 21
+ 1 22
+ 1 23
+ 1 24
+ 1 25
+ 1 26
+ 1 27
+ 1 28
+ 1 29
+ 1 30
+ 1 31
+ 1 32
+ 1 33
+ 1 34
+ 1 35
+ 1 36
+ 1 37
+ 1 38
+ 1 39
+ 1 40
+ 1 41
+ 1 42
+ 1 43
+ 1 44
+ 1 45
+ 1 46
+ 1 47
+ 1 48
+ 1 49
+ 1 50
+ 1 51
+ 1 52
+ 1 53
+ 1 54
+ 1 55
+ 1 56
+ 1 57
+ 1 58
+ 1 59
+ 1 60
+ 1 61
+ 1 62
+ 1 63
+ 1 64
+ 1 65
+ 1 66
+ 1 67
+ 1 68
+ 1 69
+ 1 70
+ 1 71
+ 1 72
+ 1 73
+ 1 74
+ 1 75
+ 1 76
+ 1 77
+ 1 78
+ 1 79
+ 1 80
+ 1 81
+ 1 82
+ 1 83
+ 1 84
+ 1 85
+ 1 86
+ 1 87
+ 1 88
+ 1 89
+ 1 90
+ 1 91
+ 1 92
+ 1 93
+ 1 94
+ 1 95
+ 1 96
+ 1 97
+ 1 98
+ 1 99
+ 1 100
x 2 2
x 3 3
x 4 4
x 5 5
x 6 6
x 7 7
x 8 8
x 9 9
x 10 10
x 11 11
x 12 12
x 13 13
x 14 14
x 15 15
x 16 16
x 17 17
x 18 18
x 19 19
x 20 20
x 21 21
x 22 22
x 23 23
x 24 24
x 25 25
x 26 26
x 27 27
x 28 28
x 29 29
x 30 30
x 31 31
x 32 32
x 33 33
x 34 34
x 35 35
x 36 36
x 37 37
x 38 38
x 39 39
x 40 40
x 41 41
x 42 42
x 43 43
x 44 44
x 45 45
x 46 46
x 47 47
x 48 48
x 49 49
x 50 50
x 51 51
x 52 52
x 53 53
x 54 54
x 55 55
x 56 56
x 57 57
x 58 58
x 59 59
x 60 60
x 61 61
x 62 62
x 63 63
x 64 64
x 65 65
x 66 66
x 67 67
x 68 68
x 69 69
x 70 70
x 71 71
x 72 72
x 73 73
x 74 74
x 75 75
x 76 76
x 77 77
x 78 78
x 79 79
x 80 80
x 81 81
x 82 82
x 83 83
x 84 84
x 85 85
x 86 86
x 87 87
x 88 88
x 89 89
x 90 90
x 91 91
x 92 92
x 93 93
x 94 94
x 95 95
x 96 96
x 97 97
x 98 98
x 99 99
+ 100 2
+ 100 3
+ 100 4
+ 100 5
+ 100 6
+ 100 7
+ 100 8
+ 100 9
+ 100 10
+ 100 11
+ 100 12
+ 100 13
+ 100 14
+ 100 15
+ 100 16
+ 100 17
+ 100 18
+ 100 19
+ 100 20
+ 100 21
+ 100 22
+ 100 23
+ 100 24
+ 100 25
+ 100 26
+ 100 27
+ 100 28
+ 100 29
+ 100 30
+ 100 31
+ 100 32
+ 100 33
+ 100 34
+ 100 35
+ 100 36
+ 100 37
+ 100 38
+ 100 39
+ 100 40
+ 100 41
+ 100 42
+ 100 43
+ 100 44
+ 100 45
+ 100 46
+ 100 47
+ 100 48
+ 100 49
+ 100 50
+ 100 51
+ 100 52
+ 100 53
+ 100 54
+ 100 55
+ 100 56
+ 100 57
+ 100 58
+ 100 59
+ 100 60
+ 100 61
+ 100 62
+ 100 63
+ 100 64
+ 100 65
+ 100 66
+ 100 67
+ 100 68
+ 100 69
+ 100 70
+ 100 71
+ 100 72
+ 100 73
+ 100 74
+ 100 75
+ 100 76
+ 100 77
+ 100 78
+ 100 79
+ 100 80
+ 100 81
+ 100 82
+ 100 83
+ 100 84
+ 100 85
+ 100 86
+ 100 87
+ 100 88
+ 100 89
+ 100 90
+ 100 91
+ 100 92
+ 100 93
+ 100 94
+ 100 95
+ 100 96
+ 100 97
+ 100 98
+ 100 99
x 100 100
Case #63: 298 289
+ 1 1
+ 1 2
+ 1 3
+ 1 4
+ 1 5
+ 1 6
+ 1 7
+ 1 8
+ 1 9
+ 1 10
+ 1 11
+ 1 12
+ 1 13
+ 1 14
+ 1 15
+ 1 16
+ 1 17
+ 1 18
+ 1 19
+ 1 20
+ 1 21
+ 1 22
+ 1 23
+ 1 24
o 1 25
+ 1 26
+ 1 27
+ 1 28
+ 1 29
+ 1 30
+ 1 31
+ 1 32
+ 1 33
+ 1 34
+ 1 35
+ 1 36
+ 1 37
+ 1 38
+ 1 39
+ 1 40
+ 1 41
+ 1 42
+ 1 43
+ 1 44
+ 1 45
+ 1 46
+ 1 47
+ 1 48
+ 1 49
+ 1 50
+ 1 51
+ 1 52
+ 1 53
+ 1 54
+ 1 55
+ 1 56
+ 1 57
+ 1 58
+ 1 59
+ 1 60
+ 1 61
+ 1 62
+ 1 63
+ 1 64
+ 1 65
+ 1 66
+ 1 67
+ 1 68
+ 1 69
+ 1 70
+ 1 71
+ 1 72
+ 1 73
+ 1 74
+ 1 75
+ 1 76
+ 1 77
+ 1 78
+ 1 79
+ 1 80
+ 1 81
+ 1 82
+ 1 83
+ 1 84
+ 1 85
+ 1 86
+ 1 87
+ 1 88
+ 1 89
+ 1 90
+ 1 91
+ 1 92
+ 1 93
+ 1 94
+ 1 95
+ 1 96
+ 1 97
+ 1 98
+ 1 99
+ 1 100
x 2 1
x 3 2
x 4 3
x 6 4
x 7 5
x 8 6
x 9 7
x 10 8
x 11 10
x 12 11
x 13 12
x 14 14
x 15 15
x 16 16
x 17 17
x 18 18
x 19 19
x 20 20
x 21 21
x 22 23
x 23 24
x 24 26
x 25 27
x 26 28
x 27 29
x 28 30
x 29 31
x 30 32
x 31 33
x 33 34
x 34 35
x 35 36
x 36 37
x 37 38
x 38 39
x 39 41
x 40 42
x 41 43
x 42 44
x 43 45
x 44 46
x 45 47
x 46 48
x 47 49
x 48 50
x 49 51
x 51 52
x 52 53
x 53 54
x 54 55
x 55 56
x 56 57
x 57 59
x 58 60
x 59 61
x 60 62
x 61 63
x 62 65
x 63 66
x 64 67
x 65 69
x 67 70
x 68 71
x 69 72
x 70 73
x 71 74
x 72 75
x 73 76
x 74 77
x 75 78
x 76 79
x 77 80
x 78 81
x 79 82
x 80 83
x 81 84
x 82 85
x 83 86
x 85 87
x 87 88
x 88 89
x 89 91
x 90 92
x 92 93
x 93 94
x 94 95
x 95 96
x 96 97
x 98 98
x 99 99
+ 100 2
+ 100 3
+ 100 4
+ 100 5
+ 100 6
+ 100 7
+ 100 8
+ 100 9
+ 100 10
+ 100 11
+ 100 12
+ 100 13
+ 100 14
+ 100 15
+ 100 16
+ 100 17
+ 100 18
+ 100 19
+ 100 20
+ 100 21
+ 100 22
+ 100 23
+ 100 24
+ 100 25
+ 100 26
+ 100 27
+ 100 28
+ 100 29
+ 100 30
+ 100 31
+ 100 32
+ 100 33
+ 100 34
+ 100 35
+ 100 36
+ 100 37
+ 100 38
+ 100 39
+ 100 40
+ 100 41
+ 100 42
+ 100 43
+ 100 44
+ 100 45
+ 100 46
+ 100 47
+ 100 48
+ 100 49
+ 100 50
+ 100 51
+ 100 52
+ 100 53
+ 100 54
+ 100 55
+ 100 56
+ 100 57
+ 100 58
+ 100 59
+ 100 60
+ 100 61
+ 100 62
+ 100 63
+ 100 64
+ 100 65
+ 100 66
+ 100 67
+ 100 68
+ 100 69
+ 100 70
+ 100 71
+ 100 72
+ 100 73
+ 100 74
+ 100 75
+ 100 76
+ 100 77
+ 100 78
+ 100 79
+ 100 80
+ 100 81
+ 100 82
+ 100 83
+ 100 84
+ 100 85
+ 100 86
+ 100 87
+ 100 88
+ 100 89
+ 100 90
+ 100 91
+ 100 92
+ 100 93
+ 100 94
+ 100 95
+ 100 96
+ 100 97
+ 100 98
+ 100 99
x 100 100
Case #64: 298 198
+ 1 1
+ 1 2
+ 1 3
+ 1 4
+ 1 5
+ 1 6
+ 1 7
+ 1 8
+ 1 9
+ 1 10
+ 1 11
+ 1 12
+ 1 13
+ 1 14
+ 1 15
+ 1 16
+ 1 17
+ 1 18
+ 1 19
+ 1 20
+ 1 21
+ 1 22
+ 1 23
+ 1 24
+ 1 25
+ 1 26
+ 1 27
+ 1 28
+ 1 29
+ 1 30
+ 1 31
+ 1 32
+ 1 33
+ 1 34
+ 1 35
+ 1 36
+ 1 37
+ 1 38
+ 1 39
+ 1 40
+ 1 41
+ 1 42
+ 1 43
+ 1 44
+ 1 45
+ 1 46
+ 1 47
+ 1 48
+ 1 49
+ 1 50
+ 1 51
+ 1 52
+ 1 53
+ 1 54
+ 1 55
+ 1 56
+ 1 57
+ 1 58
+ 1 59
+ 1 60
+ 1 61
+ 1 62
+ 1 63
+ 1 64
+ 1 65
+ 1 66
+ 1 67
+ 1 68
+ 1 69
+ 1 70
+ 1 71
+ 1 72
+ 1 73
+ 1 74
+ 1 75
+ 1 76
+ 1 77
+ 1 78
+ 1 79
+ 1 80
+ 1 81
+ 1 82
+ 1 83
+ 1 84
+ 1 85
+ 1 86
+ 1 87
+ 1 88
+ 1 89
+ 1 90
+ 1 91
+ 1 92
+ 1 93
+ 1 94
+ 1 95
+ 1 96
+ 1 97
+ 1 98
o 1 99
+ 1 100
+ 100 2
+ 100 3
+ 100 4
+ 100 5
+ 100 6
+ 100 7
+ 100 8
+ 100 9
+ 100 10
+ 100 11
+ 100 12
+ 100 13
o 100 14
+ 100 15
+ 100 16
+ 100 17
+ 100 18
+ 100 19
+ 100 20
+ 100 21
+ 100 22
+ 100 23
+ 100 24
+ 100 25
+ 100 26
+ 100 27
+ 100 28
+ 100 29
+ 100 30
+ 100 31
+ 100 32
+ 100 33
+ 100 34
+ 100 35
+ 100 36
+ 100 37
+ 100 38
+ 100 39
+ 100 40
+ 100 41
+ 100 42
+ 100 43
+ 100 44
+ 100 45
+ 100 46
+ 100 47
+ 100 48
+ 100 49
+ 100 50
+ 100 51
+ 100 52
+ 100 53
+ 100 54
+ 100 55
+ 100 56
+ 100 57
+ 100 58
+ 100 59
+ 100 60
+ 100 61
+ 100 62
+ 100 63
+ 100 64
+ 100 65
+ 100 66
+ 100 67
+ 100 68
+ 100 69
+ 100 70
+ 100 71
+ 100 72
+ 100 73
+ 100 74
+ 100 75
+ 100 76
+ 100 77
+ 100 78
+ 100 79
+ 100 80
+ 100 81
+ 100 82
+ 100 83
+ 100 84
+ 100 85
+ 100 86
+ 100 87
+ 100 88
+ 100 89
+ 100 90
+ 100 91
+ 100 92
+ 100 93
+ 100 94
+ 100 95
+ 100 96
+ 100 97
+ 100 98
+ 100 99
Case #65: 258 161
x 1 1
x 2 2
+ 2 100
o 3 3
+ 3 100
x 4 4
+ 4 100
x 5 5
+ 5 100
x 6 6
+ 6 100
x 7 7
+ 7 100
x 8 8
+ 8 100
x 9 9
+ 9 100
x 10 10
+ 10 100
x 11 11
x 12 12
+ 12 100
x 13 13
+ 13 100
x 14 14
+ 14 100
x 15 15
+ 15 100
x 16 16
+ 16 100
x 17 17
+ 17 100
x 18 18
+ 18 100
x 19 19
+ 19 100
x 20 20
x 21 21
+ 21 100
x 22 22
+ 22 100
x 23 23
+ 23 100
x 24 24
+ 24 100
x 25 25
+ 25 100
x 26 26
+ 26 100
x 27 27
+ 27 100
x 28 28
+ 28 100
x 29 29
+ 29 100
x 30 30
+ 30 100
x 31 31
+ 31 100
x 32 32
+ 32 100
x 33 33
x 34 34
+ 34 100
x 35 35
+ 35 100
x 36 36
+ 36 100
x 37 37
+ 37 100
x 38 38
+ 38 100
x 39 39
x 40 40
+ 40 100
x 41 41
+ 41 100
x 42 42
+ 42 100
x 43 43
x 44 44
x 45 45
+ 45 100
x 46 46
x 47 47
+ 47 100
x 48 48
+ 48 100
x 49 49
x 50 50
+ 50 100
x 51 51
x 52 52
x 53 53
x 54 54
+ 54 100
x 55 55
+ 55 100
x 56 56
x 57 57
x 58 58
x 59 59
+ 59 100
x 60 60
+ 60 100
x 61 61
x 62 62
+ 62 100
x 63 63
x 64 64
+ 64 100
x 65 65
+ 65 100
x 66 66
x 67 67
x 68 68
x 69 69
x 70 70
x 71 71
x 72 72
x 73 73
x 74 74
x 75 75
x 76 76
x 77 77
x 78 78
x 79 79
x 80 80
x 81 81
x 82 82
x 83 83
x 84 84
x 85 85
x 86 86
x 87 87
x 88 88
x 89 89
x 90 90
x 91 91
x 92 92
x 93 93
x 94 94
x 95 95
x 96 96
x 97 97
x 98 98
x 99 99
+ 100 11
+ 100 33
+ 100 43
+ 100 46
+ 100 49
+ 100 51
+ 100 52
+ 100 53
+ 100 56
+ 100 57
+ 100 69
+ 100 70
+ 100 71
x 100 100
Case #66: 298 229
+ 1 1
+ 1 2
+ 1 3
+ 1 4
+ 1 5
+ 1 6
+ 1 7
+ 1 8
+ 1 9
+ 1 10
+ 1 11
+ 1 12
+ 1 13
+ 1 14
+ 1 15
+ 1 16
+ 1 17
+ 1 18
+ 1 19
+ 1 20
+ 1 21
+ 1 22
+ 1 23
+ 1 24
+ 1 25
+ 1 26
+ 1 27
+ 1 28
+ 1 29
+ 1 30
+ 1 31
+ 1 32
+ 1 33
+ 1 34
+ 1 35
+ 1 36
+ 1 37
+ 1 38
+ 1 39
+ 1 40
+ 1 41
+ 1 42
+ 1 43
+ 1 44
+ 1 45
+ 1 46
+ 1 47
+ 1 48
+ 1 49
+ 1 50
+ 1 51
+ 1 52
+ 1 53
+ 1 54
+ 1 55
+ 1 56
+ 1 57
+ 1 58
+ 1 59
+ 1 60
+ 1 61
+ 1 62
+ 1 63
+ 1 64
+ 1 65
+ 1 66
+ 1 67
+ 1 68
+ 1 69
+ 1 70
+ 1 71
+ 1 72
+ 1 73
+ 1 74
+ 1 75
+ 1 76
+ 1 77
+ 1 78
+ 1 79
+ 1 80
+ 1 81
+ 1 82
+ 1 83
+ 1 84
+ 1 85
+ 1 86
+ 1 87
+ 1 88
+ 1 89
+ 1 90
+ 1 91
+ 1 92
+ 1 93
+ 1 94
o 1 95
+ 1 96
+ 1 97
+ 1 98
+ 1 99
+ 1 100
x 3 7
x 5 14
x 6 16
x 8 18
x 9 22
x 11 25
x 13 28
x 15 30
x 16 33
x 18 34
x 23 35
x 24 37
x 26 38
x 27 39
x 29 40
x 31 44
x 33 48
x 44 49
x 52 51
x 54 57
x 56 60
x 58 66
x 62 72
x 75 78
x 78 79
x 86 81
x 89 82
x 93 83
x 94 85
x 96 86
x 97 93
+ 100 2
+ 100 3
+ 100 4
+ 100 5
+ 100 6
+ 100 7
+ 100 8
+ 100 9
+ 100 10
+ 100 11
+ 100 12
+ 100 13
+ 100 14
+ 100 15
+ 100 16
+ 100 17
+ 100 18
+ 100 19
+ 100 20
+ 100 21
+ 100 22
+ 100 23
+ 100 24
+ 100 25
+ 100 26
+ 100 27
+ 100 28
+ 100 29
+ 100 30
+ 100 31
+ 100 32
+ 100 33
+ 100 34
+ 100 35
+ 100 36
+ 100 37
+ 100 38
+ 100 39
+ 100 40
+ 100 41
+ 100 42
+ 100 43
+ 100 44
+ 100 45
+ 100 46
+ 100 47
+ 100 48
+ 100 49
+ 100 50
+ 100 51
+ 100 52
+ 100 53
+ 100 54
+ 100 55
+ 100 56
+ 100 57
+ 100 58
+ 100 59
+ 100 60
+ 100 61
+ 100 62
+ 100 63
+ 100 64
+ 100 65
+ 100 66
+ 100 67
+ 100 68
+ 100 69
+ 100 70
+ 100 71
+ 100 72
+ 100 73
+ 100 74
+ 100 75
+ 100 76
+ 100 77
+ 100 78
+ 100 79
+ 100 80
+ 100 81
+ 100 82
+ 100 83
+ 100 84
+ 100 85
+ 100 86
+ 100 87
+ 100 88
+ 100 89
+ 100 90
+ 100 91
+ 100 92
+ 100 93
+ 100 94
+ 100 95
o 100 96
+ 100 97
+ 100 98
+ 100 99
Case #67: 74 0
Case #68: 218 118
+ 1 1
x 1 2
+ 1 3
+ 1 6
+ 1 8
+ 1 10
+ 1 15
+ 1 16
+ 1 17
+ 1 19
+ 1 20
+ 1 22
+ 1 23
+ 1 26
+ 1 29
+ 1 37
+ 1 42
+ 1 43
+ 1 50
+ 1 51
+ 1 54
+ 1 56
+ 1 57
+ 1 59
+ 1 60
+ 1 61
+ 1 62
+ 1 63
+ 1 65
+ 1 66
+ 1 67
+ 1 68
+ 1 69
+ 1 72
+ 1 75
+ 1 76
+ 1 78
+ 1 83
+ 3 84
x 4 3
+ 4 84
x 5 4
+ 6 84
x 7 7
x 8 12
+ 8 84
x 9 13
x 11 16
x 12 17
+ 12 84
x 13 18
x 14 20
+ 14 84
x 15 21
+ 15 84
x 16 22
x 18 26
x 19 28
x 20 30
+ 21 84
x 22 32
x 24 34
x 25 36
x 26 42
+ 27 1
x 27 44
+ 28 1
x 29 46
x 30 47
x 32 50
+ 33 84
x 34 51
x 39 54
+ 39 84
+ 41 84
x 45 57
x 47 61
+ 48 1
x 48 63
x 49 64
x 53 65
+ 54 84
x 55 66
x 56 70
x 62 71
+ 64 84
x 65 75
x 68 76
x 70 77
x 71 78
x 73 79
+ 73 84
x 74 80
x 77 82
x 83 83
+ 84 7
+ 84 9
+ 84 10
+ 84 13
+ 84 16
+ 84 17
+ 84 18
+ 84 19
+ 84 22
+ 84 24
+ 84 26
+ 84 29
+ 84 31
+ 84 35
+ 84 56
+ 84 63
+ 84 65
+ 84 67
+ 84 68
+ 84 74
+ 84 78
+ 84 80
+ 84 82
Case #69: 292 254
o 1 1
+ 1 2
+ 1 3
+ 1 4
+ 1 6
+ 1 7
+ 1 8
+ 1 9
+ 1 10
+ 1 11
+ 1 13
+ 1 14
+ 1 15
+ 1 16
+ 1 17
+ 1 18
+ 1 19
+ 1 20
+ 1 21
+ 1 22
+ 1 23
+ 1 24
+ 1 25
+ 1 27
+ 1 28
+ 1 30
+ 1 32
+ 1 33
+ 1 34
+ 1 35
+ 1 36
+ 1 38
+ 1 39
+ 1 40
+ 1 41
+ 1 43
+ 1 44
+ 1 45
+ 1 46
+ 1 47
+ 1 48
+ 1 49
+ 1 50
+ 1 51
+ 1 52
+ 1 53
+ 1 54
+ 1 55
+ 1 56
+ 1 57
+ 1 58
+ 1 59
+ 1 60
+ 1 61
+ 1 62
+ 1 63
+ 1 66
+ 1 67
+ 1 68
+ 1 69
+ 1 70
+ 1 71
+ 1 72
+ 1 73
+ 1 74
+ 1 75
+ 1 76
+ 1 77
+ 1 78
+ 1 79
+ 1 80
+ 1 81
+ 1 82
+ 1 83
+ 1 84
+ 1 85
+ 1 86
+ 1 88
+ 1 89
+ 1 90
+ 1 91
+ 1 93
+ 1 94
+ 1 95
+ 1 96
+ 1 97
+ 1 98
+ 1 100
+ 2 100
x 4 2
x 5 3
x 7 4
x 8 5
x 9 6
+ 9 100
x 10 7
x 11 8
x 12 9
x 13 10
x 14 11
+ 14 100
x 15 12
x 17 13
x 18 14
x 19 15
x 21 17
x 22 18
x 23 19
x 24 21
x 25 22
x 26 23
x 27 24
x 28 25
x 29 26
x 32 27
x 33 29
x 35 35
+ 36 100
x 37 36
+ 37 100
x 39 38
x 40 39
x 42 42
x 43 43
x 44 44
x 45 47
x 46 49
x 47 50
x 49 51
x 50 52
x 53 53
x 54 54
x 55 56
x 57 57
x 58 60
+ 59 100
x 61 61
x 62 62
x 66 63
x 67 64
x 69 65
+ 70 100
x 71 68
x 73 71
x 74 72
x 75 73
+ 75 100
x 76 74
x 77 75
x 80 76
x 81 78
x 82 81
x 83 82
x 84 84
x 85 85
x 86 86
x 89 87
+ 89 100
x 90 88
x 91 89
x 92 91
x 93 93
x 94 94
x 95 95
x 96 96
x 97 97
x 98 98
x 99 99
+ 100 3
+ 100 4
+ 100 5
+ 100 6
+ 100 7
+ 100 8
+ 100 10
+ 100 11
+ 100 12
+ 100 13
+ 100 15
+ 100 16
+ 100 18
+ 100 19
+ 100 20
+ 100 21
+ 100 22
+ 100 23
+ 100 24
+ 100 25
+ 100 26
+ 100 27
+ 100 28
+ 100 29
+ 100 30
+ 100 31
+ 100 32
+ 100 33
+ 100 34
+ 100 35
+ 100 38
+ 100 39
+ 100 40
+ 100 41
+ 100 42
+ 100 43
+ 100 44
+ 100 45
+ 100 46
+ 100 47
+ 100 48
+ 100 49
+ 100 50
+ 100 51
+ 100 52
+ 100 53
+ 100 54
+ 100 55
+ 100 56
+ 100 57
+ 100 58
+ 100 61
+ 100 62
+ 100 63
+ 100 64
+ 100 65
+ 100 66
+ 100 67
+ 100 68
+ 100 69
+ 100 71
+ 100 72
+ 100 73
+ 100 74
+ 100 76
+ 100 77
+ 100 78
+ 100 79
+ 100 80
+ 100 81
+ 100 82
+ 100 83
+ 100 84
+ 100 86
+ 100 87
+ 100 88
+ 100 90
+ 100 92
+ 100 93
+ 100 94
+ 100 95
+ 100 96
+ 100 97
+ 100 98
+ 100 99
x 100 100
Case #70: 295 237
x 1 2
+ 1 4
+ 1 5
+ 1 6
+ 1 7
+ 1 8
+ 1 9
+ 1 10
+ 1 11
+ 1 12
+ 1 13
+ 1 15
+ 1 16
+ 1 17
+ 1 18
+ 1 19
+ 1 20
+ 1 22
+ 1 23
+ 1 24
+ 1 25
+ 1 27
+ 1 28
+ 1 29
+ 1 30
+ 1 31
+ 1 32
+ 1 33
+ 1 34
+ 1 35
+ 1 36
+ 1 37
+ 1 38
+ 1 39
+ 1 40
+ 1 42
+ 1 43
+ 1 44
+ 1 45
+ 1 46
+ 1 47
+ 1 48
+ 1 49
+ 1 50
+ 1 51
+ 1 52
+ 1 53
+ 1 54
+ 1 55
+ 1 56
+ 1 57
+ 1 58
+ 1 59
+ 1 60
+ 1 61
+ 1 62
+ 1 63
+ 1 65
+ 1 66
+ 1 67
+ 1 68
+ 1 69
+ 1 70
+ 1 71
+ 1 72
+ 1 73
+ 1 74
+ 1 75
+ 1 76
+ 1 77
+ 1 78
+ 1 79
+ 1 80
+ 1 81
+ 1 82
+ 1 83
+ 1 84
+ 1 85
+ 1 86
+ 1 87
+ 1 88
+ 1 89
+ 1 90
+ 1 91
+ 1 92
+ 1 93
+ 1 94
+ 1 95
+ 1 96
+ 1 97
+ 1 98
+ 1 100
+ 2 100
x 3 3
x 8 7
x 9 10
x 11 12
x 13 13
x 14 14
x 15 16
x 16 17
x 18 18
x 19 21
o 20 22
x 23 23
x 26 26
x 27 29
x 28 31
x 36 32
x 37 34
+ 37 100
x 39 36
x 41 39
x 42 41
x 43 42
x 45 43
x 47 44
x 48 45
x 49 48
x 53 49
x 54 50
x 55 53
x 56 56
x 60 59
+ 60 100
x 63 61
x 66 62
x 70 66
x 71 67
x 78 71
x 81 72
x 82 74
x 83 75
x 86 78
x 87 80
x 89 82
x 90 85
x 93 88
x 95 90
x 98 95
x 99 98
+ 100 3
+ 100 4
+ 100 5
+ 100 6
+ 100 7
+ 100 8
+ 100 9
+ 100 10
+ 100 11
+ 100 12
+ 100 13
+ 100 14
+ 100 15
+ 100 16
+ 100 17
+ 100 18
+ 100 19
+ 100 20
+ 100 21
+ 100 22
+ 100 23
+ 100 24
+ 100 25
+ 100 26
+ 100 27
+ 100 28
+ 100 29
+ 100 30
+ 100 31
+ 100 32
+ 100 33
+ 100 34
+ 100 35
+ 100 36
+ 100 38
+ 100 39
+ 100 40
+ 100 41
+ 100 42
+ 100 43
+ 100 44
+ 100 45
+ 100 46
+ 100 47
+ 100 48
+ 100 49
+ 100 50
+ 100 51
+ 100 52
+ 100 53
+ 100 54
+ 100 55
+ 100 56
+ 100 57
+ 100 58
+ 100 59
+ 100 61
+ 100 62
+ 100 63
+ 100 64
+ 100 65
+ 100 66
+ 100 67
+ 100 68
+ 100 69
+ 100 70
+ 100 71
+ 100 72
+ 100 73
+ 100 74
+ 100 75
+ 100 76
+ 100 77
+ 100 78
+ 100 79
+ 100 80
+ 100 81
+ 100 82
+ 100 83
+ 100 84
+ 100 85
+ 100 86
+ 100 87
+ 100 88
+ 100 89
+ 100 90
+ 100 91
+ 100 92
+ 100 93
+ 100 94
+ 100 95
+ 100 96
+ 100 97
+ 100 98
+ 100 99
x 100 100
Case #71: 113 60
x 1 2
+ 1 4
+ 1 7
+ 1 8
+ 1 12
+ 1 13
+ 1 15
+ 1 18
+ 1 19
+ 1 20
+ 1 21
+ 1 22
+ 1 26
+ 1 27
+ 1 29
+ 1 35
+ 1 37
+ 1 39
+ 1 41
+ 1 43
+ 1 45
x 2 3
x 4 5
+ 4 45
x 5 7
x 7 8
x 9 9
+ 11 1
x 12 10
+ 13 45
x 15 11
x 18 12
x 20 13
x 21 14
x 23 15
x 24 16
o 25 20
x 27 23
x 28 28
x 32 29
o 35 32
+ 37 45
x 38 33
x 40 36
x 41 42
x 42 43
x 44 44
+ 45 7
+ 45 8
+ 45 11
+ 45 17
+ 45 18
+ 45 20
+ 45 23
+ 45 25
+ 45 27
+ 45 28
+ 45 36
+ 45 39
+ 45 44
Case #72: 84 45
+ 1 2
x 1 3
+ 1 5
+ 1 10
+ 1 11
+ 1 13
+ 1 21
+ 1 22
+ 1 28
+ 1 29
+ 1 30
+ 2 32
x 5 4
x 6 5
x 7 6
+ 7 32
+ 8 32
+ 9 1
x 10 7
+ 10 32
x 12 8
+ 13 32
x 15 9
x 17 10
+ 18 1
x 18 14
x 20 17
x 22 19
x 23 20
x 26 22
x 27 24
+ 27 32
x 30 26
x 31 29
+ 32 3
+ 32 5
+ 32 18
+ 32 20
+ 32 21
+ 32 22
+ 32 25
+ 32 28
+ 32 29
+ 32 30
x 32 31
Case #73: 2 1
o 1 1
Case #74: 102 52
o 1 2
+ 1 4
+ 1 6
+ 1 7
+ 1 10
+ 1 11
+ 1 15
+ 1 20
+ 1 21
+ 1 25
+ 1 26
+ 1 29
+ 1 30
+ 1 32
+ 1 36
+ 1 40
x 2 6
x 4 7
x 5 9
x 7 10
x 8 11
x 10 12
x 13 15
x 14 19
+ 14 40
x 16 21
+ 17 1
x 17 22
x 19 23
x 20 24
x 22 27
x 23 30
+ 23 40
+ 25 40
x 26 31
x 27 32
x 28 33
x 30 36
x 31 37
+ 36 40
x 38 38
+ 40 9
+ 40 12
+ 40 15
+ 40 16
+ 40 17
+ 40 21
+ 40 27
+ 40 30
+ 40 31
+ 40 37
o 40 39
Case #75: 262 166
o 1 1
x 2 2
+ 2 100
x 3 3
+ 3 100
x 4 4
+ 4 100
x 5 5
+ 5 100
x 6 6
+ 6 100
x 7 7
+ 7 100
x 8 8
+ 8 100
x 9 9
+ 9 100
x 10 10
x 11 11
+ 11 100
x 12 12
+ 12 100
x 13 13
x 14 14
+ 14 100
x 15 15
+ 15 100
x 16 16
+ 16 100
x 17 17
x 18 18
+ 18 100
x 19 19
+ 19 100
x 20 20
x 21 21
x 22 22
+ 22 100
x 23 23
+ 23 100
x 24 24
+ 24 100
x 25 25
+ 25 100
x 26 26
x 27 27
+ 27 100
x 28 28
+ 28 100
x 29 29
+ 29 100
x 30 30
x 31 31
x 32 32
x 33 33
+ 33 100
x 34 34
+ 34 100
x 35 35
+ 35 100
x 36 36
+ 36 100
x 37 37
+ 37 100
x 38 38
+ 38 100
x 39 39
x 40 40
+ 40 100
x 41 41
+ 41 100
x 42 42
x 43 43
+ 43 100
x 44 44
+ 44 100
x 45 45
+ 45 100
x 46 46
x 47 47
+ 47 100
x 48 48
+ 48 100
x 49 49
x 50 50
x 51 51
x 52 52
+ 52 100
x 53 53
x 54 54
+ 54 100
x 55 55
+ 55 100
x 56 56
+ 56 100
x 57 57
+ 57 100
x 58 58
+ 58 100
x 59 59
x 60 60
+ 60 100
x 61 61
x 62 62
+ 62 100
x 63 63
x 64 64
x 65 65
x 66 66
x 67 67
+ 67 100
x 68 68
+ 68 100
x 69 69
+ 69 100
x 70 70
+ 70 100
x 71 71
x 72 72
x 73 73
x 74 74
+ 74 100
x 75 75
x 76 76
+ 76 100
x 77 77
x 78 78
x 79 79
x 80 80
x 81 81
x 82 82
x 83 83
x 84 84
x 85 85
x 86 86
x 87 87
x 88 88
x 89 89
x 90 90
x 91 91
x 92 92
x 93 93
x 94 94
x 95 95
x 96 96
x 97 97
x 98 98
x 99 99
+ 100 10
+ 100 13
+ 100 17
+ 100 20
+ 100 21
+ 100 26
+ 100 30
+ 100 31
+ 100 39
+ 100 49
+ 100 51
+ 100 53
+ 100 61
+ 100 64
+ 100 71
+ 100 72
+ 100 77
x 100 100
Case #76: 92 48
o 1 1
+ 1 3
+ 1 4
+ 1 5
+ 1 6
+ 1 7
+ 1 12
+ 1 20
+ 1 24
+ 1 25
+ 1 27
+ 1 29
+ 1 30
+ 1 35
x 3 2
+ 4 36
+ 6 36
x 8 5
x 9 6
+ 9 36
x 10 7
x 12 8
+ 13 1
x 13 13
x 14 16
x 15 19
+ 15 36
+ 16 1
+ 20 36
x 21 22
x 25 24
x 27 26
x 29 32
x 30 33
x 31 35
x 34 36
+ 36 7
+ 36 8
+ 36 12
+ 36 16
+ 36 17
+ 36 18
+ 36 26
+ 36 27
+ 36 28
+ 36 29
+ 36 33
+ 36 34
Case #77: 27 16
+ 1 1
x 1 2
+ 1 4
+ 1 7
+ 1 9
+ 1 11
x 2 3
+ 2 11
x 3 5
x 4 9
o 5 10
+ 11 7
+ 11 8
+ 11 9
+ 11 10
x 11 11
Case #78: 234 125
+ 1 1
+ 1 2
+ 1 4
+ 1 6
+ 1 8
+ 1 9
+ 1 12
+ 1 13
+ 1 18
+ 1 19
+ 1 20
+ 1 21
+ 1 25
+ 1 26
+ 1 29
+ 1 30
+ 1 31
+ 1 32
+ 1 36
+ 1 41
+ 1 42
+ 1 43
+ 1 45
+ 1 50
+ 1 54
+ 1 62
+ 1 63
+ 1 64
+ 1 65
+ 1 66
+ 1 67
+ 1 69
+ 1 70
+ 1 72
+ 1 74
+ 1 76
+ 1 78
+ 1 79
+ 1 80
+ 1 82
+ 1 84
+ 1 86
+ 1 87
+ 1 89
+ 1 91
+ 2 91
x 5 1
x 6 3
x 7 6
x 10 7
x 11 8
+ 11 91
x 12 13
x 16 14
x 18 20
x 22 21
x 23 24
x 24 25
+ 24 91
x 25 28
x 27 29
x 31 31
x 33 34
+ 33 91
x 35 35
x 41 37
x 42 38
x 45 41
x 47 42
+ 48 1
+ 49 1
x 50 44
x 54 45
x 57 46
x 58 48
+ 58 91
x 60 50
x 61 53
x 63 56
x 64 58
+ 64 91
x 70 59
x 71 61
x 72 62
x 74 63
+ 75 91
x 76 64
x 77 65
x 78 69
x 79 72
x 80 73
x 81 75
x 83 76
x 84 78
x 85 83
x 87 84
x 88 85
x 89 88
+ 91 3
+ 91 5
+ 91 8
+ 91 9
+ 91 15
+ 91 18
+ 91 22
+ 91 25
+ 91 26
+ 91 30
+ 91 40
+ 91 42
+ 91 49
+ 91 51
+ 91 52
+ 91 53
+ 91 55
+ 91 61
+ 91 69
+ 91 70
+ 91 71
+ 91 78
+ 91 80
+ 91 81
+ 91 85
+ 91 86
+ 91 89
Case #79: 235 126
+ 1 1
+ 1 8
+ 1 10
+ 1 14
+ 1 15
+ 1 16
+ 1 17
+ 1 18
+ 1 19
+ 1 22
+ 1 23
+ 1 25
+ 1 27
+ 1 31
+ 1 32
+ 1 34
+ 1 36
+ 1 38
+ 1 42
+ 1 48
+ 1 51
+ 1 52
+ 1 53
+ 1 54
+ 1 56
+ 1 64
+ 1 65
+ 1 66
+ 1 71
+ 1 72
+ 1 73
+ 1 76
+ 1 77
+ 1 78
+ 1 79
+ 1 80
+ 1 81
+ 1 83
+ 1 84
+ 1 87
+ 1 88
+ 1 90
+ 1 91
+ 3 91
x 5 1
+ 6 91
x 7 2
x 8 7
x 11 8
x 13 9
x 14 12
x 15 15
+ 17 91
x 20 16
x 21 19
+ 23 91
x 25 20
x 26 21
x 28 22
x 30 23
x 33 24
+ 33 91
x 34 26
x 35 28
x 36 29
x 37 31
x 38 32
+ 39 1
x 40 34
x 41 35
x 43 36
x 44 37
x 45 38
x 46 40
+ 47 1
x 47 45
+ 47 91
x 48 47
+ 48 91
x 49 49
+ 50 1
x 50 50
x 52 53
x 55 55
x 56 56
x 57 58
x 60 59
x 61 63
x 62 65
x 63 67
x 65 70
x 67 73
+ 70 1
x 70 75
x 71 76
+ 71 91
x 72 80
x 75 82
x 76 85
x 79 86
x 84 88
+ 86 91
x 89 89
+ 91 2
+ 91 4
+ 91 8
+ 91 9
+ 91 21
+ 91 24
+ 91 26
+ 91 28
+ 91 32
+ 91 35
+ 91 38
+ 91 40
+ 91 44
+ 91 52
+ 91 60
+ 91 72
+ 91 73
+ 91 76
+ 91 80
+ 91 82
+ 91 83
+ 91 85
x 91 91
Case #80: 261 191
o 1 1
+ 1 2
+ 1 17
+ 1 19
+ 1 21
+ 1 41
+ 1 50
+ 1 51
+ 1 54
+ 1 55
+ 1 57
+ 1 62
+ 1 67
+ 1 68
+ 1 78
+ 1 79
+ 1 82
+ 1 83
+ 1 90
+ 1 92
+ 1 94
+ 1 97
x 2 2
+ 2 100
x 3 3
+ 3 100
x 4 4
x 5 5
+ 5 100
x 6 6
+ 6 100
x 7 7
x 8 8
+ 8 100
x 9 9
x 10 10
+ 10 100
x 11 11
x 12 12
+ 12 100
x 13 13
+ 13 100
x 14 14
+ 14 100
x 15 15
+ 15 100
x 16 16
+ 16 100
x 17 17
+ 17 100
x 18 18
x 19 19
x 20 20
+ 20 100
x 21 21
+ 21 100
x 22 22
x 23 23
x 24 24
+ 24 100
x 25 25
+ 25 100
x 26 26
x 27 27
+ 27 100
x 28 28
+ 28 100
x 29 29
+ 29 100
x 30 30
+ 30 100
x 31 31
+ 31 100
x 32 32
+ 32 100
x 33 33
x 34 34
x 35 35
+ 35 100
x 36 36
+ 36 100
x 37 37
+ 37 100
x 38 38
+ 38 100
x 39 39
x 40 40
+ 40 100
x 41 41
+ 41 100
x 42 42
+ 42 100
x 43 43
+ 43 100
x 44 44
x 45 45
+ 45 100
x 46 46
x 47 47
x 48 48
+ 48 100
x 49 49
+ 49 100
x 50 50
x 51 51
x 52 52
x 53 53
+ 53 100
x 54 54
+ 54 100
x 55 55
+ 55 100
x 56 56
+ 56 100
x 57 57
x 58 58
+ 58 100
x 59 59
+ 59 100
x 60 60
x 61 61
x 62 62
+ 62 100
x 63 63
x 64 64
+ 64 100
x 65 65
x 66 66
+ 66 100
x 67 67
x 68 68
+ 68 100
x 69 69
+ 69 100
x 70 70
+ 70 100
x 71 71
x 72 72
x 73 73
x 74 74
x 75 75
x 76 76
x 77 77
+ 77 100
x 78 78
x 79 79
+ 79 100
x 80 80
x 81 81
x 82 82
x 83 83
x 84 84
x 85 85
x 86 86
x 87 87
x 88 88
x 89 89
x 90 90
+ 90 100
x 91 91
x 92 92
x 93 93
x 94 94
x 95 95
x 96 96
x 97 97
x 98 98
x 99 99
+ 100 4
+ 100 9
+ 100 11
+ 100 18
+ 100 19
+ 100 22
+ 100 23
+ 100 33
+ 100 39
+ 100 44
+ 100 46
+ 100 47
+ 100 50
+ 100 52
+ 100 57
+ 100 65
+ 100 72
+ 100 73
+ 100 78
+ 100 80
+ 100 92
+ 100 96
x 100 100
Case #81: 291 190
+ 1 2
+ 1 3
+ 1 4
+ 1 5
+ 1 6
+ 1 7
+ 1 8
+ 1 9
+ 1 10
+ 1 11
+ 1 12
+ 1 13
+ 1 14
+ 1 15
+ 1 16
+ 1 17
+ 1 18
+ 1 19
+ 1 20
+ 1 21
+ 1 22
+ 1 23
+ 1 24
+ 1 25
+ 1 26
+ 1 27
+ 1 28
+ 1 30
+ 1 31
+ 1 33
+ 1 34
+ 1 35
+ 1 36
+ 1 37
+ 1 38
+ 1 39
+ 1 40
+ 1 41
+ 1 42
+ 1 43
+ 1 44
+ 1 46
+ 1 47
+ 1 49
+ 1 50
+ 1 51
+ 1 52
+ 1 54
+ 1 55
+ 1 56
+ 1 58
+ 1 59
+ 1 60
+ 1 61
+ 1 62
+ 1 63
+ 1 64
+ 1 65
+ 1 66
+ 1 67
+ 1 68
+ 1 69
+ 1 70
+ 1 71
+ 1 72
+ 1 73
+ 1 74
+ 1 75
o 1 76
+ 1 77
+ 1 78
+ 1 79
+ 1 80
+ 1 81
+ 1 82
+ 1 85
+ 1 86
+ 1 87
+ 1 89
+ 1 90
+ 1 91
+ 1 92
+ 1 93
+ 1 94
+ 1 96
+ 1 97
+ 1 98
+ 1 99
+ 1 100
+ 6 100
+ 13 100
+ 17 100
+ 18 100
x 41 6
x 44 26
+ 44 100
+ 53 100
x 56 34
x 65 42
+ 69 100
x 71 48
x 85 67
x 96 82
+ 100 2
+ 100 3
+ 100 4
+ 100 5
+ 100 7
+ 100 8
+ 100 9
+ 100 10
+ 100 11
+ 100 12
+ 100 14
+ 100 15
+ 100 16
+ 100 19
+ 100 20
+ 100 21
+ 100 22
+ 100 23
+ 100 24
+ 100 25
+ 100 26
+ 100 27
+ 100 28
+ 100 29
+ 100 30
+ 100 31
+ 100 32
+ 100 33
+ 100 34
+ 100 35
+ 100 36
+ 100 37
+ 100 38
+ 100 39
+ 100 40
+ 100 41
+ 100 42
+ 100 43
+ 100 45
+ 100 46
+ 100 47
+ 100 48
+ 100 49
+ 100 50
+ 100 51
+ 100 52
+ 100 54
+ 100 55
+ 100 56
+ 100 57
+ 100 58
+ 100 59
+ 100 60
+ 100 61
+ 100 62
+ 100 63
+ 100 64
+ 100 66
+ 100 68
+ 100 70
+ 100 72
+ 100 73
+ 100 74
+ 100 75
+ 100 76
+ 100 77
+ 100 78
+ 100 79
+ 100 80
+ 100 81
+ 100 82
+ 100 84
+ 100 85
+ 100 86
+ 100 87
+ 100 88
+ 100 89
+ 100 90
+ 100 91
o 100 92
+ 100 93
+ 100 94
+ 100 95
+ 100 96
+ 100 97
+ 100 98
+ 100 99
Case #82: 140 75
x 1 2
+ 1 4
+ 1 5
+ 1 6
+ 1 8
+ 1 10
+ 1 12
+ 1 18
+ 1 22
+ 1 25
+ 1 29
+ 1 30
+ 1 32
+ 1 37
+ 1 39
+ 1 42
+ 1 44
+ 1 46
+ 1 48
+ 1 49
+ 1 52
x 2 3
x 4 5
+ 4 54
x 5 7
x 6 9
x 9 10
+ 10 54
x 11 12
+ 13 1
x 14 13
+ 14 54
+ 15 54
+ 17 54
x 18 14
x 19 16
+ 19 54
+ 20 1
o 20 54
x 21 18
+ 23 1
x 24 19
x 25 23
x 27 24
x 30 25
+ 31 1
x 31 27
+ 33 1
x 33 28
x 34 29
x 35 33
x 37 34
x 38 37
x 39 40
+ 39 54
+ 40 54
x 41 42
x 44 45
x 47 46
x 48 49
x 51 52
x 53 53
+ 54 9
+ 54 13
+ 54 18
+ 54 21
+ 54 23
+ 54 25
+ 54 30
+ 54 34
+ 54 46
+ 54 47
+ 54 49
+ 54 51
+ 54 53
Case #83: 267 167
+ 1 2
+ 1 7
+ 1 9
+ 1 10
+ 1 11
+ 1 16
+ 1 19
+ 1 20
+ 1 24
+ 1 27
+ 1 28
+ 1 29
+ 1 30
+ 1 32
+ 1 33
+ 1 35
+ 1 40
+ 1 43
+ 1 47
+ 1 48
+ 1 51
+ 1 53
+ 1 56
+ 1 58
+ 1 60
+ 1 63
+ 1 64
+ 1 65
+ 1 66
+ 1 73
+ 1 74
+ 1 77
+ 1 81
+ 1 83
+ 1 84
+ 1 88
+ 1 95
+ 1 99
+ 1 100
x 2 3
+ 3 100
x 4 5
+ 4 100
+ 5 100
x 6 7
x 7 8
+ 7 100
+ 8 100
x 9 13
+ 9 100
o 10 100
x 12 16
+ 12 100
x 13 18
x 14 19
+ 15 100
+ 16 100
+ 19 100
x 20 22
+ 21 100
x 22 23
+ 22 100
+ 23 100
x 25 26
+ 25 100
+ 26 100
x 28 29
+ 29 100
+ 30 100
+ 31 100
x 33 32
+ 33 100
x 34 33
+ 34 100
x 38 37
+ 39 100
x 40 42
+ 40 100
x 42 44
+ 42 100
x 43 45
+ 44 100
x 45 46
x 47 50
+ 47 100
x 48 51
+ 49 100
+ 52 100
x 53 54
+ 55 100
+ 57 100
x 58 56
+ 60 100
x 61 57
x 62 58
x 63 60
x 65 62
x 67 64
x 70 66
+ 70 100
x 71 67
x 72 69
+ 75 100
+ 76 100
x 78 73
+ 78 100
x 80 75
+ 80 100
x 81 77
x 85 79
x 86 81
x 87 82
x 88 84
x 89 88
+ 89 100
x 92 89
x 93 90
x 94 92
+ 96 100
x 98 94
x 99 96
+ 100 2
+ 100 6
+ 100 11
+ 100 13
+ 100 14
+ 100 18
+ 100 20
+ 100 24
+ 100 27
+ 100 28
+ 100 32
+ 100 35
+ 100 36
+ 100 37
+ 100 43
+ 100 45
+ 100 46
+ 100 48
+ 100 50
+ 100 51
+ 100 53
+ 100 54
+ 100 56
+ 100 58
+ 100 59
+ 100 61
+ 100 65
+ 100 66
+ 100 68
+ 100 69
+ 100 71
+ 100 72
+ 100 73
+ 100 74
+ 100 77
+ 100 79
+ 100 81
+ 100 82
+ 100 83
+ 100 84
+ 100 85
+ 100 86
+ 100 87
+ 100 93
+ 100 97
x 100 98
Case #84: 103 53
+ 1 1
+ 1 2
+ 1 3
+ 1 5
+ 1 8
+ 1 10
+ 1 18
+ 1 20
+ 1 22
+ 1 25
+ 1 27
+ 1 29
+ 1 30
+ 1 33
+ 1 34
+ 1 36
+ 1 40
x 3 3
x 4 4
+ 4 40
x 5 5
+ 6 1
+ 9 40
x 11 11
+ 15 40
x 17 13
+ 17 40
x 18 15
+ 18 40
+ 19 1
x 19 16
x 20 19
+ 20 40
x 24 24
x 25 26
x 26 28
+ 26 40
x 28 32
x 29 33
x 30 34
x 31 35
x 32 38
x 37 39
+ 40 7
+ 40 14
+ 40 16
+ 40 27
+ 40 31
+ 40 32
+ 40 34
+ 40 37
+ 40 38
x 40 40
Case #85: 159 86
o 1 2
+ 1 5
+ 1 10
+ 1 11
+ 1 12
+ 1 13
+ 1 18
+ 1 19
+ 1 20
+ 1 21
+ 1 22
+ 1 24
+ 1 25
+ 1 33
+ 1 40
+ 1 42
+ 1 44
+ 1 46
+ 1 54
+ 1 56
+ 1 58
+ 1 59
+ 1 60
+ 1 61
+ 1 62
+ 1 63
x 2 5
x 3 6
x 4 8
x 6 9
+ 7 63
x 9 13
+ 11 63
x 14 15
x 15 16
+ 16 63
+ 17 1
x 17 18
x 18 20
x 19 21
x 21 22
+ 21 63
x 22 25
x 23 26
x 24 29
x 25 31
x 27 32
x 28 36
+ 31 1
x 33 37
+ 34 63
x 35 41
+ 35 63
+ 37 63
x 40 42
x 41 43
+ 41 63
x 47 44
x 48 45
+ 48 63
x 49 49
x 50 50
x 51 51
x 52 53
x 54 54
x 56 55
x 57 56
x 59 57
x 60 58
x 61 60
+ 63 2
+ 63 6
+ 63 9
+ 63 18
+ 63 19
+ 63 22
+ 63 27
+ 63 40
+ 63 44
+ 63 46
+ 63 51
+ 63 54
+ 63 56
+ 63 60
+ 63 62
x 63 63
Case #86: 237 127
+ 1 1
o 1 2
+ 1 5
+ 1 8
+ 1 11
+ 1 12
+ 1 14
+ 1 15
+ 1 19
+ 1 20
+ 1 21
+ 1 22
+ 1 24
+ 1 25
+ 1 31
+ 1 33
+ 1 34
+ 1 35
+ 1 37
+ 1 41
+ 1 42
+ 1 49
+ 1 51
+ 1 52
+ 1 53
+ 1 57
+ 1 58
+ 1 59
+ 1 65
+ 1 67
+ 1 68
+ 1 70
+ 1 71
+ 1 73
+ 1 75
+ 1 78
+ 1 81
+ 1 82
+ 1 83
+ 1 87
+ 1 88
+ 1 89
+ 1 91
x 2 3
x 3 5
x 5 6
x 7 7
x 9 8
+ 10 1
x 10 9
x 12 12
x 13 13
+ 13 92
x 17 14
x 19 15
x 23 18
x 25 23
+ 30 1
x 30 26
+ 30 92
x 33 28
x 34 29
x 35 32
x 36 33
x 37 34
+ 37 92
x 38 35
+ 43 1
x 45 38
+ 47 1
x 47 40
x 48 45
x 49 46
x 50 48
x 51 49
+ 53 92
x 54 51
x 55 52
x 56 54
x 58 55
x 59 57
+ 60 1
x 61 60
x 63 64
x 64 68
x 65 69
x 66 70
x 67 71
x 68 75
+ 72 1
x 73 76
x 74 78
x 76 81
x 80 82
x 82 83
x 85 85
+ 89 92
x 90 87
x 91 88
+ 92 2
+ 92 6
+ 92 8
+ 92 11
+ 92 12
+ 92 17
+ 92 20
+ 92 24
+ 92 26
+ 92 31
+ 92 36
+ 92 40
+ 92 43
+ 92 47
+ 92 49
+ 92 61
+ 92 64
+ 92 67
+ 92 68
+ 92 70
+ 92 75
+ 92 76
+ 92 78
+ 92 81
+ 92 82
+ 92 87
x 92 89
+ 92 91
Case #87: 266 166
+ 1 4
+ 1 5
+ 1 6
+ 1 17
+ 1 20
+ 1 24
+ 1 27
+ 1 30
+ 1 34
+ 1 42
+ 1 44
+ 1 45
+ 1 49
+ 1 50
+ 1 56
+ 1 57
+ 1 62
+ 1 63
+ 1 69
+ 1 71
+ 1 72
+ 1 73
+ 1 77
+ 1 78
+ 1 79
+ 1 82
o 1 84
+ 1 85
+ 1 89
+ 1 91
+ 1 94
x 2 1
+ 2 100
+ 3 100
x 4 2
+ 4 100
x 5 3
+ 5 100
+ 6 100
x 7 6
x 9 8
+ 9 100
+ 11 100
x 12 9
+ 13 100
x 14 12
+ 14 100
x 15 14
+ 15 100
x 17 15
+ 18 100
x 19 16
+ 20 100
x 22 21
x 24 22
+ 25 100
x 26 23
+ 26 100
+ 27 100
x 32 25
x 33 28
+ 33 100
x 34 29
+ 34 100
x 35 32
+ 35 100
+ 36 100
x 37 33
+ 37 100
x 38 35
x 40 36
x 41 37
+ 41 100
x 42 38
x 43 40
+ 43 100
x 44 43
x 45 44
+ 46 100
x 47 45
+ 48 100
+ 49 100
x 50 46
+ 50 100
x 51 48
x 53 49
+ 54 100
x 55 52
x 56 56
x 57 57
+ 58 100
x 59 58
+ 61 100
x 62 61
+ 62 100
+ 64 100
+ 65 100
x 66 62
x 67 64
+ 68 100
x 69 68
x 70 69
x 71 70
+ 72 100
x 75 73
x 76 74
x 77 77
x 78 78
+ 78 100
x 79 79
x 80 81
x 81 83
x 83 85
x 85 86
x 87 87
x 88 89
x 92 91
x 94 92
x 95 93
x 97 98
+ 100 7
+ 100 8
+ 100 10
+ 100 12
+ 100 16
+ 100 17
+ 100 19
+ 100 22
+ 100 23
+ 100 24
+ 100 28
+ 100 29
+ 100 30
+ 100 31
+ 100 32
+ 100 38
+ 100 40
+ 100 42
+ 100 45
+ 100 47
+ 100 51
+ 100 52
+ 100 53
+ 100 55
+ 100 56
+ 100 59
+ 100 60
+ 100 63
+ 100 66
+ 100 67
+ 100 70
+ 100 71
+ 100 73
+ 100 75
+ 100 76
+ 100 77
+ 100 79
+ 100 80
+ 100 83
+ 100 85
+ 100 86
+ 100 90
+ 100 91
+ 100 94
+ 100 95
x 100 100
Case #88: 110 60
x 1 3
+ 1 4
+ 1 5
+ 1 6
+ 1 8
+ 1 9
+ 1 10
+ 1 11
+ 1 12
+ 1 16
+ 1 17
+ 1 21
+ 1 23
+ 1 24
+ 1 26
+ 1 32
+ 1 38
+ 1 39
+ 1 41
+ 1 42
x 3 4
x 5 6
+ 8 43
x 10 7
x 12 10
+ 14 1
x 15 11
x 16 12
+ 17 43
x 19 14
x 20 16
x 21 17
x 22 21
x 23 24
x 24 25
+ 24 43
+ 25 43
x 26 26
+ 28 1
x 28 29
+ 31 1
x 31 31
x 33 33
x 37 40
x 42 41
+ 43 9
+ 43 14
+ 43 15
+ 43 18
+ 43 19
+ 43 21
+ 43 23
+ 43 26
+ 43 28
+ 43 29
+ 43 31
+ 43 32
+ 43 34
+ 43 37
x 43 42
Case #89: 201 0
Case #90: 261 168
o 1 1
x 2 2
+ 2 100
x 3 3
+ 3 100
x 4 4
+ 4 100
x 5 5
+ 5 100
x 6 6
+ 6 100
x 7 7
x 8 8
+ 8 100
x 9 9
+ 9 100
x 10 10
+ 10 100
x 11 11
+ 11 100
x 12 12
+ 12 100
x 13 13
+ 13 100
x 14 14
+ 14 100
x 15 15
+ 15 100
x 16 16
+ 16 100
x 17 17
+ 17 100
x 18 18
+ 18 100
x 19 19
x 20 20
+ 20 100
x 21 21
+ 21 100
x 22 22
+ 22 100
x 23 23
x 24 24
+ 24 100
x 25 25
x 26 26
x 27 27
+ 27 100
x 28 28
+ 28 100
x 29 29
x 30 30
+ 30 100
x 31 31
+ 31 100
x 32 32
+ 32 100
x 33 33
+ 33 100
x 34 34
+ 34 100
x 35 35
x 36 36
x 37 37
+ 37 100
x 38 38
+ 38 100
x 39 39
+ 39 100
x 40 40
+ 40 100
x 41 41
+ 41 100
x 42 42
+ 42 100
x 43 43
+ 43 100
x 44 44
+ 44 100
x 45 45
x 46 46
+ 46 100
x 47 47
+ 47 100
x 48 48
+ 48 100
x 49 49
+ 49 100
x 50 50
+ 50 100
x 51 51
x 52 52
+ 52 100
x 53 53
x 54 54
+ 54 100
x 55 55
+ 55 100
x 56 56
x 57 57
+ 57 100
x 58 58
x 59 59
+ 59 100
x 60 60
+ 60 100
x 61 61
x 62 62
+ 62 100
x 63 63
x 64 64
x 65 65
+ 65 100
x 66 66
+ 66 100
x 67 67
+ 67 100
x 68 68
x 69 69
x 70 70
+ 70 100
x 71 71
x 72 72
x 73 73
x 74 74
+ 74 100
x 75 75
x 76 76
x 77 77
+ 77 100
x 78 78
x 79 79
x 80 80
x 81 81
x 82 82
x 83 83
x 84 84
x 85 85
x 86 86
x 87 87
+ 87 100
x 88 88
x 89 89
x 90 90
x 91 91
x 92 92
x 93 93
x 94 94
x 95 95
x 96 96
x 97 97
x 98 98
x 99 99
+ 100 7
+ 100 19
+ 100 23
+ 100 26
+ 100 29
+ 100 35
+ 100 36
+ 100 58
+ 100 63
+ 100 68
+ 100 69
+ 100 72
+ 100 79
+ 100 89
x 100 100
Case #91: 166 0
Case #92: 292 281
o 1 1
+ 1 2
+ 1 3
+ 1 4
+ 1 6
+ 1 8
+ 1 9
+ 1 10
+ 1 12
+ 1 13
+ 1 14
+ 1 15
+ 1 16
+ 1 17
+ 1 18
+ 1 19
+ 1 22
+ 1 23
+ 1 24
+ 1 25
+ 1 26
+ 1 27
+ 1 28
+ 1 29
+ 1 30
+ 1 33
+ 1 34
+ 1 35
+ 1 36
+ 1 37
+ 1 38
+ 1 39
+ 1 40
+ 1 41
+ 1 43
+ 1 44
+ 1 45
+ 1 46
+ 1 47
+ 1 48
+ 1 50
+ 1 51
+ 1 52
+ 1 53
+ 1 54
+ 1 55
+ 1 56
+ 1 57
+ 1 58
+ 1 59
+ 1 60
+ 1 61
+ 1 62
+ 1 63
+ 1 64
+ 1 65
+ 1 67
+ 1 68
+ 1 69
+ 1 70
+ 1 71
+ 1 72
+ 1 73
+ 1 74
+ 1 77
+ 1 78
+ 1 79
+ 1 80
+ 1 81
+ 1 82
+ 1 83
+ 1 84
+ 1 85
+ 1 86
+ 1 87
+ 1 88
+ 1 89
+ 1 90
+ 1 91
+ 1 92
+ 1 93
+ 1 94
+ 1 96
+ 1 97
+ 1 98
+ 1 99
+ 1 100
x 2 2
x 3 3
x 4 4
x 5 5
x 6 6
+ 6 100
x 7 7
x 8 8
x 9 9
x 10 10
x 11 11
x 12 12
x 13 13
x 14 14
x 15 15
x 16 16
x 17 17
x 18 18
x 19 19
x 20 20
x 21 21
x 22 22
x 23 23
x 24 24
x 25 25
+ 25 100
x 26 26
+ 26 100
x 27 27
x 28 28
x 29 29
x 30 30
x 31 31
x 32 32
x 33 33
x 34 34
x 35 35
+ 35 100
x 36 36
x 37 37
x 38 38
x 39 39
x 40 40
x 41 41
x 42 42
x 43 43
x 44 44
x 45 45
x 46 46
x 47 47
x 48 48
x 49 49
x 50 50
x 51 51
x 52 52
x 53 53
x 54 54
x 55 55
x 56 56
x 57 57
x 58 58
x 59 59
+ 59 100
x 60 60
x 61 61
x 62 62
x 63 63
x 64 64
x 65 65
x 66 66
x 67 67
x 68 68
x 69 69
x 70 70
+ 70 100
x 71 71
x 72 72
x 73 73
x 74 74
x 75 75
x 76 76
x 77 77
x 78 78
x 79 79
x 80 80
+ 80 100
x 81 81
x 82 82
x 83 83
x 84 84
x 85 85
x 86 86
x 87 87
x 88 88
x 89 89
x 90 90
+ 90 100
x 91 91
x 92 92
x 93 93
x 94 94
x 95 95
x 96 96
x 97 97
x 98 98
x 99 99
+ 100 2
+ 100 3
+ 100 4
+ 100 5
+ 100 7
+ 100 8
+ 100 9
+ 100 10
+ 100 11
+ 100 12
+ 100 13
+ 100 14
+ 100 15
+ 100 16
+ 100 17
+ 100 18
+ 100 19
+ 100 20
+ 100 21
+ 100 22
+ 100 23
+ 100 24
+ 100 27
+ 100 28
+ 100 29
+ 100 30
+ 100 31
+ 100 32
+ 100 33
+ 100 34
+ 100 36
+ 100 37
+ 100 38
+ 100 39
+ 100 40
+ 100 41
+ 100 42
+ 100 43
+ 100 44
+ 100 45
+ 100 46
+ 100 47
+ 100 48
+ 100 49
+ 100 50
+ 100 51
+ 100 52
+ 100 53
+ 100 54
+ 100 55
+ 100 56
+ 100 57
+ 100 58
+ 100 60
+ 100 61
+ 100 62
+ 100 63
+ 100 64
+ 100 65
+ 100 66
+ 100 67
+ 100 68
+ 100 69
+ 100 71
+ 100 72
+ 100 73
+ 100 74
+ 100 75
+ 100 76
+ 100 77
+ 100 78
+ 100 79
+ 100 81
+ 100 82
+ 100 83
+ 100 84
+ 100 85
+ 100 86
+ 100 87
+ 100 88
+ 100 89
+ 100 92
+ 100 93
+ 100 94
+ 100 96
+ 100 97
+ 100 99
x 100 100
Case #93: 141 75
+ 1 1
+ 1 3
+ 1 5
+ 1 6
+ 1 8
+ 1 11
+ 1 14
+ 1 16
o 1 17
+ 1 19
+ 1 20
+ 1 21
+ 1 25
+ 1 31
+ 1 32
+ 1 33
+ 1 38
+ 1 39
+ 1 43
+ 1 44
+ 1 45
+ 1 48
+ 1 49
+ 1 50
+ 1 51
+ 1 52
+ 1 54
+ 2 54
x 7 3
+ 8 54
x 9 4
+ 9 54
x 10 7
x 12 8
x 13 9
+ 14 54
x 17 14
x 18 16
x 20 18
x 21 19
+ 23 1
x 23 21
+ 24 1
x 25 28
x 26 36
+ 28 1
x 28 38
x 29 39
+ 29 54
x 30 41
+ 36 1
x 40 42
x 41 44
+ 43 54
x 44 45
x 45 48
x 49 49
x 51 50
x 53 51
+ 54 3
+ 54 5
+ 54 7
+ 54 17
+ 54 23
+ 54 24
+ 54 30
+ 54 34
+ 54 37
+ 54 39
+ 54 40
+ 54 42
+ 54 44
+ 54 45
+ 54 47
+ 54 52
Case #94: 41 23
+ 1 1
x 1 2
+ 1 3
+ 1 5
+ 1 11
+ 1 13
+ 1 15
+ 1 16
x 2 3
x 3 5
x 4 9
x 5 11
+ 9 16
x 12 12
x 13 14
x 15 16
+ 16 2
+ 16 4
+ 16 6
o 16 7
+ 16 12
+ 16 14
+ 16 15
Case #95: 262 162
x 1 2
+ 1 34
+ 1 42
+ 1 43
+ 1 47
+ 1 52
+ 1 54
+ 1 56
+ 1 57
+ 1 66
+ 1 72
+ 1 73
+ 1 74
+ 1 75
+ 1 80
+ 1 92
+ 1 97
+ 2 100
x 3 3
+ 3 100
x 4 4
x 5 5
+ 5 100
x 6 6
+ 6 100
x 7 7
+ 7 100
x 8 9
+ 8 100
+ 10 100
x 11 10
+ 11 100
x 12 11
+ 12 100
x 13 12
+ 13 100
x 14 14
+ 14 100
x 15 15
+ 15 100
+ 16 100
x 17 16
+ 17 100
x 18 17
+ 18 100
x 19 18
+ 19 100
x 20 19
+ 20 100
x 21 20
x 22 22
+ 22 100
x 23 25
+ 23 100
+ 24 100
x 25 27
+ 25 100
x 26 28
x 27 29
x 29 30
x 30 31
x 31 32
+ 31 100
+ 32 100
x 33 34
+ 33 100
x 34 36
+ 34 100
x 35 37
x 36 39
+ 36 100
x 37 40
x 38 41
+ 38 100
x 39 42
+ 39 100
x 40 45
x 41 46
+ 41 100
x 42 48
+ 42 100
x 43 49
+ 43 100
x 45 50
x 46 51
+ 46 100
x 47 52
x 48 53
+ 48 100
x 50 54
x 51 57
+ 51 100
x 52 58
+ 52 100
x 53 59
x 54 60
x 55 62
+ 55 100
x 56 63
x 57 64
x 58 65
x 59 66
x 60 67
x 61 68
+ 61 100
x 62 69
+ 62 100
x 63 70
x 64 71
+ 64 100
x 65 72
x 66 73
+ 66 100
x 68 75
x 69 76
+ 69 100
x 70 77
+ 70 100
x 71 78
+ 71 100
x 72 80
x 73 81
x 74 82
+ 74 100
+ 76 100
x 78 83
x 80 84
x 81 85
x 83 88
x 84 90
x 87 91
x 91 92
x 92 93
x 94 95
x 95 97
+ 95 100
x 96 98
+ 100 4
+ 100 9
+ 100 26
+ 100 27
+ 100 28
+ 100 29
+ 100 30
+ 100 35
+ 100 37
+ 100 40
+ 100 44
+ 100 45
+ 100 47
+ 100 49
+ 100 56
+ 100 58
+ 100 59
+ 100 67
+ 100 68
+ 100 73
+ 100 78
+ 100 79
+ 100 83
+ 100 84
x 100 100
Case #96: 260 166
o 1 1
x 2 2
+ 2 100
x 3 3
+ 3 100
x 4 4
+ 4 100
x 5 5
+ 5 100
x 6 6
+ 6 100
x 7 7
+ 7 100
x 8 8
+ 8 100
x 9 9
+ 9 100
x 10 10
+ 10 100
x 11 11
+ 11 100
x 12 12
+ 12 100
x 13 13
x 14 14
+ 14 100
x 15 15
+ 15 100
x 16 16
+ 16 100
x 17 17
+ 17 100
x 18 18
+ 18 100
x 19 19
+ 19 100
x 20 20
+ 20 100
x 21 21
+ 21 100
x 22 22
+ 22 100
x 23 23
+ 23 100
x 24 24
x 25 25
+ 25 100
x 26 26
+ 26 100
x 27 27
+ 27 100
x 28 28
x 29 29
+ 29 100
x 30 30
+ 30 100
x 31 31
+ 31 100
x 32 32
+ 32 100
x 33 33
+ 33 100
x 34 34
x 35 35
+ 35 100
x 36 36
+ 36 100
x 37 37
+ 37 100
x 38 38
+ 38 100
x 39 39
+ 39 100
x 40 40
+ 40 100
x 41 41
x 42 42
+ 42 100
x 43 43
x 44 44
x 45 45
+ 45 100
x 46 46
x 47 47
x 48 48
+ 48 100
x 49 49
x 50 50
+ 50 100
x 51 51
x 52 52
+ 52 100
x 53 53
x 54 54
x 55 55
x 56 56
+ 56 100
x 57 57
+ 57 100
x 58 58
x 59 59
x 60 60
+ 60 100
x 61 61
+ 61 100
x 62 62
+ 62 100
x 63 63
x 64 64
+ 64 100
x 65 65
+ 65 100
x 66 66
x 67 67
+ 67 100
x 68 68
x 69 69
x 70 70
x 71 71
x 72 72
+ 72 100
x 73 73
x 74 74
x 75 75
x 76 76
x 77 77
x 78 78
+ 78 100
x 79 79
x 80 80
x 81 81
x 82 82
x 83 83
x 84 84
x 85 85
x 86 86
x 87 87
x 88 88
x 89 89
x 90 90
x 91 91
x 92 92
x 93 93
x 94 94
x 95 95
x 96 96
x 97 97
x 98 98
x 99 99
+ 100 13
+ 100 28
+ 100 41
+ 100 43
+ 100 44
+ 100 46
+ 100 47
+ 100 51
+ 100 53
+ 100 58
+ 100 59
+ 100 63
+ 100 66
+ 100 68
+ 100 75
+ 100 77
x 100 100
Case #97: 95 48
+ 1 2
+ 1 3
+ 1 4
x 1 5
+ 1 13
+ 1 15
+ 1 16
+ 1 24
+ 1 27
+ 1 30
+ 1 33
+ 1 34
+ 1 37
x 2 7
+ 2 37
+ 3 37
x 7 8
+ 7 37
+ 9 37
x 10 9
+ 12 37
x 14 12
x 15 13
+ 15 37
x 17 15
x 18 18
+ 18 37
+ 19 37
x 20 25
x 25 26
x 27 27
x 28 28
+ 28 37
x 30 29
x 32 33
x 33 34
x 34 35
x 36 36
+ 37 5
+ 37 11
+ 37 13
+ 37 14
+ 37 25
+ 37 26
+ 37 31
+ 37 32
+ 37 33
+ 37 34
Case #98: 19 0
Case #99: 288 276
o 1 1
+ 1 2
+ 1 3
+ 1 4
+ 1 6
+ 1 7
+ 1 8
+ 1 9
+ 1 10
+ 1 11
+ 1 12
+ 1 14
+ 1 15
+ 1 16
+ 1 17
+ 1 18
+ 1 19
+ 1 20
+ 1 22
+ 1 23
+ 1 24
+ 1 26
+ 1 27
+ 1 28
+ 1 29
+ 1 30
+ 1 32
+ 1 33
+ 1 34
+ 1 36
+ 1 37
+ 1 38
+ 1 39
+ 1 40
+ 1 41
+ 1 42
+ 1 43
+ 1 45
+ 1 46
+ 1 47
+ 1 48
+ 1 49
+ 1 50
+ 1 52
+ 1 53
+ 1 54
+ 1 55
+ 1 56
+ 1 58
+ 1 59
+ 1 61
+ 1 62
+ 1 64
+ 1 65
+ 1 66
+ 1 67
+ 1 68
+ 1 69
+ 1 70
+ 1 72
+ 1 73
+ 1 74
+ 1 75
+ 1 76
+ 1 77
+ 1 78
+ 1 79
+ 1 80
+ 1 81
+ 1 82
+ 1 84
+ 1 85
+ 1 87
+ 1 88
+ 1 89
+ 1 91
+ 1 92
+ 1 94
+ 1 95
+ 1 96
+ 1 97
+ 1 98
+ 1 99
+ 1 100
x 2 2
x 3 3
x 4 4
x 5 5
x 6 6
x 7 7
x 8 8
+ 8 100
x 9 9
x 10 10
x 11 11
+ 11 100
x 12 12
x 13 13
x 14 14
x 15 15
+ 15 100
x 16 16
x 17 17
x 18 18
+ 18 100
x 19 19
x 20 20
x 21 21
x 22 22
x 23 23
x 24 24
x 25 25
x 26 26
x 27 27
x 28 28
x 29 29
x 30 30
+ 30 100
x 31 31
x 32 32
x 33 33
x 34 34
x 35 35
x 36 36
x 37 37
x 38 38
x 39 39
x 40 40
x 41 41
x 42 42
x 43 43
x 44 44
+ 44 100
x 45 45
x 46 46
x 47 47
x 48 48
x 49 49
x 50 50
x 51 51
x 52 52
x 53 53
x 54 54
x 55 55
x 56 56
x 57 57
+ 57 100
x 58 58
x 59 59
x 60 60
x 61 61
x 62 62
x 63 63
x 64 64
x 65 65
x 66 66
+ 66 100
x 67 67
x 68 68
x 69 69
x 70 70
+ 70 100
x 71 71
x 72 72
x 73 73
x 74 74
x 75 75
x 76 76
+ 76 100
x 77 77
x 78 78
x 79 79
x 80 80
x 81 81
x 82 82
x 83 83
x 84 84
x 85 85
x 86 86
x 87 87
x 88 88
x 89 89
x 90 90
x 91 91
x 92 92
x 93 93
x 94 94
x 95 95
x 96 96
x 97 97
x 98 98
x 99 99
+ 100 2
+ 100 3
+ 100 4
+ 100 5
+ 100 6
+ 100 7
+ 100 9
+ 100 10
+ 100 12
+ 100 13
+ 100 14
+ 100 16
+ 100 17
+ 100 20
+ 100 21
+ 100 22
+ 100 23
+ 100 24
+ 100 25
+ 100 26
+ 100 27
+ 100 28
+ 100 29
+ 100 31
+ 100 32
+ 100 33
+ 100 34
+ 100 35
+ 100 36
+ 100 37
+ 100 38
+ 100 39
+ 100 40
+ 100 41
+ 100 42
+ 100 43
+ 100 45
+ 100 46
+ 100 47
+ 100 48
+ 100 49
+ 100 50
+ 100 51
+ 100 52
+ 100 53
+ 100 55
+ 100 56
+ 100 58
+ 100 59
+ 100 60
+ 100 61
+ 100 62
+ 100 63
+ 100 64
+ 100 65
+ 100 67
+ 100 68
+ 100 69
+ 100 71
+ 100 72
+ 100 73
+ 100 74
+ 100 75
+ 100 78
+ 100 79
+ 100 80
+ 100 81
+ 100 82
+ 100 83
+ 100 84
+ 100 85
+ 100 87
+ 100 88
+ 100 89
+ 100 90
+ 100 91
+ 100 92
+ 100 93
+ 100 95
+ 100 96
+ 100 97
+ 100 98
+ 100 99
x 100 100
Case #100: 41 22
+ 1 1
o 1 3
+ 1 5
+ 1 9
+ 1 12
+ 1 13
+ 1 14
+ 2 16
x 3 4
+ 6 16
o 7 5
x 9 9
+ 9 16
x 10 11
x 12 12
x 14 14
x 15 16
+ 16 3
+ 16 4
+ 16 5
+ 16 8
+ 16 10
