Case #1: 0 0 1 0 0 1
Case #2: IMPOSSIBLE
Case #3: 0 0 10 1 9 1
Case #4: 0 0 1 0 0 1
Case #5: 0 0 1 0 0 1
Case #6: 0 0 1 0 0 2
Case #7: 0 0 1 0 0 1
Case #8: 0 0 1 0 0 2
Case #9: 0 0 1 0 0 3
Case #10: 0 0 1 0 0 1
Case #11: 0 0 1 0 0 2
Case #12: 0 0 1 0 0 3
Case #13: 0 0 1 0 0 4
Case #14: 0 0 2 1 1 1
Case #15: 0 0 2 0 0 1
Case #16: 0 0 2 1 1 1
Case #17: 0 0 2 0 0 1
Case #18: 0 0 2 0 0 2
Case #19: 0 0 2 1 1 2
Case #20: 0 0 2 1 1 1
Case #21: 0 0 2 0 0 1
Case #22: 0 0 2 0 0 2
Case #23: 0 0 2 1 1 2
Case #24: 0 0 2 0 0 3
Case #25: 0 0 2 1 1 3
Case #26: 0 0 2 1 1 1
Case #27: 0 0 2 0 0 1
Case #28: 0 0 2 0 0 2
Case #29: 0 0 2 1 1 2
Case #30: 0 0 2 0 0 3
Case #31: 0 0 2 0 0 4
Case #32: 0 0 2 1 1 3
Case #33: 0 0 2 1 1 4
Case #34: 0 0 3 1 2 1
Case #35: 0 0 3 1 1 1
Case #36: 0 0 3 0 0 1
Case #37: 0 0 3 1 2 1
Case #38: 0 0 3 1 1 1
Case #39: 0 0 3 0 0 1
Case #40: 0 0 3 1 2 2
Case #41: 0 0 3 0 0 2
Case #42: 0 0 3 1 1 2
Case #43: 0 0 3 1 2 1
Case #44: 0 0 3 1 1 1
Case #45: 0 0 3 0 0 1
Case #46: 0 0 3 1 2 2
Case #47: 0 0 3 0 0 2
Case #48: 0 0 3 0 0 3
Case #49: 0 0 3 1 1 2
Case #50: 0 0 3 1 1 3
Case #51: 0 0 3 1 2 3
Case #52: 0 0 3 1 2 1
Case #53: 0 0 3 1 1 1
Case #54: 0 0 3 0 0 1
Case #55: 0 0 3 1 2 2
Case #56: 0 0 3 0 0 2
Case #57: 0 0 3 0 0 3
Case #58: 0 0 3 1 1 3
Case #59: 0 0 3 0 0 4
Case #60: 0 0 3 1 1 2
Case #61: 0 0 3 1 2 3
Case #62: 0 0 3 1 1 4
Case #63: 0 0 3 1 2 4
Case #64: 0 0 4 1 3 1
Case #65: 0 0 4 1 2 1
Case #66: 0 0 4 1 1 1
Case #67: 0 0 4 0 0 1
Case #68: 0 0 4 1 3 1
Case #69: 0 0 4 1 2 1
Case #70: 0 0 4 1 1 1
Case #71: 0 0 4 0 0 1
Case #72: 0 0 4 1 2 2
Case #73: 0 0 4 0 0 2
Case #74: 0 0 4 1 3 2
Case #75: 0 0 4 1 1 2
Case #76: 0 0 4 1 3 1
Case #77: 0 0 4 1 2 1
Case #78: 0 0 4 1 1 1
Case #79: 0 0 4 0 0 1
Case #80: 0 0 4 1 2 2
Case #81: 0 0 4 0 0 2
Case #82: 0 0 4 1 3 3
Case #83: 0 0 4 0 0 3
Case #84: 0 0 4 1 3 2
Case #85: 0 0 4 1 1 2
Case #86: 0 0 4 1 1 3
Case #87: 0 0 4 1 2 3
Case #88: 0 0 4 1 3 1
Case #89: 0 0 4 1 2 1
Case #90: 0 0 4 1 1 1
Case #91: 0 0 4 0 0 1
Case #92: 0 0 4 1 2 2
Case #93: 0 0 4 0 0 2
Case #94: 0 0 4 1 3 3
Case #95: 0 0 4 0 0 3
Case #96: 0 0 4 0 0 4
Case #97: 0 0 4 1 3 2
Case #98: 0 0 4 1 1 2
Case #99: 0 0 4 1 1 3
Case #100: 0 0 4 1 2 3
Case #101: 0 0 4 1 1 4
Case #102: 0 0 4 1 2 4
Case #103: 0 0 4 1 3 4
Case #104: IMPOSSIBLE
Case #105: IMPOSSIBLE
Case #106: IMPOSSIBLE
Case #107: IMPOSSIBLE
Case #108: IMPOSSIBLE
Case #109: IMPOSSIBLE
Case #110: IMPOSSIBLE
Case #111: IMPOSSIBLE
Case #112: IMPOSSIBLE
Case #113: IMPOSSIBLE
Case #114: IMPOSSIBLE
Case #115: IMPOSSIBLE
Case #116: IMPOSSIBLE
Case #117: IMPOSSIBLE
Case #118: IMPOSSIBLE
Case #119: IMPOSSIBLE
Case #120: IMPOSSIBLE
Case #121: IMPOSSIBLE
Case #122: IMPOSSIBLE
Case #123: IMPOSSIBLE
Case #124: IMPOSSIBLE
Case #125: IMPOSSIBLE
Case #126: IMPOSSIBLE
Case #127: IMPOSSIBLE
Case #128: IMPOSSIBLE
Case #129: IMPOSSIBLE
Case #130: IMPOSSIBLE
Case #131: IMPOSSIBLE
Case #132: IMPOSSIBLE
Case #133: IMPOSSIBLE
Case #134: IMPOSSIBLE
Case #135: IMPOSSIBLE
Case #136: IMPOSSIBLE
Case #137: IMPOSSIBLE
Case #138: IMPOSSIBLE
Case #139: IMPOSSIBLE
Case #140: IMPOSSIBLE
Case #141: IMPOSSIBLE
Case #142: IMPOSSIBLE
Case #143: IMPOSSIBLE
Case #144: IMPOSSIBLE
Case #145: IMPOSSIBLE
Case #146: IMPOSSIBLE
Case #147: IMPOSSIBLE
Case #148: IMPOSSIBLE
Case #149: IMPOSSIBLE
Case #150: IMPOSSIBLE
Case #151: IMPOSSIBLE
Case #152: IMPOSSIBLE
Case #153: IMPOSSIBLE
Case #154: IMPOSSIBLE
Case #155: IMPOSSIBLE
Case #156: IMPOSSIBLE
Case #157: IMPOSSIBLE
Case #158: IMPOSSIBLE
Case #159: IMPOSSIBLE
Case #160: IMPOSSIBLE
Case #161: IMPOSSIBLE
Case #162: IMPOSSIBLE
Case #163: IMPOSSIBLE
Case #164: IMPOSSIBLE
Case #165: IMPOSSIBLE
Case #166: IMPOSSIBLE
Case #167: IMPOSSIBLE
Case #168: IMPOSSIBLE
Case #169: IMPOSSIBLE
Case #170: IMPOSSIBLE
Case #171: IMPOSSIBLE
Case #172: IMPOSSIBLE
Case #173: IMPOSSIBLE
Case #174: IMPOSSIBLE
Case #175: IMPOSSIBLE
Case #176: IMPOSSIBLE
Case #177: IMPOSSIBLE
Case #178: IMPOSSIBLE
Case #179: 0 0 1 0 0 8
Case #180: 0 0 1 0 0 43
Case #181: 0 0 1 0 0 43
Case #182: 0 0 1 0 0 16
Case #183: 0 0 2 0 0 6
Case #184: 0 0 2 1 1 2
Case #185: 0 0 2 0 0 8
Case #186: 0 0 2 0 0 33
Case #187: 0 0 3 1 1 17
Case #188: 0 0 3 1 2 29
Case #189: 0 0 3 0 0 29
Case #190: 0 0 3 1 2 8
Case #191: 0 0 4 0 0 12
Case #192: 0 0 4 0 0 7
Case #193: 0 0 4 1 1 4
Case #194: 0 0 4 1 1 19
Case #195: 0 0 5 1 3 14
Case #196: 0 0 5 1 3 10
Case #197: 0 0 5 1 4 13
Case #198: 0 0 5 1 3 13
Case #199: 0 0 6 1 3 33
Case #200: 0 0 6 1 3 3
Case #201: 0 0 6 0 0 12
Case #202: 0 0 6 1 2 13
Case #203: 0 0 7 1 5 8
Case #204: 0 0 7 0 0 12
Case #205: 0 0 7 1 4 22
Case #206: 0 0 7 1 2 7
Case #207: 0 0 8 1 6 16
Case #208: 0 0 8 0 0 1
Case #209: 0 0 8 1 4 2
Case #210: 0 0 8 0 0 4
Case #211: 0 0 9 1 3 6
Case #212: 0 0 9 1 1 3
Case #213: 0 0 9 1 5 13
Case #214: 0 0 9 1 6 14
Case #215: 0 0 10 1 6 6
Case #216: 0 0 10 1 5 9
Case #217: 0 0 10 1 7 1
Case #218: 0 0 10 1 8 20
Case #219: 0 0 50 1 40 1
Case #220: 0 0 50 1 36 1
Case #221: 0 0 50 1 41 1
Case #222: 0 0 50 1 43 1
Case #223: 0 0 50 1 28 1
Case #224: 0 0 50 1 12 1
Case #225: 0 0 50 1 45 1
Case #226: 0 0 50 1 43 1
Case #227: 0 0 50 1 40 1
Case #228: 0 0 50 1 28 2
Case #229: 0 0 50 1 32 1
Case #230: 0 0 50 1 21 1
Case #231: 0 0 50 1 37 2
Case #232: 0 0 50 1 22 3
Case #233: 0 0 50 1 24 1
Case #234: 0 0 50 1 48 1
Case #235: 0 0 50 1 14 1
Case #236: 0 0 50 1 45 1
Case #237: 0 0 50 1 30 2
Case #238: 0 0 50 0 0 2
Case #239: 0 0 50 1 26 1
Case #240: 0 0 50 1 36 3
Case #241: 0 0 50 1 30 1
Case #242: 0 0 50 1 45 4
Case #243: 0 0 50 1 32 2
Case #244: 0 0 50 1 7 1
Case #245: 0 0 50 1 27 5
Case #246: 0 0 50 1 37 1
Case #247: 0 0 50 1 45 1
Case #248: 0 0 50 1 30 2
Case #249: 0 0 50 1 14 3
Case #250: 0 0 50 1 20 3
Case #251: 0 0 50 1 31 1
Case #252: 0 0 50 1 10 1
Case #253: 0 0 50 1 34 1
Case #254: 0 0 50 1 32 2
Case #255: 0 0 50 1 43 1
Case #256: 0 0 50 1 9 1
Case #257: 0 0 50 1 34 1
Case #258: 0 0 50 1 43 2
Case #259: 0 0 46 1 32 4
Case #260: 0 0 11 1 4 2
Case #261: 0 0 2 1 1 1
Case #262: 0 0 36 1 13 8
Case #263: 0 0 44 1 30 2
Case #264: 0 0 32 1 16 6
Case #265: 0 0 9 1 3 2
Case #266: 0 0 17 1 4 4
Case #267: 0 0 31 1 30 8
Case #268: 0 0 15 1 9 4
Case #269: 0 0 9 1 8 4
Case #270: 0 0 11 1 8 3
Case #271: 0 0 10 1 6 2
Case #272: 0 0 13 1 8 4
Case #273: 0 0 8 1 1 4
Case #274: 0 0 13 1 3 2
Case #275: 0 0 13 1 5 2
Case #276: 0 0 30 1 20 12
Case #277: 0 0 30 1 25 4
Case #278: 0 0 7 1 1 1
Case #279: 0 0 48 1 28 1
Case #280: 0 0 25 1 17 31
Case #281: 0 0 33 1 3 1
Case #282: 0 0 32 1 17 1
Case #283: 0 0 11 1 4 2
Case #284: 0 0 23 1 16 7
Case #285: 0 0 48 1 20 5
Case #286: 0 0 27 1 1 8
Case #287: 0 0 7 1 5 7
Case #288: 0 0 8 1 4 6
Case #289: 0 0 16 1 10 4
Case #290: 0 0 44 1 11 2
Case #291: 0 0 40 1 9 9
Case #292: 0 0 35 1 16 4
Case #293: 0 0 44 1 18 1
Case #294: 0 0 4 0 0 1
Case #295: 0 0 20 1 10 5
Case #296: 0 0 30 1 7 2
Case #297: 0 0 29 1 9 5
Case #298: 0 0 37 1 9 3
Case #299: 0 0 36 1 26 19
Case #300: 0 0 25 1 1 1
Case #301: 0 0 33 1 5 2
Case #302: 0 0 21 1 15 3
Case #303: 0 0 42 1 24 9
Case #304: 0 0 50 1 34 2
Case #305: 0 0 6 0 0 15
Case #306: 0 0 37 1 13 4
Case #307: 0 0 28 1 24 6
Case #308: 0 0 35 1 10 11
Case #309: 0 0 11 1 10 4
Case #310: 0 0 28 1 12 4
Case #311: 0 0 4 1 2 1
Case #312: 0 0 13 1 12 12
Case #313: 0 0 11 1 5 1
Case #314: 0 0 14 1 3 8
Case #315: 0 0 42 1 11 1
Case #316: 0 0 34 1 32 1
Case #317: 0 0 48 1 37 1
Case #318: 0 0 22 1 16 4
Case #319: 0 0 48 1 9 3
Case #320: 0 0 25 1 10 1
Case #321: 0 0 13 1 9 3
Case #322: 0 0 26 1 1 5
Case #323: 0 0 50 1 24 2
Case #324: 0 0 11 1 8 5
Case #325: 0 0 16 1 8 2
Case #326: 0 0 21 1 20 4
Case #327: 0 0 4 0 0 8
Case #328: 0 0 33 1 19 4
Case #329: 0 0 12 1 10 1
Case #330: 0 0 29 1 20 1
Case #331: 0 0 16 1 12 13
Case #332: 0 0 46 1 5 1
Case #333: 0 0 7 1 3 9
Case #334: 0 0 10 1 7 1
Case #335: 0 0 45 1 17 1
Case #336: 0 0 30 1 24 6
Case #337: 0 0 6 1 3 3
Case #338: 0 0 11 1 5 4
Case #339: 0 0 19 1 11 17
Case #340: 0 0 8 1 4 6
Case #341: 0 0 20 1 17 7
Case #342: 0 0 45 1 12 4
Case #343: 0 0 21 1 5 1
Case #344: 0 0 32 1 28 1
Case #345: 0 0 25 1 1 4
Case #346: 0 0 19 1 18 1
Case #347: 0 0 5 1 3 3
Case #348: 0 0 13 1 6 2
Case #349: 0 0 47 1 25 1
Case #350: 0 0 29 1 13 2
Case #351: 0 0 26 1 18 5
Case #352: 0 0 19 1 12 13
Case #353: 0 0 27 1 21 5
Case #354: 0 0 48 1 41 1
Case #355: 0 0 36 1 32 1
Case #356: 0 0 21 1 7 7
Case #357: 0 0 15 1 4 1
Case #358: 0 0 40 1 4 11
Case #359: 0 0 50 1 36 4
Case #360: 0 0 50 1 44 16
Case #361: 0 0 50 1 20 6
Case #362: 0 0 50 1 22 17
Case #363: 0 0 50 1 22 1
Case #364: 0 0 50 1 39 12
Case #365: 0 0 50 1 5 4
Case #366: 0 0 50 1 6 3
Case #367: 0 0 50 1 22 12
Case #368: 0 0 50 1 44 5
Case #369: 0 0 50 1 48 6
Case #370: 0 0 50 1 9 2
Case #371: 0 0 50 1 25 9
Case #372: 0 0 50 1 14 19
Case #373: 0 0 50 1 9 11
Case #374: 0 0 50 1 5 4
Case #375: 0 0 50 1 38 5
Case #376: 0 0 50 1 45 4
Case #377: 0 0 50 1 13 2
Case #378: 0 0 50 1 29 10
Case #379: 0 0 50 1 10 2
Case #380: 0 0 50 1 16 13
Case #381: 0 0 50 1 38 4
Case #382: 0 0 50 1 36 4
Case #383: 0 0 50 1 12 23
Case #384: 0 0 50 1 48 8
Case #385: 0 0 50 1 10 4
Case #386: 0 0 50 1 40 3
Case #387: 0 0 50 1 8 2
Case #388: 0 0 50 1 4 12
Case #389: 0 0 50 1 8 16
Case #390: 0 0 50 1 44 3
Case #391: 0 0 50 1 46 11
Case #392: 0 0 50 1 2 5
Case #393: 0 0 50 1 29 7
Case #394: 0 0 50 0 0 1
Case #395: 0 0 50 1 14 13
Case #396: 0 0 50 1 42 6
Case #397: 0 0 50 1 28 12
Case #398: 0 0 50 1 14 2
Case #399: 0 0 50 1 25 15
Case #400: 0 0 50 1 12 16
Case #401: 0 0 50 1 39 3
Case #402: 0 0 50 1 40 14
Case #403: 0 0 50 1 44 7
Case #404: 0 0 50 1 15 9
Case #405: 0 0 50 1 27 6
Case #406: 0 0 50 1 22 7
Case #407: 0 0 50 1 29 4
Case #408: 0 0 50 1 49 2
Case #409: 0 0 50 1 38 4
Case #410: 0 0 50 1 26 3
Case #411: 0 0 50 1 21 2
Case #412: 0 0 50 1 21 3
Case #413: 0 0 50 1 22 1
Case #414: 0 0 50 1 21 11
Case #415: 0 0 50 1 45 2
Case #416: 0 0 50 1 32 3
Case #417: 0 0 50 1 32 8
Case #418: 0 0 50 1 17 1
Case #419: 0 0 50 1 32 16
Case #420: 0 0 50 1 10 11
Case #421: 0 0 50 1 43 7
Case #422: 0 0 50 1 33 11
Case #423: 0 0 50 1 3 11
Case #424: 0 0 50 1 15 3
Case #425: 0 0 50 1 8 26
Case #426: 0 0 50 1 1 3
Case #427: 0 0 50 1 22 1
Case #428: 0 0 50 1 28 10
Case #429: 0 0 50 1 32 8
Case #430: 0 0 50 1 8 4
Case #431: 0 0 50 1 10 2
Case #432: 0 0 50 1 11 21
Case #433: 0 0 50 1 28 1
Case #434: 0 0 50 1 1 2
Case #435: 0 0 50 0 0 3
Case #436: 0 0 50 1 6 6
Case #437: 0 0 50 1 13 25
Case #438: 0 0 50 1 10 2
Case #439: 0 0 50 1 42 15
Case #440: 0 0 50 1 28 13
Case #441: 0 0 50 1 14 13
Case #442: 0 0 50 1 25 3
Case #443: 0 0 50 1 22 29
Case #444: 0 0 50 1 43 2
Case #445: 0 0 50 1 41 20
Case #446: 0 0 50 1 35 4
Case #447: 0 0 50 1 43 3
Case #448: 0 0 50 1 2 5
Case #449: 0 0 50 1 28 9
Case #450: 0 0 50 1 14 1
Case #451: 0 0 50 1 27 7
Case #452: 0 0 50 1 11 7
Case #453: 0 0 50 1 21 6
Case #454: 0 0 50 1 23 33
Case #455: 0 0 50 1 6 3
Case #456: 0 0 50 1 5 6
Case #457: 0 0 50 1 2 1
Case #458: 0 0 50 1 22 3
Case #459: 0 0 50 1 22 5
Case #460: 0 0 50 1 15 1
Case #461: 0 0 50 1 12 5
Case #462: 0 0 50 1 9 33
Case #463: 0 0 50 1 49 7
Case #464: 0 0 50 1 38 4
Case #465: 0 0 50 1 40 7
Case #466: 0 0 50 1 21 5
Case #467: 0 0 50 1 9 5
Case #468: 0 0 50 1 1 2
Case #469: 0 0 50 1 36 1
Case #470: 0 0 50 1 16 5
Case #471: 0 0 50 1 12 20
Case #472: 0 0 50 1 15 29
Case #473: 0 0 50 1 44 3
Case #474: 0 0 50 1 40 14
Case #475: 0 0 50 1 5 18
Case #476: 0 0 50 1 13 2
Case #477: 0 0 50 1 6 10
Case #478: 0 0 50 1 28 13
Case #479: 0 0 50 1 3 2
Case #480: 0 0 50 1 46 2
Case #481: 0 0 50 1 3 6
Case #482: 0 0 50 1 10 1
Case #483: 0 0 50 1 14 4
Case #484: 0 0 50 1 36 10
Case #485: 0 0 50 1 32 4
Case #486: 0 0 50 1 14 9
Case #487: 0 0 50 1 38 3
Case #488: 0 0 50 1 46 3
Case #489: 0 0 50 1 41 12
Case #490: 0 0 50 1 8 37
Case #491: 0 0 50 1 49 3
Case #492: 0 0 50 0 0 3
Case #493: 0 0 50 1 24 8
Case #494: 0 0 50 1 16 16
Case #495: 0 0 50 1 45 4
Case #496: 0 0 50 1 16 17
Case #497: 0 0 50 1 12 2
Case #498: 0 0 50 1 27 1
Case #499: 0 0 50 1 15 35
Case #500: 0 0 50 1 37 13
Case #501: 0 0 50 1 36 10
Case #502: 0 0 50 1 25 12
Case #503: 0 0 50 1 7 11
Case #504: 0 0 50 1 5 14
Case #505: 0 0 50 1 7 10
Case #506: 0 0 50 0 0 6
Case #507: 0 0 50 1 48 8
Case #508: 0 0 50 1 30 22
Case #509: 0 0 50 1 33 15
Case #510: 0 0 50 1 28 32
Case #511: 0 0 50 1 11 2
Case #512: 0 0 50 1 21 6
Case #513: 0 0 50 1 42 5
Case #514: 0 0 50 1 28 4
Case #515: 0 0 50 1 49 13
Case #516: 0 0 50 1 22 8
Case #517: 0 0 50 1 42 2
Case #518: 0 0 50 1 38 1
Case #519: 0 0 50 1 25 2
Case #520: 0 0 50 1 24 3
Case #521: 0 0 50 1 8 1
Case #522: 0 0 50 1 31 3
Case #523: 0 0 50 1 8 6
Case #524: 0 0 50 1 20 15
Case #525: 0 0 50 1 9 10
Case #526: 0 0 50 1 25 22
Case #527: 0 0 50 1 43 1
Case #528: 0 0 50 1 42 6
Case #529: 0 0 50 1 36 9
Case #530: 0 0 50 1 11 28
Case #531: 0 0 50 1 41 10
Case #532: 0 0 50 1 44 5
Case #533: 0 0 50 1 40 8
Case #534: 0 0 50 1 35 1
Case #535: 0 0 50 1 25 4
Case #536: 0 0 50 1 5 10
Case #537: 0 0 50 1 6 7
Case #538: 0 0 50 0 0 16
Case #539: 0 0 50 1 8 1
Case #540: 0 0 50 1 3 4
Case #541: 0 0 50 1 12 15
Case #542: 0 0 50 1 45 7
Case #543: 0 0 50 1 24 10
Case #544: 0 0 50 1 7 22
Case #545: 0 0 50 1 20 6
Case #546: 0 0 50 1 5 21
Case #547: 0 0 50 1 10 20
Case #548: 0 0 50 1 32 6
Case #549: 0 0 50 1 2 3
Case #550: 0 0 50 1 11 3
Case #551: 0 0 50 1 45 2
Case #552: 0 0 50 1 20 1
Case #553: 0 0 50 1 25 2
Case #554: 0 0 50 1 42 20
Case #555: 0 0 50 1 22 19
Case #556: 0 0 50 1 31 6
Case #557: 0 0 50 1 37 14
Case #558: 0 0 50 1 48 9
Case #559: 0 0 50 1 20 4
Case #560: 0 0 50 1 13 13
Case #561: 0 0 50 1 13 9
Case #562: 0 0 50 1 46 7
Case #563: 0 0 50 1 6 12
Case #564: 0 0 50 1 5 1
Case #565: 0 0 50 1 2 11
Case #566: 0 0 50 1 6 10
Case #567: 0 0 50 1 10 2
Case #568: 0 0 50 1 18 5
Case #569: 0 0 50 1 42 6
Case #570: 0 0 50 1 10 8
Case #571: 0 0 50 1 9 21
Case #572: 0 0 50 1 37 13
Case #573: 0 0 50 1 46 3
Case #574: 0 0 50 1 46 13
Case #575: 0 0 50 1 32 2
Case #576: 0 0 50 1 28 5
Case #577: 0 0 50 1 22 8
Case #578: 0 0 50 1 47 12
Case #579: 0 0 50 1 33 12
Case #580: 0 0 50 1 46 6
Case #581: 0 0 50 1 45 2
Case #582: 0 0 50 1 40 2
Case #583: 0 0 50 1 42 1
Case #584: 0 0 50 1 18 8
Case #585: 0 0 50 1 29 14
Case #586: 0 0 50 1 44 14
Case #587: 0 0 50 1 4 4
Case #588: 0 0 50 1 20 23
Case #589: 0 0 50 1 49 3
Case #590: 0 0 50 1 29 8
Case #591: 0 0 50 1 20 22
Case #592: 0 0 50 1 28 3
Case #593: 0 0 50 1 46 16
Case #594: 0 0 50 1 29 5
Case #595: 0 0 50 1 36 2
Case #596: 0 0 50 1 26 27
Case #597: 0 0 50 1 10 10
Case #598: 0 0 50 1 44 5
Case #599: 0 0 50 0 0 1
Case #600: 0 0 50 1 26 15
Case #601: 0 0 50 1 9 8
Case #602: 0 0 50 1 1 20
Case #603: 0 0 50 1 29 13
Case #604: 0 0 50 1 8 3
Case #605: 0 0 50 1 8 4
Case #606: 0 0 50 1 31 5
Case #607: 0 0 50 1 14 4
Case #608: 0 0 50 1 48 18
Case #609: 0 0 50 1 12 4
Case #610: 0 0 50 1 1 4
Case #611: 0 0 50 1 19 19
Case #612: 0 0 50 1 20 16
Case #613: 0 0 50 1 24 9
Case #614: 0 0 50 1 47 7
Case #615: 0 0 50 1 32 6
Case #616: 0 0 50 1 10 1
Case #617: 0 0 50 0 0 3
Case #618: 0 0 50 1 17 3
Case #619: 0 0 50 1 30 19
Case #620: 0 0 50 1 33 1
Case #621: 0 0 50 1 27 8
Case #622: 0 0 50 1 10 14
Case #623: 0 0 50 1 34 3
Case #624: 0 0 50 0 0 12
Case #625: 0 0 50 1 8 12
Case #626: 0 0 50 1 32 5
Case #627: 0 0 50 1 30 11
Case #628: 0 0 50 1 38 13
Case #629: 0 0 50 1 39 5
Case #630: 0 0 50 1 38 13
Case #631: 0 0 50 1 20 4
Case #632: 0 0 50 1 49 9
Case #633: 0 0 50 1 4 3
Case #634: 0 0 50 1 18 37
Case #635: 0 0 50 1 32 7
Case #636: 0 0 50 1 23 4
Case #637: 0 0 50 1 31 16
Case #638: 0 0 50 1 2 6
Case #639: 0 0 50 1 30 9
Case #640: 0 0 50 0 0 4
Case #641: 0 0 50 1 9 9
Case #642: 0 0 50 1 30 2
Case #643: 0 0 50 1 8 4
Case #644: 0 0 50 1 9 6
Case #645: 0 0 50 1 14 1
Case #646: 0 0 50 1 45 3
Case #647: 0 0 50 1 29 2
Case #648: 0 0 50 1 34 1
Case #649: 0 0 50 1 10 21
Case #650: 0 0 50 1 1 3
Case #651: 0 0 50 1 46 6
Case #652: 0 0 50 1 40 18
Case #653: 0 0 50 1 28 2
Case #654: 0 0 50 1 44 2
Case #655: 0 0 50 1 10 33
Case #656: 0 0 50 1 23 12
Case #657: 0 0 50 1 13 5
Case #658: 0 0 50 1 16 15
Case #659: 0 0 50 1 21 9
Case #660: 0 0 50 1 46 1
Case #661: 0 0 50 1 39 36
Case #662: 0 0 50 1 13 4
Case #663: 0 0 50 1 10 1
Case #664: 0 0 50 1 38 6
Case #665: 0 0 50 1 26 3
Case #666: 0 0 50 1 28 3
Case #667: 0 0 50 1 28 2
Case #668: 0 0 50 1 2 2
Case #669: 0 0 50 1 4 14
Case #670: 0 0 50 1 6 5
Case #671: 0 0 50 1 35 1
Case #672: 0 0 50 1 8 4
Case #673: 0 0 50 1 39 7
Case #674: 0 0 50 0 0 1
Case #675: 0 0 50 1 38 1
Case #676: 0 0 50 1 26 7
Case #677: 0 0 50 1 33 2
Case #678: 0 0 50 1 38 16
Case #679: 0 0 50 1 1 1
Case #680: 0 0 50 1 6 12
Case #681: 0 0 50 1 38 24
Case #682: 0 0 50 1 16 9
Case #683: 0 0 50 1 24 11
Case #684: 0 0 50 1 34 8
Case #685: 0 0 50 1 41 3
Case #686: 0 0 50 1 16 3
Case #687: 0 0 50 1 44 6
Case #688: 0 0 50 1 18 19
Case #689: 0 0 50 1 46 15
Case #690: 0 0 50 1 21 18
Case #691: 0 0 50 1 38 1
Case #692: 0 0 50 1 26 18
Case #693: 0 0 50 1 1 14
Case #694: 0 0 50 1 26 4
Case #695: 0 0 50 1 44 6
Case #696: 0 0 50 1 42 17
Case #697: 0 0 50 1 40 13
Case #698: 0 0 50 1 7 12
Case #699: 0 0 50 1 22 19
Case #700: 0 0 50 1 36 16
Case #701: 0 0 50 1 6 12
Case #702: 0 0 50 1 29 32
Case #703: 0 0 50 1 25 13
Case #704: 0 0 50 0 0 1
Case #705: 0 0 50 1 40 8
Case #706: 0 0 50 1 26 21
Case #707: 0 0 50 1 24 6
Case #708: 0 0 50 1 6 16
Case #709: 0 0 50 1 4 32
Case #710: 0 0 50 1 13 3
Case #711: 0 0 50 1 4 5
Case #712: 0 0 50 1 43 2
Case #713: 0 0 50 0 0 1
Case #714: 0 0 50 1 48 9
Case #715: 0 0 50 1 25 17
Case #716: 0 0 50 1 17 2
Case #717: 0 0 50 1 32 2
Case #718: 0 0 50 1 36 3
Case #719: 0 0 50 1 8 2
Case #720: 0 0 50 1 21 27
Case #721: 0 0 50 1 37 1
Case #722: 0 0 50 1 17 6
Case #723: 0 0 50 1 44 25
Case #724: 0 0 50 1 41 16
Case #725: 0 0 50 1 40 3
Case #726: 0 0 50 1 36 10
Case #727: 0 0 50 1 29 10
Case #728: 0 0 50 1 7 9
Case #729: 0 0 50 1 32 1
Case #730: 0 0 50 1 2 3
Case #731: 0 0 50 1 49 8
Case #732: 0 0 50 1 12 2
Case #733: 0 0 50 1 35 1
Case #734: 0 0 50 1 14 10
Case #735: 0 0 50 1 22 1
Case #736: 0 0 50 1 22 1
Case #737: 0 0 50 1 8 11
Case #738: 0 0 50 1 37 4
Case #739: 0 0 50 1 2 17
Case #740: 0 0 50 1 13 1
Case #741: 0 0 50 1 21 15
Case #742: 0 0 50 1 14 32
Case #743: 0 0 50 1 26 14
Case #744: 0 0 50 1 1 8
Case #745: 0 0 50 0 0 6
Case #746: 0 0 50 1 4 25
Case #747: 0 0 50 1 49 2
Case #748: 0 0 50 1 18 9
Case #749: 0 0 50 1 5 15
Case #750: 0 0 50 1 15 3
Case #751: 0 0 50 1 14 3
Case #752: 0 0 50 1 34 3
Case #753: 0 0 50 1 44 6
Case #754: 0 0 50 1 31 2
Case #755: 0 0 50 1 15 10
Case #756: 0 0 50 1 30 24
Case #757: 0 0 50 1 24 15
Case #758: 0 0 50 1 21 9
Case #759: 0 0 50 1 12 4
Case #760: 0 0 50 1 10 1
Case #761: 0 0 50 1 8 12
Case #762: 0 0 50 1 20 18
Case #763: 0 0 50 1 38 10
Case #764: 0 0 50 1 13 2
Case #765: 0 0 50 1 42 12
Case #766: 0 0 50 1 14 4
Case #767: 0 0 50 1 14 18
Case #768: 0 0 50 1 25 3
Case #769: 0 0 50 1 5 4
Case #770: 0 0 50 1 2 16
Case #771: 0 0 50 1 38 7
Case #772: 0 0 50 1 2 5
Case #773: 0 0 50 1 29 14
Case #774: 0 0 50 1 15 5
Case #775: 0 0 50 1 21 11
Case #776: 0 0 50 1 28 2
Case #777: 0 0 50 1 18 1
Case #778: 0 0 50 1 5 2
Case #779: 0 0 50 1 4 2
Case #780: 0 0 50 0 0 9
Case #781: 0 0 50 1 23 12
Case #782: 0 0 50 1 4 7
Case #783: 0 0 50 1 26 1
Case #784: 0 0 50 1 26 13
Case #785: 0 0 50 1 22 1
Case #786: 0 0 50 1 16 17
Case #787: 0 0 50 1 40 8
Case #788: 0 0 50 1 30 21
Case #789: 0 0 50 1 17 7
Case #790: 0 0 50 1 26 17
Case #791: 0 0 50 1 42 12
Case #792: 0 0 50 1 33 17
Case #793: 0 0 50 1 22 15
Case #794: 0 0 50 1 36 3
Case #795: 0 0 50 1 36 16
Case #796: 0 0 50 1 32 14
Case #797: 0 0 50 1 32 4
Case #798: 0 0 50 1 10 17
Case #799: 0 0 50 1 36 13
Case #800: 0 0 50 1 45 4
Case #801: 0 0 50 1 24 12
Case #802: 0 0 50 1 1 8
Case #803: 0 0 50 1 36 8
Case #804: 0 0 50 1 44 6
Case #805: 0 0 50 1 5 12
Case #806: 0 0 50 1 13 4
Case #807: 0 0 50 1 7 2
Case #808: 0 0 50 1 26 1
Case #809: 0 0 50 1 22 3
Case #810: 0 0 50 1 23 1
Case #811: 0 0 50 1 4 4
Case #812: 0 0 50 1 38 1
Case #813: 0 0 50 1 10 15
Case #814: 0 0 50 1 38 7
Case #815: 0 0 50 1 14 8
Case #816: 0 0 50 1 12 1
Case #817: 0 0 50 1 16 2
Case #818: 0 0 50 1 15 16
Case #819: 0 0 50 1 22 5
Case #820: 0 0 50 1 29 5
Case #821: 0 0 50 1 24 6
Case #822: 0 0 50 1 43 7
Case #823: 0 0 50 1 31 1
Case #824: 0 0 50 1 16 3
Case #825: 0 0 50 1 41 13
Case #826: 0 0 50 1 32 14
Case #827: 0 0 50 1 33 1
Case #828: 0 0 50 1 30 7
Case #829: 0 0 50 1 12 7
Case #830: 0 0 50 1 36 2
Case #831: 0 0 50 1 32 6
Case #832: 0 0 50 1 1 3
Case #833: 0 0 50 1 40 2
Case #834: 0 0 50 1 35 2
Case #835: 0 0 50 1 49 6
Case #836: 0 0 50 1 10 14
Case #837: 0 0 50 1 11 10
Case #838: 0 0 50 1 8 5
Case #839: 0 0 50 1 14 3
Case #840: 0 0 50 1 6 9
Case #841: 0 0 50 1 41 17
Case #842: 0 0 50 1 30 15
Case #843: 0 0 50 1 1 3
Case #844: 0 0 50 1 31 10
Case #845: 0 0 50 1 20 14
Case #846: 0 0 50 1 47 1
Case #847: 0 0 50 1 32 1
Case #848: 0 0 50 1 28 2
Case #849: 0 0 50 1 38 7
Case #850: 0 0 50 1 24 4
Case #851: 0 0 50 1 4 1
Case #852: 0 0 50 1 28 15
Case #853: 0 0 50 1 25 4
Case #854: 0 0 50 1 48 2
Case #855: 0 0 50 1 48 14
Case #856: 0 0 50 1 10 15
Case #857: 0 0 50 1 49 3
Case #858: 0 0 50 1 18 1
Case #859: 0 0 50 1 11 3
Case #860: 0 0 50 1 44 2
Case #861: 0 0 50 1 14 17
Case #862: 0 0 50 1 39 2
Case #863: 0 0 50 1 35 1
Case #864: 0 0 50 1 41 10
Case #865: 0 0 50 1 24 11
Case #866: 0 0 50 1 6 3
Case #867: 0 0 50 1 4 1
Case #868: 0 0 50 1 30 12
Case #869: 0 0 50 1 33 7
Case #870: 0 0 50 1 32 1
Case #871: 0 0 50 1 8 3
Case #872: 0 0 50 1 46 7
Case #873: 0 0 50 1 36 20
Case #874: 0 0 50 1 13 15
Case #875: 0 0 50 1 32 4
Case #876: 0 0 50 1 15 4
Case #877: 0 0 50 1 49 11
Case #878: 0 0 50 1 37 11
Case #879: 0 0 50 1 18 5
Case #880: 0 0 50 1 42 1
Case #881: 0 0 50 1 25 12
Case #882: 0 0 50 1 44 18
Case #883: 0 0 50 1 24 12
Case #884: 0 0 50 1 16 14
Case #885: 0 0 50 1 4 1
Case #886: 0 0 50 1 38 7
Case #887: 0 0 50 1 7 9
Case #888: 0 0 50 1 4 7
Case #889: 0 0 50 1 24 4
Case #890: 0 0 50 1 40 14
Case #891: 0 0 50 1 15 12
Case #892: 0 0 50 1 27 15
Case #893: 0 0 50 1 10 1
Case #894: 0 0 50 1 6 13
Case #895: 0 0 50 1 10 6
Case #896: 0 0 50 1 14 1
Case #897: 0 0 50 1 27 23
Case #898: 0 0 50 1 42 8
Case #899: 0 0 50 1 16 20
Case #900: 0 0 50 1 2 3
Case #901: 0 0 50 1 4 4
Case #902: 0 0 50 1 15 9
Case #903: 0 0 50 1 27 10
Case #904: 0 0 50 1 43 17
Case #905: 0 0 50 1 26 13
Case #906: 0 0 50 1 18 6
Case #907: 0 0 50 1 49 2
Case #908: 0 0 50 1 30 15
Case #909: 0 0 50 1 42 18
Case #910: 0 0 50 1 20 1
Case #911: 0 0 50 1 25 18
Case #912: 0 0 50 1 2 2
Case #913: 0 0 50 0 0 17
Case #914: 0 0 50 1 18 8
Case #915: 0 0 50 1 29 12
Case #916: 0 0 50 1 24 1
Case #917: 0 0 50 1 38 3
Case #918: 0 0 50 1 26 11
Case #919: 0 0 50 1 13 4
Case #920: 0 0 50 1 16 1
Case #921: 0 0 50 1 9 27
Case #922: 0 0 50 1 36 6
Case #923: 0 0 50 1 30 2
Case #924: 0 0 50 1 39 15
Case #925: 0 0 50 1 38 1
Case #926: 0 0 50 1 25 5
Case #927: 0 0 50 1 16 20
Case #928: 0 0 50 1 48 2
Case #929: 0 0 50 1 16 5
Case #930: 0 0 50 1 35 6
Case #931: 0 0 50 1 20 2
Case #932: 0 0 50 1 43 2
Case #933: 0 0 50 1 31 9
Case #934: 0 0 50 1 34 5
Case #935: 0 0 50 1 6 2
Case #936: 0 0 50 1 8 1
Case #937: 0 0 50 1 18 9
Case #938: 0 0 50 1 47 7
Case #939: 0 0 50 1 25 4
Case #940: 0 0 50 1 18 9
Case #941: 0 0 50 1 36 6
Case #942: 0 0 50 1 2 27
Case #943: 0 0 50 1 42 13
Case #944: 0 0 50 1 46 12
Case #945: 0 0 50 1 20 3
Case #946: 0 0 50 1 49 3
Case #947: 0 0 50 1 24 11
Case #948: 0 0 50 1 46 5
Case #949: 0 0 50 1 25 18
Case #950: 0 0 50 1 27 3
Case #951: 0 0 50 1 46 15
Case #952: 0 0 50 1 24 10
Case #953: 0 0 50 1 37 8
Case #954: 0 0 50 1 22 19
Case #955: 0 0 50 1 46 5
Case #956: 0 0 50 1 7 1
Case #957: 0 0 50 1 3 1
Case #958: 0 0 50 1 25 2
Case #959: 0 0 50 1 10 11
Case #960: 0 0 50 1 27 17
Case #961: 0 0 50 0 0 49
Case #962: 0 0 50 1 49 50
Case #963: 0 0 50 1 48 50
Case #964: 0 0 50 1 47 50
Case #965: 0 0 50 1 46 50
Case #966: 0 0 50 1 45 50
Case #967: 0 0 50 1 44 50
Case #968: 0 0 50 1 43 50
Case #969: 0 0 50 1 42 50
Case #970: 0 0 50 1 41 50
Case #971: 0 0 50 1 40 50
Case #972: 0 0 50 1 39 50
Case #973: 0 0 50 1 38 50
Case #974: 0 0 50 1 37 50
Case #975: 0 0 50 1 36 50
Case #976: 0 0 50 1 35 50
Case #977: 0 0 50 1 34 50
Case #978: 0 0 50 1 33 50
Case #979: 0 0 50 1 32 50
Case #980: 0 0 50 1 31 50
Case #981: 0 0 50 1 19 50
Case #982: 0 0 50 1 18 50
Case #983: 0 0 50 1 17 50
Case #984: 0 0 50 1 16 50
Case #985: 0 0 50 1 15 50
Case #986: 0 0 50 1 14 50
Case #987: 0 0 50 1 13 50
Case #988: 0 0 50 1 12 50
Case #989: 0 0 50 1 11 50
Case #990: 0 0 50 1 10 50
Case #991: 0 0 50 1 9 50
Case #992: 0 0 50 1 8 50
Case #993: 0 0 50 1 7 50
Case #994: 0 0 50 1 6 50
Case #995: 0 0 50 1 5 50
Case #996: 0 0 50 1 4 50
Case #997: 0 0 50 1 3 50
Case #998: 0 0 50 1 2 50
Case #999: 0 0 50 1 1 50
Case #1000: 0 0 50 0 0 50
