Case #1: 0 1
Case #2: 0 2
Case #3: 1 2
Case #4: 2 4
Case #5: 1 21
Case #6: 2 6
Case #7: 6 10
Case #8: 0 1
Case #9: 0 1
Case #10: 3 32
Case #11: 1 29
Case #12: 3 32
Case #13: 9 2
Case #14: 2 20
Case #15: 3 17
Case #16: 1 2
Case #17: 0 20
Case #18: 0 1
Case #19: 6 11
Case #20: 3 22
Case #21: 3 22
Case #22: 3 32
Case #23: 34 0
Case #24: 3 25
Case #25: 9 18
Case #26: 2 7
Case #27: 1 15
Case #28: 3 31
Case #29: 11 17
Case #30: 5 10
Case #31: 3 19
Case #32: 0 35
Case #33: 7 17
Case #34: 13 16
Case #35: 3 26
Case #36: 3 29
Case #37: 6 11
Case #38: 7 16
Case #39: 1 23
Case #40: 3 16
Case #41: 11 21
Case #42: 1 31
Case #43: 3 19
Case #44: 0 13
Case #45: 12 2
Case #46: 11 18
Case #47: 3 24
Case #48: 3 30
Case #49: 3 15
Case #50: 3 24
